Histogram summary file
11
realization
number of data
number of data trimmed
mean
standard deviation
coefficient of variation
maximum
upper quartile
median
lower quartile
minimum
   1    60000        0   0.15021214       0.97899508        0.0000000        3.9657917       0.82310534       0.15437907      -0.52927077       -3.5203238    
   2    60000        0   0.19472852        1.0300130        0.0000000        4.3329549       0.88253093       0.17808358      -0.51544738       -4.4400549    
   3    60000        0   0.86211776E-02   0.97856474        0.0000000        3.7752442       0.67590547       0.46237349E-02  -0.65595311       -3.9914916    
   4    60000        0   0.19827920       0.93154985        0.0000000        4.2801614       0.82999110       0.20342632      -0.42611685       -3.7701526    
   5    60000        0   0.18768886        1.0928589        0.0000000        5.1966972       0.91688263       0.19499737      -0.54206312       -4.2464409    
   6    60000        0   0.12408222        1.0222446        0.0000000        4.2172823       0.83488894       0.12559797      -0.58348697       -3.8214922    
   7    60000        0   0.13221744E-01    1.0069348        0.0000000        3.8549528       0.70429611       0.28276429E-01  -0.67043573       -4.5537100    
   8    60000        0   0.12874520       0.97209340        0.0000000        4.1046977       0.79473501       0.13152663      -0.53151876       -3.9253261    
   9    60000        0   0.18441665       0.94433719        0.0000000        4.2272382       0.82053256       0.18311529      -0.45723012       -3.4295607    
  10    60000        0   0.69986157E-01   0.92224783        0.0000000        4.2187009       0.69581789       0.70088014E-01  -0.56015044       -3.5794396    
  11    60000        0   0.17379971E-01   0.97464389        0.0000000        4.2051868       0.67174220       0.76422403E-02  -0.64418972       -3.8422239    
  12    60000        0   0.10982371        1.0513624        0.0000000        4.3981476       0.82900256       0.14127935      -0.57932335       -4.0243659    
  13    60000        0  -0.97482018E-01   0.98441893        0.0000000        3.8849573       0.57065356      -0.10323706      -0.75835413       -5.6908298    
  14    60000        0   0.54197274E-01   0.97174376        0.0000000        4.1494703       0.71714520       0.51303193E-01  -0.61303723       -3.8523622    
  15    60000        0  -0.13709064        1.0139464        0.0000000        4.2090058       0.56083119      -0.12150622      -0.81649160       -4.3218770    
  16    60000        0   0.53931497E-01   0.92276460        0.0000000        3.9396367       0.68471944       0.67131393E-01  -0.55854070       -4.1658974    
  17    60000        0   0.17906982       0.98645878        0.0000000        3.8269660       0.85016888       0.18234429      -0.49107543       -3.9841855    
  18    60000        0   0.11204681       0.95473582        0.0000000        3.8512840       0.75523317       0.11638917      -0.53391737       -3.5471272    
  19    60000        0   0.21728048       0.93603712        0.0000000        4.3719363       0.85375297       0.20645265      -0.42884940       -3.5828981    
  20    60000        0   0.14442387       0.97020251        0.0000000        3.7387633       0.80620790       0.15446100      -0.50510705       -4.3433180    
  21    60000        0  -0.53700123E-01    1.0044490        0.0000000        3.9343593       0.63701904      -0.43455757E-01  -0.73830235       -4.4641933    
  22    60000        0  -0.13092201E-01   0.98916376        0.0000000        3.8514285       0.65689206      -0.15601302E-01  -0.67753506       -4.0227675    
  23    60000        0   0.28572185E-03   0.96163642        0.0000000        3.8262730       0.64168262      -0.16266534E-01  -0.65874094       -3.8024487    
  24    60000        0  -0.10018477       0.96522862        0.0000000        3.5347133       0.55780613      -0.94211802E-01  -0.75277263       -4.3429070    
  25    60000        0   0.76040193E-01   0.91756493        0.0000000        3.5797777       0.69981557       0.82141846E-01  -0.54165852       -3.6300304    
  26    60000        0   0.16867794       0.98478532        0.0000000        4.1119184       0.83615756       0.16052456      -0.50565517       -3.8026967    
  27    60000        0   0.77860892E-01    1.0669986        0.0000000        4.4812169       0.80554426       0.93571894E-01  -0.64174300       -4.3476238    
  28    60000        0   0.11682883       0.95678031        0.0000000        4.0043340       0.76490366       0.11726997      -0.53432554       -3.8081529    
  29    60000        0   0.16877539       0.96137726        0.0000000        4.0406079       0.82478762       0.19143760      -0.46321484       -3.8888369    
  30    60000        0   0.20799160       0.97500366        0.0000000        4.2799897       0.86156940       0.20467123      -0.45439586       -3.7468619    
  31    60000        0   0.48333790E-01   0.95227617        0.0000000        3.6713786       0.69779098       0.55296440E-01  -0.59658378       -3.5263548    
  32    60000        0   0.18347113       0.97903997        0.0000000        4.1363435       0.85555750       0.19652633      -0.48592094       -3.4629233    
  33    60000        0   0.48680909E-01   0.92961812        0.0000000        4.1702938       0.67302668       0.43681107E-01  -0.59084523       -3.3902593    
  34    60000        0   0.15905391E-01   0.98446494        0.0000000        3.6985691       0.68028343       0.12798210E-01  -0.65093833       -3.9880605    
  35    60000        0   0.13284837        1.0214585        0.0000000        4.3115244       0.83515513       0.16530411      -0.53344500       -4.2272868    
  36    60000        0  -0.10173628       0.96409786        0.0000000        3.9994259       0.53764606      -0.11312734      -0.76068479       -3.5822425    
  37    60000        0  -0.28697744E-01    1.0416569        0.0000000        5.1944113       0.66429198      -0.34001485E-01  -0.72534901       -4.3476515    
  38    60000        0  -0.12024856E-02   0.97335458        0.0000000        4.3195491       0.65244508      -0.99892486E-02  -0.66105497       -4.4585133    
  39    60000        0   0.18585482       0.98039728        0.0000000        4.2301049       0.84255958       0.18464229      -0.47467262       -3.8107088    
  40    60000        0   0.11233173       0.97988337        0.0000000        3.8404713       0.77646434       0.12539279      -0.53397739       -4.0199203    
  41    60000        0  -0.14479941        1.0204395        0.0000000        4.0922785       0.55776584      -0.14220606      -0.84821373       -4.4093618    
  42    60000        0   0.24260791        1.0047615        0.0000000        4.5536232       0.92357314       0.25288290      -0.42830002       -3.7056847    
  43    60000        0   0.10665097       0.98192638        0.0000000        4.0279732       0.76673090       0.11374759      -0.55040771       -3.5621853    
  44    60000        0   0.12565409       0.99127007        0.0000000        4.0291939       0.80432701       0.13381580      -0.55579805       -3.6319346    
  45    60000        0  -0.42643867E-01   0.94319868        0.0000000        4.0000129       0.59917718      -0.51477525E-01  -0.69505715       -4.0284195    
  46    60000        0   0.17863904       0.98270673        0.0000000        3.7867970       0.85093260       0.18686208      -0.47843692       -3.7565103    
  47    60000        0  -0.22435334E-01   0.91328943        0.0000000        3.8248377       0.59405303      -0.18722463E-01  -0.64287925       -3.4296799    
  48    60000        0  -0.58455475E-01   0.94870740        0.0000000        3.4685335       0.57861429      -0.58401693E-01  -0.69058329       -4.4394217    
  49    60000        0   0.18110259       0.92250711        0.0000000        3.7900083       0.80881095       0.18023993      -0.44914928       -3.7331080    
  50    60000        0  -0.31343040E-02    1.0755061        0.0000000        4.2481575       0.73049521      -0.17220424E-01  -0.75100052       -3.7947881    
  51    60000        0   0.15465160        1.0009091        0.0000000        4.1187925       0.84102893       0.17338109      -0.51181984       -3.9357564    
  52    60000        0   0.14547375        1.0023167        0.0000000        4.2755671       0.81491536       0.11989940      -0.54805988       -3.8284745    
  53    60000        0   0.21431457       0.95095062        0.0000000        4.8247719       0.86412823       0.23655796      -0.41407344       -3.6804395    
  54    60000        0  -0.36273327E-01    1.0066071        0.0000000        4.2079740       0.63634813      -0.35507891E-01  -0.70955920       -4.3446312    
  55    60000        0   0.88113219E-01   0.94570541        0.0000000        3.8779664       0.73140389       0.10034211      -0.54923511       -4.0669270    
  56    60000        0  -0.91849446E-01   0.99669492        0.0000000        4.3417978       0.58103728      -0.90378754E-01  -0.75713551       -4.2732944    
  57    60000        0   0.48213646E-01   0.93859446        0.0000000        4.2188625       0.68152404       0.58410950E-01  -0.57252795       -3.9769390    
  58    60000        0  -0.54970309E-01   0.92829078        0.0000000        3.6501107       0.57725352      -0.46803888E-01  -0.67284393       -3.9779012    
  59    60000        0   0.11843432        1.0072012        0.0000000        4.1648493       0.79774851       0.11994581      -0.55214530       -3.7320552    
  60    60000        0   0.94549716E-01   0.96174496        0.0000000        4.1536655       0.74558955       0.10812237      -0.54402792       -4.2917156    
  61    60000        0   0.24006322        1.0636522        0.0000000        4.2913685       0.96340978       0.21309213      -0.50225335       -3.6908503    
  62    60000        0   0.79038203E-01    1.0146337        0.0000000        4.3530807       0.77406400       0.75039566E-01  -0.61399716       -4.3264675    
  63    60000        0   0.10336277       0.98734784        0.0000000        3.9216862       0.76110125       0.91064028E-01  -0.57205844       -3.7451005    
  64    60000        0   0.48077226E-01   0.96379054        0.0000000        3.7769394       0.69841027       0.50925005E-01  -0.60468698       -4.2139111    
  65    60000        0  -0.94982915E-01   0.98272431        0.0000000        4.0106096       0.58125782      -0.84951051E-01  -0.75563639       -4.1828389    
  66    60000        0   0.24992948E-01   0.94549447        0.0000000        4.3656464       0.66930962       0.33512596E-01  -0.60623652       -4.7072468    
  67    60000        0  -0.13253433        1.0824099        0.0000000        3.9056954       0.61095047      -0.14649573      -0.88467610       -4.2106304    
  68    60000        0  -0.81004605E-01   0.99046975        0.0000000        3.6257117       0.58589834      -0.94640814E-01  -0.76076740       -3.6346879    
  69    60000        0   0.19496961       0.97585732        0.0000000        4.4326005       0.84627634       0.18008024      -0.48168355       -4.1336756    
  70    60000        0   0.61012566E-01    1.0235077        0.0000000        3.9908581       0.77658522       0.79439558E-01  -0.63911420       -4.0588832    
  71    60000        0  -0.10170083       0.98142868        0.0000000        4.0292978       0.56755751      -0.81439778E-01  -0.74729484       -4.7167654    
  72    60000        0   0.42174697E-01   0.92252570        0.0000000        3.7090161       0.66107267       0.49156357E-01  -0.57287145       -3.9707818    
  73    60000        0   0.84360624E-02   0.99823010        0.0000000        3.7161174       0.69349724       0.27921066E-01  -0.65569770       -4.0829830    
  74    60000        0  -0.38994998E-01    1.0327114        0.0000000        4.3963647       0.66583216      -0.23870980E-01  -0.73325771       -4.0691757    
  75    60000        0   0.12681888       0.93889344        0.0000000        3.5532181       0.76517820       0.12789570      -0.51044661       -4.0701752    
  76    60000        0  -0.12535522E-02   0.95776474        0.0000000        3.8821578       0.65513122       0.11903344E-01  -0.64614582       -4.1121688    
  77    60000        0   0.13001715E-01    1.0032592        0.0000000        4.1068673       0.69144440       0.13846467E-02  -0.68085545       -4.1084208    
  78    60000        0  -0.59652388E-01   0.99683535        0.0000000        3.7363396       0.62765813      -0.46085756E-01  -0.73427880       -4.2410898    
  79    60000        0   0.21221581       0.92308575        0.0000000        4.1344323       0.83074093       0.21082662      -0.40427634       -3.6549664    
  80    60000        0   0.71562007E-01    1.0266930        0.0000000        3.9486842       0.77961683       0.69326282E-01  -0.63252956       -3.6888089    
  81    60000        0   0.59419706E-01   0.99641716        0.0000000        4.1909533       0.74092472       0.70433944E-01  -0.60928220       -4.0399170    
  82    60000        0  -0.71624387E-02    1.0227089        0.0000000        4.6010370       0.70541310       0.13342955E-01  -0.70667917       -4.0342765    
  83    60000        0   0.14484729       0.99123013        0.0000000        4.1390338       0.80757987       0.13064703      -0.52312136       -4.1183138    
  84    60000        0  -0.18480472E-01   0.98171890        0.0000000        4.1852746       0.65489531      -0.28357493E-01  -0.70395339       -4.2483816    
  85    60000        0   0.77214487E-01   0.98506504        0.0000000        4.3399029       0.74269986       0.76658346E-01  -0.58831310       -3.8249249    
  86    60000        0   0.14966138        1.0112368        0.0000000        4.2661772       0.83408642       0.14933403      -0.53395224       -4.3163662    
  87    60000        0   0.70171475E-01   0.98717904        0.0000000        3.9687150       0.74895298       0.92406079E-01  -0.59424746       -3.7302887    
  88    60000        0   0.23019415       0.96274924        0.0000000        4.2893791       0.89192688       0.23547980      -0.42046380       -3.6438470    
  89    60000        0  -0.74912037E-03   0.94094390        0.0000000        4.0355463       0.63534343      -0.64593740E-02  -0.63662159       -4.0837736    
  90    60000        0   0.23337209       0.97570521        0.0000000        4.1067357       0.90107542       0.24204338      -0.43060517       -3.8837516    
  91    60000        0   0.60193092E-01   0.93155146        0.0000000        3.8884795       0.68111962       0.48795592E-01  -0.56956309       -4.2695770    
  92    60000        0   0.66086426E-01   0.92821276        0.0000000        3.5917256       0.70063329       0.71185261E-01  -0.57082379       -3.2818518    
  93    60000        0  -0.33874098E-01   0.95389330        0.0000000        3.8343105       0.60938060      -0.34448631E-01  -0.68542314       -3.8858676    
  94    60000        0   0.50262216E-01    1.0300373        0.0000000        4.4175353       0.73721540       0.26494918E-01  -0.65537310       -3.7418551    
  95    60000        0   0.10716261        1.0621768        0.0000000        4.4148064       0.81531930       0.11325905      -0.60046244       -4.7003164    
  96    60000        0   0.47428489E-01   0.95641887        0.0000000        3.9776034       0.70665061       0.74597418E-01  -0.58292693       -4.2941551    
  97    60000        0   0.13978556        1.0057667        0.0000000        4.1686792       0.83416176       0.14037922      -0.54537112       -3.7145631    
  98    60000        0  -0.34100540E-01    1.0217983        0.0000000        3.9494519       0.64453614      -0.38551759E-01  -0.71965861       -4.2063661    
  99    60000        0  -0.44221580E-01   0.98922795        0.0000000        3.7703676       0.62901247      -0.40864404E-01  -0.71199107       -4.1493688    
 100     1334      256   0.17286203E-03   0.99904615        0.0000000        3.4322600       0.67449027       0.59567526E-06  -0.67449260       -3.0890400    
