X	Y	Z	Fi
0.5	45.5	270.5	26.120001
1.5	45.5	270.5	18.574091
2.5	45.5	270.5	22.468178
3.5	45.5	270.5	24.996037
4.5	45.5	270.5	21.015154
5.5	45.5	270.5	25.879999
6.5	45.5	270.5	25.745098
7.5	45.5	270.5	22.99358
8.5	45.5	270.5	24.757755
9.5	45.5	270.5	25.370001
10.5	45.5	270.5	26.719999
11.5	45.5	270.5	25.25
12.5	45.5	270.5	27.493998
13.5	45.5	270.5	24.40115
14.5	45.5	270.5	27.370001
15.5	45.5	270.5	23.244299
16.5	45.5	270.5	26.132242
17.5	45.5	270.5	26.145943
18.5	45.5	270.5	26.76
19.5	45.5	270.5	25.723759
20.5	45.5	270.5	25.110931
21.5	45.5	270.5	21.11062
22.5	45.5	270.5	26.147175
23.5	45.5	270.5	20.194975
24.5	45.5	270.5	11.427007
25.5	45.5	270.5	16.369167
26.5	45.5	270.5	11.247293
27.5	45.5	270.5	13.503196
28.5	45.5	270.5	21.188009
29.5	45.5	270.5	18.157516
30.5	45.5	270.5	23.180979
31.5	45.5	270.5	25.852091
32.5	45.5	270.5	24.32
33.5	45.5	270.5	26.366365
34.5	45.5	270.5	28.360851
35.5	45.5	270.5	30.34
36.5	45.5	270.5	26.652615
37.5	45.5	270.5	32
38.5	45.5	270.5	27.615137
39.5	45.5	270.5	29.42
40.5	45.5	270.5	31.031019
41.5	45.5	270.5	30.786049
42.5	45.5	270.5	30.649446
43.5	45.5	270.5	32.720001
44.5	45.5	270.5	27.758522
45.5	45.5	270.5	30.199366
46.5	45.5	270.5	28.85
47.5	45.5	270.5	27.774149
48.5	45.5	270.5	25.879412
49.5	45.5	270.5	22.809999
50.5	45.5	270.5	28.17
51.5	45.5	270.5	26.950001
52.5	45.5	270.5	25.807735
53.5	45.5	270.5	29.639999
54.5	45.5	270.5	29.574657
55.5	45.5	270.5	31.6
56.5	45.5	270.5	30.84
57.5	45.5	270.5	31.190001
58.5	45.5	270.5	32.972443
59.5	45.5	270.5	31.807722
60.5	45.5	270.5	34.801056
61.5	45.5	270.5	35.549999
62.5	45.5	270.5	32.05798
63.5	45.5	270.5	32.976967
64.5	45.5	270.5	36.849148
65.5	45.5	270.5	35.965324
66.5	45.5	270.5	34.133713
67.5	45.5	270.5	32.501335
68.5	45.5	270.5	36.837936
69.5	45.5	270.5	32.826824
70.5	45.5	270.5	34.247746
71.5	45.5	270.5	28.450001
72.5	45.5	270.5	33.1189
73.5	45.5	270.5	33.078831
74.5	45.5	270.5	36.676445
75.5	45.5	270.5	34.649097
76.5	45.5	270.5	35.173008
77.5	45.5	270.5	34.899082
78.5	45.5	270.5	36.947792
79.5	45.5	270.5	35.165665
80.5	45.5	270.5	37.030296
81.5	45.5	270.5	34.917545
82.5	45.5	270.5	28.870001
83.5	45.5	270.5	32.509998
84.5	45.5	270.5	34.521854
85.5	45.5	270.5	34.639999
86.5	45.5	270.5	35.235432
87.5	45.5	270.5	34.669998
88.5	45.5	270.5	34.648106
89.5	45.5	270.5	34.45089
90.5	45.5	270.5	32.82
91.5	45.5	270.5	33.91
92.5	45.5	270.5	32.400002
93.5	45.5	270.5	30.629999
94.5	45.5	270.5	31.985865
95.5	45.5	270.5	34.266106
96.5	45.5	270.5	33.191826
97.5	45.5	270.5	31.907162
98.5	45.5	270.5	33.883484
99.5	45.5	270.5	33.529999
0.5	45.5	271.5	24.03968
1.5	45.5	271.5	21.906879
2.5	45.5	271.5	23.241369
3.5	45.5	271.5	23.598217
4.5	45.5	271.5	24.630177
5.5	45.5	271.5	20.154593
6.5	45.5	271.5	27.049999
7.5	45.5	271.5	18.487865
8.5	45.5	271.5	15.282079
9.5	45.5	271.5	16.309999
10.5	45.5	271.5	21.125374
11.5	45.5	271.5	18.952162
12.5	45.5	271.5	19.894627
13.5	45.5	271.5	19.995401
14.5	45.5	271.5	11.280766
15.5	45.5	271.5	8.3436747
16.5	45.5	271.5	4.6637011
17.5	45.5	271.5	4.3311472
18.5	45.5	271.5	5.5202732
19.5	45.5	271.5	8.0377398
20.5	45.5	271.5	5.0336037
21.5	45.5	271.5	9.4008589
22.5	45.5	271.5	11.313519
23.5	45.5	271.5	13.123879
24.5	45.5	271.5	17.937304
25.5	45.5	271.5	12.246203
26.5	45.5	271.5	6.8266149
27.5	45.5	271.5	10.134373
28.5	45.5	271.5	21.860615
29.5	45.5	271.5	15.979255
30.5	45.5	271.5	23.683285
31.5	45.5	271.5	20.278069
32.5	45.5	271.5	24.840696
33.5	45.5	271.5	25.162384
34.5	45.5	271.5	29.719999
35.5	45.5	271.5	28.01
36.5	45.5	271.5	25.045235
37.5	45.5	271.5	32.19622
38.5	45.5	271.5	32.080002
39.5	45.5	271.5	22.85677
40.5	45.5	271.5	30.950001
41.5	45.5	271.5	30.040064
42.5	45.5	271.5	31.740561
43.5	45.5	271.5	33.75
44.5	45.5	271.5	30.620001
45.5	45.5	271.5	34.147663
46.5	45.5	271.5	31.281101
47.5	45.5	271.5	33.890877
48.5	45.5	271.5	33.396179
49.5	45.5	271.5	29.459999
50.5	45.5	271.5	29.299999
51.5	45.5	271.5	29.309999
52.5	45.5	271.5	30.901091
53.5	45.5	271.5	28.709999
54.5	45.5	271.5	30.370001
55.5	45.5	271.5	36.27
56.5	45.5	271.5	31.41
57.5	45.5	271.5	33.375237
58.5	45.5	271.5	31.036034
59.5	45.5	271.5	35.062248
60.5	45.5	271.5	29.986925
61.5	45.5	271.5	35.75964
62.5	45.5	271.5	32.099998
63.5	45.5	271.5	31.026756
64.5	45.5	271.5	31.56452
65.5	45.5	271.5	36.134064
66.5	45.5	271.5	35.37627
67.5	45.5	271.5	34.730495
68.5	45.5	271.5	33.830002
69.5	45.5	271.5	34.029999
70.5	45.5	271.5	33.494934
71.5	45.5	271.5	30.044771
72.5	45.5	271.5	35.93
73.5	45.5	271.5	34.573597
74.5	45.5	271.5	35.544182
75.5	45.5	271.5	33.142731
76.5	45.5	271.5	34.25
77.5	45.5	271.5	37.0243
78.5	45.5	271.5	36.542381
79.5	45.5	271.5	37.959999
80.5	45.5	271.5	36.198368
81.5	45.5	271.5	37.959999
82.5	45.5	271.5	33.34
83.5	45.5	271.5	36.599998
84.5	45.5	271.5	33.071991
85.5	45.5	271.5	34.407097
86.5	45.5	271.5	36.780628
87.5	45.5	271.5	36.00526
88.5	45.5	271.5	36.951664
89.5	45.5	271.5	37.055176
90.5	45.5	271.5	30.32
91.5	45.5	271.5	30.860001
92.5	45.5	271.5	35.490002
93.5	45.5	271.5	34.63319
94.5	45.5	271.5	33.35342
95.5	45.5	271.5	30.160122
96.5	45.5	271.5	29
97.5	45.5	271.5	26.33
98.5	45.5	271.5	27.93
99.5	45.5	271.5	27.599691
0.5	45.5	272.5	9.9916887
1.5	45.5	272.5	9.0849514
2.5	45.5	272.5	9.8915081
3.5	45.5	272.5	12.339313
4.5	45.5	272.5	3.9670813
5.5	45.5	272.5	6.0724645
6.5	45.5	272.5	4.273386
7.5	45.5	272.5	4.1436057
8.5	45.5	272.5	2.5747197
9.5	45.5	272.5	4.3699999
10.5	45.5	272.5	2.5983331
11.5	45.5	272.5	9.0878754
12.5	45.5	272.5	2.3076763
13.5	45.5	272.5	2.3201396
14.5	45.5	272.5	2.7044175
15.5	45.5	272.5	2.6840825
16.5	45.5	272.5	3.9850888
17.5	45.5	272.5	4.0607419
18.5	45.5	272.5	14.413952
19.5	45.5	272.5	8.6422176
20.5	45.5	272.5	6.8413715
21.5	45.5	272.5	6.6078453
22.5	45.5	272.5	7.4844379
23.5	45.5	272.5	8.2653494
24.5	45.5	272.5	2.8591061
25.5	45.5	272.5	4.4208636
26.5	45.5	272.5	2.9255013
27.5	45.5	272.5	3.9693029
28.5	45.5	272.5	2.5527873
29.5	45.5	272.5	19.472492
30.5	45.5	272.5	6.8159485
31.5	45.5	272.5	15.294426
32.5	45.5	272.5	19.458931
33.5	45.5	272.5	25.52
34.5	45.5	272.5	23.481827
35.5	45.5	272.5	23.469999
36.5	45.5	272.5	24.768562
37.5	45.5	272.5	22.941549
38.5	45.5	272.5	23.812439
39.5	45.5	272.5	18.9
40.5	45.5	272.5	25.146458
41.5	45.5	272.5	24.404177
42.5	45.5	272.5	28.16
43.5	45.5	272.5	28.139999
44.5	45.5	272.5	27.219999
45.5	45.5	272.5	30.02
46.5	45.5	272.5	28.868534
47.5	45.5	272.5	26.67
48.5	45.5	272.5	28.82
49.5	45.5	272.5	27.629999
50.5	45.5	272.5	27.5
51.5	45.5	272.5	28.700001
52.5	45.5	272.5	27.624502
53.5	45.5	272.5	31.190001
54.5	45.5	272.5	28.91
55.5	45.5	272.5	34.639999
56.5	45.5	272.5	24.98
57.5	45.5	272.5	30.036716
58.5	45.5	272.5	31.496981
59.5	45.5	272.5	30.340481
60.5	45.5	272.5	30.370001
61.5	45.5	272.5	32.441151
62.5	45.5	272.5	34.127789
63.5	45.5	272.5	36.369366
64.5	45.5	272.5	33.32
65.5	45.5	272.5	35.68
66.5	45.5	272.5	34.805542
67.5	45.5	272.5	34.033569
68.5	45.5	272.5	34.586113
69.5	45.5	272.5	33.529999
70.5	45.5	272.5	37.959999
71.5	45.5	272.5	32.934875
72.5	45.5	272.5	33.506702
73.5	45.5	272.5	35.086014
74.5	45.5	272.5	35.201439
75.5	45.5	272.5	34.398243
76.5	45.5	272.5	33.368496
77.5	45.5	272.5	34.055149
78.5	45.5	272.5	34.011936
79.5	45.5	272.5	35.93
80.5	45.5	272.5	37.786304
81.5	45.5	272.5	36.991898
82.5	45.5	272.5	37.959999
83.5	45.5	272.5	35.880001
84.5	45.5	272.5	35.527412
85.5	45.5	272.5	37.024723
86.5	45.5	272.5	36.889713
87.5	45.5	272.5	37.902889
88.5	45.5	272.5	31.87059
89.5	45.5	272.5	32.82
90.5	45.5	272.5	35.297375
91.5	45.5	272.5	31.290001
92.5	45.5	272.5	32.286682
93.5	45.5	272.5	32.439999
94.5	45.5	272.5	33.43
95.5	45.5	272.5	27.74
96.5	45.5	272.5	32.509998
97.5	45.5	272.5	29.065308
98.5	45.5	272.5	29
99.5	45.5	272.5	26.84
0.5	45.5	273.5	14.697479
1.5	45.5	273.5	6.0790224
2.5	45.5	273.5	7.0793939
3.5	45.5	273.5	11.279286
4.5	45.5	273.5	8.9389629
5.5	45.5	273.5	13.66
6.5	45.5	273.5	6.8831692
7.5	45.5	273.5	4.031178
8.5	45.5	273.5	14.027455
9.5	45.5	273.5	16.440001
10.5	45.5	273.5	12.086945
11.5	45.5	273.5	16.440001
12.5	45.5	273.5	3.9221325
13.5	45.5	273.5	6.564024
14.5	45.5	273.5	4.2193713
15.5	45.5	273.5	3.9902561
16.5	45.5	273.5	10.194997
17.5	45.5	273.5	22.51
18.5	45.5	273.5	4.6710582
19.5	45.5	273.5	4.1908207
20.5	45.5	273.5	20.551544
21.5	45.5	273.5	24.40106
22.5	45.5	273.5	12.422999
23.5	45.5	273.5	4.1719847
24.5	45.5	273.5	18.497334
25.5	45.5	273.5	4.359344
26.5	45.5	273.5	15.675122
27.5	45.5	273.5	4.5269794
28.5	45.5	273.5	7.0994096
29.5	45.5	273.5	14.417474
30.5	45.5	273.5	2.7171109
31.5	45.5	273.5	12.05422
32.5	45.5	273.5	17.719999
33.5	45.5	273.5	19.022478
34.5	45.5	273.5	8.5319929
35.5	45.5	273.5	3.9400001
36.5	45.5	273.5	8.564992
37.5	45.5	273.5	7.8860331
38.5	45.5	273.5	8.7413597
39.5	45.5	273.5	19.438532
40.5	45.5	273.5	10.548258
41.5	45.5	273.5	19.100311
42.5	45.5	273.5	15.161826
43.5	45.5	273.5	19.465439
44.5	45.5	273.5	9.3866425
45.5	45.5	273.5	24.651114
46.5	45.5	273.5	25.680401
47.5	45.5	273.5	28.309999
48.5	45.5	273.5	23.682655
49.5	45.5	273.5	24.98
50.5	45.5	273.5	22.209999
51.5	45.5	273.5	35.650002
52.5	45.5	273.5	27.605188
53.5	45.5	273.5	32.196999
54.5	45.5	273.5	31.552322
55.5	45.5	273.5	34.639999
56.5	45.5	273.5	31.6
57.5	45.5	273.5	29.43931
58.5	45.5	273.5	34.235588
59.5	45.5	273.5	32.768715
60.5	45.5	273.5	29.82716
61.5	45.5	273.5	23.918606
62.5	45.5	273.5	28.91
63.5	45.5	273.5	26.747355
64.5	45.5	273.5	27.110001
65.5	45.5	273.5	33.263474
66.5	45.5	273.5	31.553261
67.5	45.5	273.5	28.586418
68.5	45.5	273.5	28.352007
69.5	45.5	273.5	29.436052
70.5	45.5	273.5	26.35
71.5	45.5	273.5	31.220436
72.5	45.5	273.5	29.150982
73.5	45.5	273.5	30.701067
74.5	45.5	273.5	26.341503
75.5	45.5	273.5	31.559999
76.5	45.5	273.5	31.517485
77.5	45.5	273.5	33.530289
78.5	45.5	273.5	32.14431
79.5	45.5	273.5	34.898846
80.5	45.5	273.5	32.279999
81.5	45.5	273.5	34.725838
82.5	45.5	273.5	34.073948
83.5	45.5	273.5	32.91
84.5	45.5	273.5	33.989765
85.5	45.5	273.5	33.317516
86.5	45.5	273.5	33.405437
87.5	45.5	273.5	33.880001
88.5	45.5	273.5	35.437412
89.5	45.5	273.5	35.247463
90.5	45.5	273.5	35.371243
91.5	45.5	273.5	29.982815
92.5	45.5	273.5	30.983702
93.5	45.5	273.5	29.540001
94.5	45.5	273.5	35.16
95.5	45.5	273.5	28.828245
96.5	45.5	273.5	23.302183
97.5	45.5	273.5	32.790001
98.5	45.5	273.5	32.718624
99.5	45.5	273.5	31.007404
0.5	45.5	274.5	18.142422
1.5	45.5	274.5	20.203514
2.5	45.5	274.5	19.62711
3.5	45.5	274.5	19.173769
4.5	45.5	274.5	8.0561342
5.5	45.5	274.5	11.52
6.5	45.5	274.5	6.6571245
7.5	45.5	274.5	18.7195
8.5	45.5	274.5	4.1896224
9.5	45.5	274.5	4.7199998
10.5	45.5	274.5	6.0511265
11.5	45.5	274.5	17.776323
12.5	45.5	274.5	18.226192
13.5	45.5	274.5	4.1676888
14.5	45.5	274.5	4.6233187
15.5	45.5	274.5	21.016359
16.5	45.5	274.5	4.6358242
17.5	45.5	274.5	7.3625751
18.5	45.5	274.5	4.3645387
19.5	45.5	274.5	10.515952
20.5	45.5	274.5	16.108919
21.5	45.5	274.5	22.199741
22.5	45.5	274.5	7.4646869
23.5	45.5	274.5	12.533648
24.5	45.5	274.5	4.0265846
25.5	45.5	274.5	11.422823
26.5	45.5	274.5	14.239394
27.5	45.5	274.5	11.731007
28.5	45.5	274.5	19.539364
29.5	45.5	274.5	16.008909
30.5	45.5	274.5	20.198322
31.5	45.5	274.5	23.870001
32.5	45.5	274.5	22.01
33.5	45.5	274.5	15.370514
34.5	45.5	274.5	22.79656
35.5	45.5	274.5	13.4
36.5	45.5	274.5	10.127382
37.5	45.5	274.5	24.431257
38.5	45.5	274.5	24.620001
39.5	45.5	274.5	13.760801
40.5	45.5	274.5	22.923069
41.5	45.5	274.5	20.540531
42.5	45.5	274.5	7.0629821
43.5	45.5	274.5	19.709538
44.5	45.5	274.5	16.302486
45.5	45.5	274.5	19.807785
46.5	45.5	274.5	8.557621
47.5	45.5	274.5	5.1137743
48.5	45.5	274.5	4.7385345
49.5	45.5	274.5	13.28
50.5	45.5	274.5	2.52
51.5	45.5	274.5	22.51
52.5	45.5	274.5	24.724802
53.5	45.5	274.5	27.874096
54.5	45.5	274.5	25.003717
55.5	45.5	274.5	27.700001
56.5	45.5	274.5	30.709999
57.5	45.5	274.5	28.83
58.5	45.5	274.5	32.439999
59.5	45.5	274.5	28.780001
60.5	45.5	274.5	30.56522
61.5	45.5	274.5	34.049999
62.5	45.5	274.5	34.243935
63.5	45.5	274.5	30.945557
64.5	45.5	274.5	29.775803
65.5	45.5	274.5	34.869999
66.5	45.5	274.5	27.649881
67.5	45.5	274.5	31.129457
68.5	45.5	274.5	27.79011
69.5	45.5	274.5	33.91
70.5	45.5	274.5	29.190001
71.5	45.5	274.5	27.052914
72.5	45.5	274.5	24.625156
73.5	45.5	274.5	28.83
74.5	45.5	274.5	27.642553
75.5	45.5	274.5	24.973322
76.5	45.5	274.5	24.969999
77.5	45.5	274.5	26.854097
78.5	45.5	274.5	29.299999
79.5	45.5	274.5	26.049999
80.5	45.5	274.5	30.719999
81.5	45.5	274.5	34.762871
82.5	45.5	274.5	29.047464
83.5	45.5	274.5	34.52
84.5	45.5	274.5	32.062878
85.5	45.5	274.5	34.406643
86.5	45.5	274.5	29.68
87.5	45.5	274.5	29.375866
88.5	45.5	274.5	34.807777
89.5	45.5	274.5	26.090134
90.5	45.5	274.5	23.790001
91.5	45.5	274.5	23.47657
92.5	45.5	274.5	22.815372
93.5	45.5	274.5	24.677412
94.5	45.5	274.5	21.27
95.5	45.5	274.5	26.719999
96.5	45.5	274.5	25.846069
97.5	45.5	274.5	27.551619
98.5	45.5	274.5	31.940001
99.5	45.5	274.5	31.003845
0.5	45.5	275.5	32.948624
1.5	45.5	275.5	28.997307
2.5	45.5	275.5	34.701492
3.5	45.5	275.5	32.348465
4.5	45.5	275.5	27.110001
5.5	45.5	275.5	34.48
6.5	45.5	275.5	26.309177
7.5	45.5	275.5	26.040001
8.5	45.5	275.5	21.373808
9.5	45.5	275.5	27.68
10.5	45.5	275.5	21.25
11.5	45.5	275.5	20.459736
12.5	45.5	275.5	27.93
13.5	45.5	275.5	29.536007
14.5	45.5	275.5	24.278482
15.5	45.5	275.5	19.172359
16.5	45.5	275.5	8.0953541
17.5	45.5	275.5	16.865093
18.5	45.5	275.5	13.968647
19.5	45.5	275.5	13.05349
20.5	45.5	275.5	18.660086
21.5	45.5	275.5	20.791683
22.5	45.5	275.5	21.25
23.5	45.5	275.5	17.086811
24.5	45.5	275.5	16.380772
25.5	45.5	275.5	17.628893
26.5	45.5	275.5	16.401897
27.5	45.5	275.5	24.618362
28.5	45.5	275.5	24.55187
29.5	45.5	275.5	19.186085
30.5	45.5	275.5	26.15
31.5	45.5	275.5	25.309999
32.5	45.5	275.5	26.370001
33.5	45.5	275.5	29.413321
34.5	45.5	275.5	23.740578
35.5	45.5	275.5	24.969999
36.5	45.5	275.5	25.91
37.5	45.5	275.5	26.870001
38.5	45.5	275.5	22.127104
39.5	45.5	275.5	22.918982
40.5	45.5	275.5	20.128817
41.5	45.5	275.5	21.807764
42.5	45.5	275.5	16.342636
43.5	45.5	275.5	25.32
44.5	45.5	275.5	25.619246
45.5	45.5	275.5	22.313023
46.5	45.5	275.5	25.18383
47.5	45.5	275.5	16.426178
48.5	45.5	275.5	23.790001
49.5	45.5	275.5	24.969999
50.5	45.5	275.5	24.27
51.5	45.5	275.5	17.709999
52.5	45.5	275.5	26.610001
53.5	45.5	275.5	28.299999
54.5	45.5	275.5	27.110001
55.5	45.5	275.5	29.66
56.5	45.5	275.5	29.540001
57.5	45.5	275.5	27.453264
58.5	45.5	275.5	27
59.5	45.5	275.5	28.450001
60.5	45.5	275.5	31.92
61.5	45.5	275.5	31.69548
62.5	45.5	275.5	29.639999
63.5	45.5	275.5	28.809999
64.5	45.5	275.5	27.74
65.5	45.5	275.5	29.570612
66.5	45.5	275.5	28.365625
67.5	45.5	275.5	30.794111
68.5	45.5	275.5	33.05534
69.5	45.5	275.5	31.051838
70.5	45.5	275.5	32.509998
71.5	45.5	275.5	30
72.5	45.5	275.5	26.394316
73.5	45.5	275.5	27.467035
74.5	45.5	275.5	28.64048
75.5	45.5	275.5	31.018324
76.5	45.5	275.5	29.97566
77.5	45.5	275.5	33.222031
78.5	45.5	275.5	26.764551
79.5	45.5	275.5	28.028898
80.5	45.5	275.5	25.82
81.5	45.5	275.5	22.549999
82.5	45.5	275.5	28.530001
83.5	45.5	275.5	26.799999
84.5	45.5	275.5	20.941088
85.5	45.5	275.5	26.399973
86.5	45.5	275.5	20.366531
87.5	45.5	275.5	25.61252
88.5	45.5	275.5	29.780001
89.5	45.5	275.5	26.13343
90.5	45.5	275.5	28.120001
91.5	45.5	275.5	26.271687
92.5	45.5	275.5	27.992456
93.5	45.5	275.5	27.364534
94.5	45.5	275.5	28.450001
95.5	45.5	275.5	30.629999
96.5	45.5	275.5	28.620005
97.5	45.5	275.5	29.577984
98.5	45.5	275.5	25.212114
99.5	45.5	275.5	30.986166
0.5	45.5	276.5	30.0578
1.5	45.5	276.5	25.090195
2.5	45.5	276.5	27.518345
3.5	45.5	276.5	26.246529
4.5	45.5	276.5	26.4
5.5	45.5	276.5	24.51
6.5	45.5	276.5	28.03731
7.5	45.5	276.5	23.809614
8.5	45.5	276.5	22.098885
9.5	45.5	276.5	27.58
10.5	45.5	276.5	27.059999
11.5	45.5	276.5	25.041481
12.5	45.5	276.5	18.664322
13.5	45.5	276.5	21.268206
14.5	45.5	276.5	15.309566
15.5	45.5	276.5	16.374983
16.5	45.5	276.5	13.647534
17.5	45.5	276.5	17.5599
18.5	45.5	276.5	21.078613
19.5	45.5	276.5	17.97407
20.5	45.5	276.5	19.458078
21.5	45.5	276.5	25.758385
22.5	45.5	276.5	26.030523
23.5	45.5	276.5	22.309999
24.5	45.5	276.5	26.261499
25.5	45.5	276.5	30.540001
26.5	45.5	276.5	21.976738
27.5	45.5	276.5	20.802036
28.5	45.5	276.5	23.457699
29.5	45.5	276.5	28.806221
30.5	45.5	276.5	25.825794
31.5	45.5	276.5	28.995756
32.5	45.5	276.5	27.780001
33.5	45.5	276.5	25.309999
34.5	45.5	276.5	30.620001
35.5	45.5	276.5	34.330002
36.5	45.5	276.5	26.84
37.5	45.5	276.5	30.540001
38.5	45.5	276.5	25.170034
39.5	45.5	276.5	32.099998
40.5	45.5	276.5	26.524191
41.5	45.5	276.5	30.040001
42.5	45.5	276.5	29.136181
43.5	45.5	276.5	28.922012
44.5	45.5	276.5	27.012424
45.5	45.5	276.5	25.430645
46.5	45.5	276.5	25.259092
47.5	45.5	276.5	26.48
48.5	45.5	276.5	31.32
49.5	45.5	276.5	25.860001
50.5	45.5	276.5	26.01
51.5	45.5	276.5	34.400002
52.5	45.5	276.5	29.613344
53.5	45.5	276.5	30.030001
54.5	45.5	276.5	31.296169
55.5	45.5	276.5	34.41
56.5	45.5	276.5	26.610001
57.5	45.5	276.5	28.447384
58.5	45.5	276.5	30.721262
59.5	45.5	276.5	30.889999
60.5	45.5	276.5	27.93
61.5	45.5	276.5	33.977489
62.5	45.5	276.5	30.604548
63.5	45.5	276.5	29.476793
64.5	45.5	276.5	27.726955
65.5	45.5	276.5	31.15
66.5	45.5	276.5	33.911472
67.5	45.5	276.5	30.978479
68.5	45.5	276.5	30.290001
69.5	45.5	276.5	26.346653
70.5	45.5	276.5	29.652451
71.5	45.5	276.5	28.644493
72.5	45.5	276.5	30.439383
73.5	45.5	276.5	25.718185
74.5	45.5	276.5	29.843311
75.5	45.5	276.5	29.117458
76.5	45.5	276.5	28.16
77.5	45.5	276.5	23.308359
78.5	45.5	276.5	23.187197
79.5	45.5	276.5	25.83
80.5	45.5	276.5	24.187731
81.5	45.5	276.5	22.130116
82.5	45.5	276.5	23.201277
83.5	45.5	276.5	2.6600001
84.5	45.5	276.5	25.76
85.5	45.5	276.5	15.672043
86.5	45.5	276.5	27.73933
87.5	45.5	276.5	20.884541
88.5	45.5	276.5	24.392067
89.5	45.5	276.5	21.01561
90.5	45.5	276.5	15.2544
91.5	45.5	276.5	24.872267
92.5	45.5	276.5	24.51
93.5	45.5	276.5	31.822855
94.5	45.5	276.5	34.990002
95.5	45.5	276.5	34.330002
96.5	45.5	276.5	29.459999
97.5	45.5	276.5	31.831669
98.5	45.5	276.5	29.380898
99.5	45.5	276.5	32.934643
0.5	45.5	277.5	31.41
1.5	45.5	277.5	21.502789
2.5	45.5	277.5	27.632372
3.5	45.5	277.5	25.370001
4.5	45.5	277.5	23.859629
5.5	45.5	277.5	26.4
6.5	45.5	277.5	26.76
7.5	45.5	277.5	8.6455698
8.5	45.5	277.5	19.442154
9.5	45.5	277.5	8.6499996
10.5	45.5	277.5	22.707312
11.5	45.5	277.5	25.166861
12.5	45.5	277.5	24.379999
13.5	45.5	277.5	25.774107
14.5	45.5	277.5	25.110001
15.5	45.5	277.5	27.1
16.5	45.5	277.5	24.68453
17.5	45.5	277.5	26.33
18.5	45.5	277.5	22.204744
19.5	45.5	277.5	29.177443
20.5	45.5	277.5	25.777887
21.5	45.5	277.5	26.134039
22.5	45.5	277.5	15.350328
23.5	45.5	277.5	17.337336
24.5	45.5	277.5	15.376995
25.5	45.5	277.5	22.879763
26.5	45.5	277.5	17.847092
27.5	45.5	277.5	23.85371
28.5	45.5	277.5	29.301344
29.5	45.5	277.5	26.2229
30.5	45.5	277.5	14.141351
31.5	45.5	277.5	25.629999
32.5	45.5	277.5	25.57
33.5	45.5	277.5	27.69389
34.5	45.5	277.5	16.382851
35.5	45.5	277.5	18.709999
36.5	45.5	277.5	29.652353
37.5	45.5	277.5	23.87402
38.5	45.5	277.5	19.454393
39.5	45.5	277.5	24.32
40.5	45.5	277.5	29.299999
41.5	45.5	277.5	23.513773
42.5	45.5	277.5	28.02
43.5	45.5	277.5	26.870001
44.5	45.5	277.5	26.190001
45.5	45.5	277.5	30.765255
46.5	45.5	277.5	28.833811
47.5	45.5	277.5	29.6
48.5	45.5	277.5	30.040001
49.5	45.5	277.5	25.879999
50.5	45.5	277.5	28.559999
51.5	45.5	277.5	33.080002
52.5	45.5	277.5	31.83
53.5	45.5	277.5	32.549812
54.5	45.5	277.5	31.83
55.5	45.5	277.5	31.889999
56.5	45.5	277.5	24.65
57.5	45.5	277.5	28.700001
58.5	45.5	277.5	27.361031
59.5	45.5	277.5	29.708633
60.5	45.5	277.5	32.528408
61.5	45.5	277.5	31.290001
62.5	45.5	277.5	36.246525
63.5	45.5	277.5	29.380648
64.5	45.5	277.5	29.129999
65.5	45.5	277.5	28.26
66.5	45.5	277.5	27.912601
67.5	45.5	277.5	33.028244
68.5	45.5	277.5	29.639999
69.5	45.5	277.5	25.440256
70.5	45.5	277.5	27.219999
71.5	45.5	277.5	26.188643
72.5	45.5	277.5	27.749163
73.5	45.5	277.5	30.059999
74.5	45.5	277.5	33.848965
75.5	45.5	277.5	32.50375
76.5	45.5	277.5	28.309999
77.5	45.5	277.5	33.261192
78.5	45.5	277.5	36.9398
79.5	45.5	277.5	34.049999
80.5	45.5	277.5	33.429207
81.5	45.5	277.5	34.669998
82.5	45.5	277.5	28.766123
83.5	45.5	277.5	32.200001
84.5	45.5	277.5	30.84
85.5	45.5	277.5	32.578999
86.5	45.5	277.5	31.870001
87.5	45.5	277.5	29.398314
88.5	45.5	277.5	29.381626
89.5	45.5	277.5	32.833035
90.5	45.5	277.5	29.135323
91.5	45.5	277.5	27
92.5	45.5	277.5	32.720001
93.5	45.5	277.5	33.400002
94.5	45.5	277.5	35.135658
95.5	45.5	277.5	33.59314
96.5	45.5	277.5	28.839533
97.5	45.5	277.5	30.998016
98.5	45.5	277.5	34.928768
99.5	45.5	277.5	35.065544
0.5	45.5	278.5	27
1.5	45.5	278.5	19.802731
2.5	45.5	278.5	26.959677
3.5	45.5	278.5	15.262249
4.5	45.5	278.5	24.389999
5.5	45.5	278.5	22.58
6.5	45.5	278.5	28.74
7.5	45.5	278.5	21.540001
8.5	45.5	278.5	26.068899
9.5	45.5	278.5	26.85
10.5	45.5	278.5	25.51
11.5	45.5	278.5	26.516634
12.5	45.5	278.5	27.760656
13.5	45.5	278.5	26.01
14.5	45.5	278.5	28.97369
15.5	45.5	278.5	22.785198
16.5	45.5	278.5	25.178421
17.5	45.5	278.5	17.361362
18.5	45.5	278.5	18.95225
19.5	45.5	278.5	21.345264
20.5	45.5	278.5	22.851938
21.5	45.5	278.5	24.99
22.5	45.5	278.5	29.129999
23.5	45.5	278.5	25.129999
24.5	45.5	278.5	29.125896
25.5	45.5	278.5	26.005213
26.5	45.5	278.5	32.445312
27.5	45.5	278.5	28.190001
28.5	45.5	278.5	22.950001
29.5	45.5	278.5	26.294716
30.5	45.5	278.5	27.793066
31.5	45.5	278.5	29.642038
32.5	45.5	278.5	28.309999
33.5	45.5	278.5	29.450001
34.5	45.5	278.5	27.860954
35.5	45.5	278.5	32.82
36.5	45.5	278.5	31.698418
37.5	45.5	278.5	30.172142
38.5	45.5	278.5	31.52927
39.5	45.5	278.5	30.620001
40.5	45.5	278.5	33.536327
41.5	45.5	278.5	32.861309
42.5	45.5	278.5	33.34
43.5	45.5	278.5	32.095303
44.5	45.5	278.5	32.165592
45.5	45.5	278.5	28.923496
46.5	45.5	278.5	30.714987
47.5	45.5	278.5	27.57
48.5	45.5	278.5	32.448425
49.5	45.5	278.5	29.16
50.5	45.5	278.5	25.51
51.5	45.5	278.5	31.190001
52.5	45.5	278.5	29.120001
53.5	45.5	278.5	30.207737
54.5	45.5	278.5	26.89506
55.5	45.5	278.5	30.540001
56.5	45.5	278.5	27.780001
57.5	45.5	278.5	31.210718
58.5	45.5	278.5	25.039116
59.5	45.5	278.5	32.099998
60.5	45.5	278.5	30.487478
61.5	45.5	278.5	29
62.5	45.5	278.5	32.525036
63.5	45.5	278.5	27
64.5	45.5	278.5	34.029999
65.5	45.5	278.5	29.28684
66.5	45.5	278.5	32.82
67.5	45.5	278.5	34.765789
68.5	45.5	278.5	32.762653
69.5	45.5	278.5	27.780001
70.5	45.5	278.5	34.228386
71.5	45.5	278.5	34.94593
72.5	45.5	278.5	33.147129
73.5	45.5	278.5	31.484869
74.5	45.5	278.5	32.817657
75.5	45.5	278.5	32.189999
76.5	45.5	278.5	36.315979
77.5	45.5	278.5	36.563915
78.5	45.5	278.5	35.540539
79.5	45.5	278.5	36.991238
80.5	45.5	278.5	36.053493
81.5	45.5	278.5	37.959999
82.5	45.5	278.5	35.549774
83.5	45.5	278.5	35.93
84.5	45.5	278.5	37.426418
85.5	45.5	278.5	35.125374
86.5	45.5	278.5	36.382687
87.5	45.5	278.5	34.584137
88.5	45.5	278.5	34.534229
89.5	45.5	278.5	32.080002
90.5	45.5	278.5	34.551006
91.5	45.5	278.5	34.079437
92.5	45.5	278.5	30.415915
93.5	45.5	278.5	36.866241
94.5	45.5	278.5	34.330002
95.5	45.5	278.5	37.830002
96.5	45.5	278.5	35.544022
97.5	45.5	278.5	37.924908
98.5	45.5	278.5	35.772793
99.5	45.5	278.5	33.396671
0.5	45.5	279.5	28.02
1.5	45.5	279.5	27.82
2.5	45.5	279.5	29.537268
3.5	45.5	279.5	14.023106
4.5	45.5	279.5	25.370001
5.5	45.5	279.5	32.400002
6.5	45.5	279.5	30.030001
7.5	45.5	279.5	29.714907
8.5	45.5	279.5	34.745647
9.5	45.5	279.5	32.150002
10.5	45.5	279.5	30.889999
11.5	45.5	279.5	34.650002
12.5	45.5	279.5	31.912157
13.5	45.5	279.5	28.51
14.5	45.5	279.5	31.469999
15.5	45.5	279.5	29.291096
16.5	45.5	279.5	29.528778
17.5	45.5	279.5	27.81835
18.5	45.5	279.5	25.610502
19.5	45.5	279.5	17.34008
20.5	45.5	279.5	24.867094
21.5	45.5	279.5	27.163519
22.5	45.5	279.5	23.16
23.5	45.5	279.5	22.741253
24.5	45.5	279.5	20.928337
25.5	45.5	279.5	15.053529
26.5	45.5	279.5	21.092819
27.5	45.5	279.5	26.120001
28.5	45.5	279.5	23.089867
29.5	45.5	279.5	31.135342
30.5	45.5	279.5	27.049999
31.5	45.5	279.5	29.459999
32.5	45.5	279.5	33.59
33.5	45.5	279.5	28.139999
34.5	45.5	279.5	30.443039
35.5	45.5	279.5	34.130001
36.5	45.5	279.5	32.903149
37.5	45.5	279.5	35.205345
38.5	45.5	279.5	31.93161
39.5	45.5	279.5	28.617981
40.5	45.5	279.5	28.841024
41.5	45.5	279.5	30.49983
42.5	45.5	279.5	26.4
43.5	45.5	279.5	33.751495
44.5	45.5	279.5	24.758715
45.5	45.5	279.5	28.569733
46.5	45.5	279.5	26.52
47.5	45.5	279.5	24.702875
48.5	45.5	279.5	24.40382
49.5	45.5	279.5	25.719999
50.5	45.5	279.5	29.15
51.5	45.5	279.5	31.690001
52.5	45.5	279.5	31.31789
53.5	45.5	279.5	33.581387
54.5	45.5	279.5	34.330002
55.5	45.5	279.5	34.259998
56.5	45.5	279.5	29.25
57.5	45.5	279.5	29.108143
58.5	45.5	279.5	28.870001
59.5	45.5	279.5	31.611279
60.5	45.5	279.5	27.300962
61.5	45.5	279.5	29.759893
62.5	45.5	279.5	25.100863
63.5	45.5	279.5	22.75
64.5	45.5	279.5	26.4
65.5	45.5	279.5	28.781012
66.5	45.5	279.5	32
67.5	45.5	279.5	29.780001
68.5	45.5	279.5	22.930912
69.5	45.5	279.5	26.15
70.5	45.5	279.5	28.562323
71.5	45.5	279.5	30.719999
72.5	45.5	279.5	33.400002
73.5	45.5	279.5	35.98
74.5	45.5	279.5	32.935822
75.5	45.5	279.5	34.900002
76.5	45.5	279.5	31.870361
77.5	45.5	279.5	29.549999
78.5	45.5	279.5	30.18
79.5	45.5	279.5	33.491066
80.5	45.5	279.5	28.858387
81.5	45.5	279.5	30.796608
82.5	45.5	279.5	32.921059
83.5	45.5	279.5	35.380001
84.5	45.5	279.5	32.854752
85.5	45.5	279.5	33.740002
86.5	45.5	279.5	33.055664
87.5	45.5	279.5	35.432503
88.5	45.5	279.5	32.200001
89.5	45.5	279.5	33.246967
90.5	45.5	279.5	34.049999
91.5	45.5	279.5	32.540703
92.5	45.5	279.5	34.800373
93.5	45.5	279.5	35.897343
94.5	45.5	279.5	33.373486
95.5	45.5	279.5	34.553112
96.5	45.5	279.5	34.25
97.5	45.5	279.5	36.209312
98.5	45.5	279.5	34.870148
99.5	45.5	279.5	37.959999
0.5	45.5	280.5	28.120001
1.5	45.5	280.5	28.059999
2.5	45.5	280.5	30.244755
3.5	45.5	280.5	30.033415
4.5	45.5	280.5	28.5
5.5	45.5	280.5	27.030001
6.5	45.5	280.5	27.068279
7.5	45.5	280.5	23.32
8.5	45.5	280.5	31.469999
9.5	45.5	280.5	29.469999
10.5	45.5	280.5	23.471672
11.5	45.5	280.5	26.837069
12.5	45.5	280.5	26.01
13.5	45.5	280.5	28.218878
14.5	45.5	280.5	28.640196
15.5	45.5	280.5	26.26
16.5	45.5	280.5	22.98
17.5	45.5	280.5	27.575768
18.5	45.5	280.5	24.961594
19.5	45.5	280.5	29.74629
20.5	45.5	280.5	27.280489
21.5	45.5	280.5	20.955631
22.5	45.5	280.5	20.063892
23.5	45.5	280.5	24.875288
24.5	45.5	280.5	27.356812
25.5	45.5	280.5	25.471088
26.5	45.5	280.5	31.32
27.5	45.5	280.5	28.299999
28.5	45.5	280.5	22.613842
29.5	45.5	280.5	24.628559
30.5	45.5	280.5	30.02
31.5	45.5	280.5	26.850718
32.5	45.5	280.5	25.690001
33.5	45.5	280.5	26.84
34.5	45.5	280.5	29.61603
35.5	45.5	280.5	32.189999
36.5	45.5	280.5	26.528139
37.5	45.5	280.5	28.434553
38.5	45.5	280.5	27
39.5	45.5	280.5	19.36747
40.5	45.5	280.5	10.699395
41.5	45.5	280.5	27.493908
42.5	45.5	280.5	22.98
43.5	45.5	280.5	28.5
44.5	45.5	280.5	28.91
45.5	45.5	280.5	27.927172
46.5	45.5	280.5	22.809999
47.5	45.5	280.5	25.52
48.5	45.5	280.5	24.276609
49.5	45.5	280.5	23.68
50.5	45.5	280.5	27.65
51.5	45.5	280.5	34.029999
52.5	45.5	280.5	26.698957
53.5	45.5	280.5	25.895376
54.5	45.5	280.5	30.290001
55.5	45.5	280.5	32.23
56.5	45.5	280.5	28.870001
57.5	45.5	280.5	26.103981
58.5	45.5	280.5	30.04756
59.5	45.5	280.5	29.745445
60.5	45.5	280.5	30.172508
61.5	45.5	280.5	28.91
62.5	45.5	280.5	29.459999
63.5	45.5	280.5	26.750399
64.5	45.5	280.5	24.322792
65.5	45.5	280.5	27.059999
66.5	45.5	280.5	24.398272
67.5	45.5	280.5	21.25
68.5	45.5	280.5	27.02
69.5	45.5	280.5	34.131126
70.5	45.5	280.5	27.922457
71.5	45.5	280.5	27.43894
72.5	45.5	280.5	26.870001
73.5	45.5	280.5	28.309999
74.5	45.5	280.5	30.6
75.5	45.5	280.5	30.250883
76.5	45.5	280.5	32.200001
77.5	45.5	280.5	28.780001
78.5	45.5	280.5	31.143677
79.5	45.5	280.5	30.77
80.5	45.5	280.5	27.110001
81.5	45.5	280.5	28.585455
82.5	45.5	280.5	32.821133
83.5	45.5	280.5	33.43
84.5	45.5	280.5	33.321518
85.5	45.5	280.5	30.620001
86.5	45.5	280.5	35.060001
87.5	45.5	280.5	27.783169
88.5	45.5	280.5	35.93
89.5	45.5	280.5	34.51733
90.5	45.5	280.5	35.055866
91.5	45.5	280.5	34.518166
92.5	45.5	280.5	34.789253
93.5	45.5	280.5	35.413025
94.5	45.5	280.5	36.3908
95.5	45.5	280.5	37.830002
96.5	45.5	280.5	36.021809
97.5	45.5	280.5	37.959999
98.5	45.5	280.5	37.959999
99.5	45.5	280.5	37.535587
0.5	45.5	281.5	24.324148
1.5	45.5	281.5	21.119549
2.5	45.5	281.5	27.917828
3.5	45.5	281.5	26.107647
4.5	45.5	281.5	26.18565
5.5	45.5	281.5	30.620001
6.5	45.5	281.5	22.355806
7.5	45.5	281.5	24.392878
8.5	45.5	281.5	29.065046
9.5	45.5	281.5	30.450001
10.5	45.5	281.5	31.207201
11.5	45.5	281.5	34.639999
12.5	45.5	281.5	34.534676
13.5	45.5	281.5	31.937883
14.5	45.5	281.5	30.03327
15.5	45.5	281.5	30.727325
16.5	45.5	281.5	28.65
17.5	45.5	281.5	33.522099
18.5	45.5	281.5	26.76
19.5	45.5	281.5	28.870001
20.5	45.5	281.5	30.833588
21.5	45.5	281.5	31.765329
22.5	45.5	281.5	25.748682
23.5	45.5	281.5	27.93
24.5	45.5	281.5	28.610001
25.5	45.5	281.5	29.831121
26.5	45.5	281.5	29.129999
27.5	45.5	281.5	32.265064
28.5	45.5	281.5	22.092712
29.5	45.5	281.5	29.418085
30.5	45.5	281.5	24.6
31.5	45.5	281.5	19.098618
32.5	45.5	281.5	25.110001
33.5	45.5	281.5	23.027899
34.5	45.5	281.5	27.234056
35.5	45.5	281.5	26.690001
36.5	45.5	281.5	28.360001
37.5	45.5	281.5	28.281523
38.5	45.5	281.5	21.794571
39.5	45.5	281.5	28.74
40.5	45.5	281.5	23.748217
41.5	45.5	281.5	27.059999
42.5	45.5	281.5	25.110516
43.5	45.5	281.5	24.998814
44.5	45.5	281.5	26.67
45.5	45.5	281.5	25.879999
46.5	45.5	281.5	23.360001
47.5	45.5	281.5	27.544731
48.5	45.5	281.5	25.702412
49.5	45.5	281.5	26.639999
50.5	45.5	281.5	25.23
51.5	45.5	281.5	27.49
52.5	45.5	281.5	27.139711
53.5	45.5	281.5	20.806326
54.5	45.5	281.5	24.8262
55.5	45.5	281.5	34.16
56.5	45.5	281.5	24.370001
57.5	45.5	281.5	25.077639
58.5	45.5	281.5	25.860001
59.5	45.5	281.5	29.142534
60.5	45.5	281.5	21.968945
61.5	45.5	281.5	17.080341
62.5	45.5	281.5	26.273737
63.5	45.5	281.5	25.118513
64.5	45.5	281.5	27.223036
65.5	45.5	281.5	27.93
66.5	45.5	281.5	31.379326
67.5	45.5	281.5	30.018713
68.5	45.5	281.5	26.219999
69.5	45.5	281.5	31.225798
70.5	45.5	281.5	27.422531
71.5	45.5	281.5	33.740002
72.5	45.5	281.5	29.860601
73.5	45.5	281.5	30.040001
74.5	45.5	281.5	30.645254
75.5	45.5	281.5	31.996489
76.5	45.5	281.5	28.870001
77.5	45.5	281.5	24.833145
78.5	45.5	281.5	27.65
79.5	45.5	281.5	26.350737
80.5	45.5	281.5	29.6
81.5	45.5	281.5	31.214558
82.5	45.5	281.5	33.211063
83.5	45.5	281.5	31.93
84.5	45.5	281.5	34.709999
85.5	45.5	281.5	30.367434
86.5	45.5	281.5	35.656452
87.5	45.5	281.5	35.93
88.5	45.5	281.5	34.073017
89.5	45.5	281.5	31.870001
90.5	45.5	281.5	35.166649
91.5	45.5	281.5	34.774315
92.5	45.5	281.5	34.330002
93.5	45.5	281.5	35.544254
94.5	45.5	281.5	36.782562
95.5	45.5	281.5	36.782005
96.5	45.5	281.5	37.830002
97.5	45.5	281.5	37.667061
98.5	45.5	281.5	37.008446
99.5	45.5	281.5	36.75127
0.5	45.5	282.5	20.361902
1.5	45.5	282.5	23.866884
2.5	45.5	282.5	24.045431
3.5	45.5	282.5	22.20751
4.5	45.5	282.5	23.997541
5.5	45.5	282.5	24.450001
6.5	45.5	282.5	26.92041
7.5	45.5	282.5	28.056099
8.5	45.5	282.5	32.052036
9.5	45.5	282.5	34
10.5	45.5	282.5	34.863953
11.5	45.5	282.5	33.283897
12.5	45.5	282.5	34.894882
13.5	45.5	282.5	35.663795
14.5	45.5	282.5	32.189999
15.5	45.5	282.5	27
16.5	45.5	282.5	30.6
17.5	45.5	282.5	33.837444
18.5	45.5	282.5	34.04443
19.5	45.5	282.5	30.999718
20.5	45.5	282.5	28.136847
21.5	45.5	282.5	26.33
22.5	45.5	282.5	32.221596
23.5	45.5	282.5	26.368731
24.5	45.5	282.5	27.860001
25.5	45.5	282.5	24.68095
26.5	45.5	282.5	34.623444
27.5	45.5	282.5	29.057869
28.5	45.5	282.5	25.992216
29.5	45.5	282.5	24.746037
30.5	45.5	282.5	26.322916
31.5	45.5	282.5	29.553864
32.5	45.5	282.5	26.67
33.5	45.5	282.5	30.549999
34.5	45.5	282.5	23.933498
35.5	45.5	282.5	29.85
36.5	45.5	282.5	30.187685
37.5	45.5	282.5	27.424404
38.5	45.5	282.5	28.691959
39.5	45.5	282.5	28.33
40.5	45.5	282.5	23.939995
41.5	45.5	282.5	22.050121
42.5	45.5	282.5	27.110001
43.5	45.5	282.5	26.051895
44.5	45.5	282.5	22.58
45.5	45.5	282.5	27.175819
46.5	45.5	282.5	17.603729
47.5	45.5	282.5	28.35
48.5	45.5	282.5	24.625305
49.5	45.5	282.5	25.91
50.5	45.5	282.5	27.969999
51.5	45.5	282.5	31.559999
52.5	45.5	282.5	31.494633
53.5	45.5	282.5	27.110001
54.5	45.5	282.5	31.780064
55.5	45.5	282.5	30.23
56.5	45.5	282.5	27.459999
57.5	45.5	282.5	28.190001
58.5	45.5	282.5	29.09277
59.5	45.5	282.5	23.360001
60.5	45.5	282.5	22.886705
61.5	45.5	282.5	25.309671
62.5	45.5	282.5	25.940001
63.5	45.5	282.5	27.93
64.5	45.5	282.5	25.049227
65.5	45.5	282.5	23.516092
66.5	45.5	282.5	28.66
67.5	45.5	282.5	27.790436
68.5	45.5	282.5	23.740652
69.5	45.5	282.5	32
70.5	45.5	282.5	28.504833
71.5	45.5	282.5	25.91
72.5	45.5	282.5	17.303358
73.5	45.5	282.5	25.805153
74.5	45.5	282.5	21.68
75.5	45.5	282.5	25.387053
76.5	45.5	282.5	30.549999
77.5	45.5	282.5	26.892218
78.5	45.5	282.5	27.370001
79.5	45.5	282.5	31.5382
80.5	45.5	282.5	26.414457
81.5	45.5	282.5	29.549999
82.5	45.5	282.5	33.150002
83.5	45.5	282.5	33.68
84.5	45.5	282.5	32.728031
85.5	45.5	282.5	34.139999
86.5	45.5	282.5	35.134956
87.5	45.5	282.5	34.615124
88.5	45.5	282.5	30.049999
89.5	45.5	282.5	34.663349
90.5	45.5	282.5	32.098026
91.5	45.5	282.5	33.551628
92.5	45.5	282.5	34.900002
93.5	45.5	282.5	32.907665
94.5	45.5	282.5	33.883293
95.5	45.5	282.5	33.598183
96.5	45.5	282.5	35.68
97.5	45.5	282.5	37.270527
98.5	45.5	282.5	28.91
99.5	45.5	282.5	26.34363
0.5	45.5	283.5	28.780001
1.5	45.5	283.5	25.139765
2.5	45.5	283.5	24.683733
3.5	45.5	283.5	23.32266
4.5	45.5	283.5	30.6
5.5	45.5	283.5	27
6.5	45.5	283.5	28.087538
7.5	45.5	283.5	28.075542
8.5	45.5	283.5	29.82
9.5	45.5	283.5	28.030001
10.5	45.5	283.5	31.70026
11.5	45.5	283.5	27.675428
12.5	45.5	283.5	28.190001
13.5	45.5	283.5	30.370001
14.5	45.5	283.5	29.615295
15.5	45.5	283.5	28.396389
16.5	45.5	283.5	28.870001
17.5	45.5	283.5	29
18.5	45.5	283.5	27.972458
19.5	45.5	283.5	30.226994
20.5	45.5	283.5	30.34
21.5	45.5	283.5	28.184946
22.5	45.5	283.5	29.16
23.5	45.5	283.5	31.83
24.5	45.5	283.5	28.548967
25.5	45.5	283.5	35.549999
26.5	45.5	283.5	31.028934
27.5	45.5	283.5	24.334141
28.5	45.5	283.5	33.27961
29.5	45.5	283.5	32.704731
30.5	45.5	283.5	28.26
31.5	45.5	283.5	29.459999
32.5	45.5	283.5	22.870001
33.5	45.5	283.5	28.450001
34.5	45.5	283.5	28.627781
35.5	45.5	283.5	30.620001
36.5	45.5	283.5	29.104761
37.5	45.5	283.5	23.424541
38.5	45.5	283.5	24.399057
39.5	45.5	283.5	22.715538
40.5	45.5	283.5	23.120001
41.5	45.5	283.5	25.137163
42.5	45.5	283.5	22.308222
43.5	45.5	283.5	22.6
44.5	45.5	283.5	22.297049
45.5	45.5	283.5	27.603777
46.5	45.5	283.5	30.472486
47.5	45.5	283.5	20.607714
48.5	45.5	283.5	24.956421
49.5	45.5	283.5	22.440001
50.5	45.5	283.5	10.22
51.5	45.5	283.5	26.76
52.5	45.5	283.5	31.559999
53.5	45.5	283.5	27.860001
54.5	45.5	283.5	28.828899
55.5	45.5	283.5	32.82
56.5	45.5	283.5	15.35
57.5	45.5	283.5	23.998281
58.5	45.5	283.5	22.642572
59.5	45.5	283.5	25.51
60.5	45.5	283.5	27.140945
61.5	45.5	283.5	27.130386
62.5	45.5	283.5	25.875504
63.5	45.5	283.5	26.368326
64.5	45.5	283.5	25.25
65.5	45.5	283.5	22.75
66.5	45.5	283.5	22.601618
67.5	45.5	283.5	23.57
68.5	45.5	283.5	23.455334
69.5	45.5	283.5	31.450516
70.5	45.5	283.5	25.009739
71.5	45.5	283.5	25.129999
72.5	45.5	283.5	24.969999
73.5	45.5	283.5	18.593275
74.5	45.5	283.5	15.322641
75.5	45.5	283.5	28.74
76.5	45.5	283.5	20.70088
77.5	45.5	283.5	26.987902
78.5	45.5	283.5	27.030001
79.5	45.5	283.5	21.793282
80.5	45.5	283.5	27.44034
81.5	45.5	283.5	13.793781
82.5	45.5	283.5	20.823969
83.5	45.5	283.5	23.27
84.5	45.5	283.5	21.119282
85.5	45.5	283.5	27.110001
86.5	45.5	283.5	30.77
87.5	45.5	283.5	18.386969
88.5	45.5	283.5	11.314696
89.5	45.5	283.5	25.747694
90.5	45.5	283.5	27.686073
91.5	45.5	283.5	28.689962
92.5	45.5	283.5	24.640182
93.5	45.5	283.5	26.15
94.5	45.5	283.5	33.104248
95.5	45.5	283.5	24.894632
96.5	45.5	283.5	26.13353
97.5	45.5	283.5	29.719999
98.5	45.5	283.5	23.737364
99.5	45.5	283.5	28.630806
0.5	45.5	284.5	22.30098
1.5	45.5	284.5	19.536646
2.5	45.5	284.5	27.004648
3.5	45.5	284.5	25.12137
4.5	45.5	284.5	29.115749
5.5	45.5	284.5	29.17
6.5	45.5	284.5	28.025028
7.5	45.5	284.5	30.23
8.5	45.5	284.5	30.291239
9.5	45.5	284.5	32.279999
10.5	45.5	284.5	30.77
11.5	45.5	284.5	29.134449
12.5	45.5	284.5	26.183189
13.5	45.5	284.5	23.22245
14.5	45.5	284.5	28.16
15.5	45.5	284.5	27.219999
16.5	45.5	284.5	30.771223
17.5	45.5	284.5	29.485352
18.5	45.5	284.5	32.080002
19.5	45.5	284.5	30.489101
20.5	45.5	284.5	29.33695
21.5	45.5	284.5	30.171221
22.5	45.5	284.5	29.450001
23.5	45.5	284.5	29.940001
24.5	45.5	284.5	29.299999
25.5	45.5	284.5	30.379303
26.5	45.5	284.5	32.439999
27.5	45.5	284.5	25.15
28.5	45.5	284.5	26.372728
29.5	45.5	284.5	31.690001
30.5	45.5	284.5	27.639746
31.5	45.5	284.5	26.116375
32.5	45.5	284.5	23.84
33.5	45.5	284.5	28.302195
34.5	45.5	284.5	26.01
35.5	45.5	284.5	23.16
36.5	45.5	284.5	28.48
37.5	45.5	284.5	28.18
38.5	45.5	284.5	33.255058
39.5	45.5	284.5	28.190001
40.5	45.5	284.5	27.171429
41.5	45.5	284.5	21.68
42.5	45.5	284.5	22.790001
43.5	45.5	284.5	28.5
44.5	45.5	284.5	26.601561
45.5	45.5	284.5	25.309999
46.5	45.5	284.5	27.02
47.5	45.5	284.5	26.528753
48.5	45.5	284.5	31.571348
49.5	45.5	284.5	27.07
50.5	45.5	284.5	23.360001
51.5	45.5	284.5	32.540001
52.5	45.5	284.5	28.91
53.5	45.5	284.5	26.107674
54.5	45.5	284.5	27.041502
55.5	45.5	284.5	34.5
56.5	45.5	284.5	30.629999
57.5	45.5	284.5	29.701498
58.5	45.5	284.5	27.844263
59.5	45.5	284.5	30.860001
60.5	45.5	284.5	29.554785
61.5	45.5	284.5	28.391668
62.5	45.5	284.5	30.90003
63.5	45.5	284.5	31.379999
64.5	45.5	284.5	29.578411
65.5	45.5	284.5	29.920677
66.5	45.5	284.5	29.419828
67.5	45.5	284.5	28.31712
68.5	45.5	284.5	32
69.5	45.5	284.5	28.192961
70.5	45.5	284.5	25.719999
71.5	45.5	284.5	28.16
72.5	45.5	284.5	27.152651
73.5	45.5	284.5	27.957048
74.5	45.5	284.5	28.82
75.5	45.5	284.5	22.280855
76.5	45.5	284.5	27.346607
77.5	45.5	284.5	21.063663
78.5	45.5	284.5	27.602261
79.5	45.5	284.5	13.974891
80.5	45.5	284.5	22.492525
81.5	45.5	284.5	13.82941
82.5	45.5	284.5	27.758163
83.5	45.5	284.5	29.540001
84.5	45.5	284.5	26.446053
85.5	45.5	284.5	27.546036
86.5	45.5	284.5	28.309999
87.5	45.5	284.5	28.999666
88.5	45.5	284.5	26.52
89.5	45.5	284.5	20.581406
90.5	45.5	284.5	32.188332
91.5	45.5	284.5	26.208607
92.5	45.5	284.5	28.309999
93.5	45.5	284.5	30.668903
94.5	45.5	284.5	30.231302
95.5	45.5	284.5	32.312702
96.5	45.5	284.5	26.087614
97.5	45.5	284.5	26.020817
98.5	45.5	284.5	24.586861
99.5	45.5	284.5	28.85
0.5	45.5	285.5	23.113199
1.5	45.5	285.5	29.252333
2.5	45.5	285.5	26.085995
3.5	45.5	285.5	22.98
4.5	45.5	285.5	18.63673
5.5	45.5	285.5	20.07
6.5	45.5	285.5	23.871222
7.5	45.5	285.5	21.525402
8.5	45.5	285.5	25.309999
9.5	45.5	285.5	28.02
10.5	45.5	285.5	23.610001
11.5	45.5	285.5	25.504463
12.5	45.5	285.5	26.676138
13.5	45.5	285.5	29.156574
14.5	45.5	285.5	25.860001
15.5	45.5	285.5	26.350985
16.5	45.5	285.5	27.575653
17.5	45.5	285.5	29.25
18.5	45.5	285.5	33.706806
19.5	45.5	285.5	31.970848
20.5	45.5	285.5	31.670414
21.5	45.5	285.5	31.662373
22.5	45.5	285.5	32.071255
23.5	45.5	285.5	30.049137
24.5	45.5	285.5	28.832199
25.5	45.5	285.5	33.261364
26.5	45.5	285.5	30.177761
27.5	45.5	285.5	28.9937
28.5	45.5	285.5	31.283199
29.5	45.5	285.5	28.440838
30.5	45.5	285.5	31
31.5	45.5	285.5	31.906841
32.5	45.5	285.5	27.950001
33.5	45.5	285.5	29.940001
34.5	45.5	285.5	37.310001
35.5	45.5	285.5	37.959999
36.5	45.5	285.5	37.830002
37.5	45.5	285.5	37.959999
38.5	45.5	285.5	34.489307
39.5	45.5	285.5	36.02417
40.5	45.5	285.5	31.290001
41.5	45.5	285.5	32.393139
42.5	45.5	285.5	24.618
43.5	45.5	285.5	31.377542
44.5	45.5	285.5	28.936993
45.5	45.5	285.5	31.019886
46.5	45.5	285.5	23.505447
47.5	45.5	285.5	26.068539
48.5	45.5	285.5	21.788725
49.5	45.5	285.5	23.24
50.5	45.5	285.5	21.790001
51.5	45.5	285.5	31.83
52.5	45.5	285.5	31.514336
53.5	45.5	285.5	27.181995
54.5	45.5	285.5	24.338627
55.5	45.5	285.5	25.129999
56.5	45.5	285.5	24.01
57.5	45.5	285.5	27.07
58.5	45.5	285.5	29.129999
59.5	45.5	285.5	31.16132
60.5	45.5	285.5	27.251324
61.5	45.5	285.5	28.452969
62.5	45.5	285.5	28.193005
63.5	45.5	285.5	30.418587
64.5	45.5	285.5	26.83
65.5	45.5	285.5	26.358393
66.5	45.5	285.5	24.336195
67.5	45.5	285.5	29.61459
68.5	45.5	285.5	28.508549
69.5	45.5	285.5	28.014183
70.5	45.5	285.5	26.040262
71.5	45.5	285.5	27.482645
72.5	45.5	285.5	25.66342
73.5	45.5	285.5	24.402281
74.5	45.5	285.5	27.586374
75.5	45.5	285.5	28.54142
76.5	45.5	285.5	27.375471
77.5	45.5	285.5	22.149879
78.5	45.5	285.5	15.703125
79.5	45.5	285.5	17.267569
80.5	45.5	285.5	23.314215
81.5	45.5	285.5	10.695697
82.5	45.5	285.5	17.080904
83.5	45.5	285.5	23.790001
84.5	45.5	285.5	6.6176548
85.5	45.5	285.5	14.529661
86.5	45.5	285.5	13.68691
87.5	45.5	285.5	26.100109
88.5	45.5	285.5	26.970736
89.5	45.5	285.5	24.18384
90.5	45.5	285.5	25.615553
91.5	45.5	285.5	24.190001
92.5	45.5	285.5	28.91
93.5	45.5	285.5	28.33
94.5	45.5	285.5	28.693266
95.5	45.5	285.5	30.966431
96.5	45.5	285.5	26.870001
97.5	45.5	285.5	32.439999
98.5	45.5	285.5	34.178852
99.5	45.5	285.5	33.061413
0.5	45.5	286.5	32.134895
1.5	45.5	286.5	28.83
2.5	45.5	286.5	28.85
3.5	45.5	286.5	32.212009
4.5	45.5	286.5	28.059999
5.5	45.5	286.5	27.110001
6.5	45.5	286.5	27.92132
7.5	45.5	286.5	23.369537
8.5	45.5	286.5	29.167896
9.5	45.5	286.5	26.57
10.5	45.5	286.5	27.412451
11.5	45.5	286.5	32.504963
12.5	45.5	286.5	29.903887
13.5	45.5	286.5	31.212994
14.5	45.5	286.5	29.299999
15.5	45.5	286.5	30.95647
16.5	45.5	286.5	28.120001
17.5	45.5	286.5	28.190001
18.5	45.5	286.5	24.32
19.5	45.5	286.5	25.324577
20.5	45.5	286.5	30.71629
21.5	45.5	286.5	27.110001
22.5	45.5	286.5	25.83
23.5	45.5	286.5	28.026632
24.5	45.5	286.5	30.690001
25.5	45.5	286.5	22.309999
26.5	45.5	286.5	23.200001
27.5	45.5	286.5	29.836924
28.5	45.5	286.5	25.91
29.5	45.5	286.5	31.32
30.5	45.5	286.5	25.4
31.5	45.5	286.5	26.747643
32.5	45.5	286.5	22.889999
33.5	45.5	286.5	15.956758
34.5	45.5	286.5	27.788977
35.5	45.5	286.5	27.98
36.5	45.5	286.5	25.51
37.5	45.5	286.5	27.93
38.5	45.5	286.5	30.849127
39.5	45.5	286.5	25.986269
40.5	45.5	286.5	26.73
41.5	45.5	286.5	22.80442
42.5	45.5	286.5	27.954185
43.5	45.5	286.5	26.582987
44.5	45.5	286.5	22.809999
45.5	45.5	286.5	19.961777
46.5	45.5	286.5	18.879999
47.5	45.5	286.5	22.030001
48.5	45.5	286.5	21.105991
49.5	45.5	286.5	21.68
50.5	45.5	286.5	22.59
51.5	45.5	286.5	22.9
52.5	45.5	286.5	22.365488
53.5	45.5	286.5	23.780001
54.5	45.5	286.5	28.541569
55.5	45.5	286.5	25
56.5	45.5	286.5	24.5
57.5	45.5	286.5	28.129999
58.5	45.5	286.5	26.73
59.5	45.5	286.5	26.83
60.5	45.5	286.5	25.760391
61.5	45.5	286.5	23.722637
62.5	45.5	286.5	22.111456
63.5	45.5	286.5	20.84598
64.5	45.5	286.5	25.370001
65.5	45.5	286.5	26.868576
66.5	45.5	286.5	24.94158
67.5	45.5	286.5	30.359764
68.5	45.5	286.5	25.440001
69.5	45.5	286.5	27.748848
70.5	45.5	286.5	24.710901
71.5	45.5	286.5	30.899525
72.5	45.5	286.5	29.796162
73.5	45.5	286.5	28.120001
74.5	45.5	286.5	30.77343
75.5	45.5	286.5	24.0312
76.5	45.5	286.5	21.235991
77.5	45.5	286.5	25.879999
78.5	45.5	286.5	27.420704
79.5	45.5	286.5	28.129999
80.5	45.5	286.5	29.717697
81.5	45.5	286.5	29.155909
82.5	45.5	286.5	23.360001
83.5	45.5	286.5	27.110001
84.5	45.5	286.5	26.99873
85.5	45.5	286.5	24.624144
86.5	45.5	286.5	26.32
87.5	45.5	286.5	28.18
88.5	45.5	286.5	25.138861
89.5	45.5	286.5	27.030001
90.5	45.5	286.5	26.483595
91.5	45.5	286.5	31.182529
92.5	45.5	286.5	34.450001
93.5	45.5	286.5	31.23
94.5	45.5	286.5	33.531376
95.5	45.5	286.5	30.75267
96.5	45.5	286.5	32.859665
97.5	45.5	286.5	32.12468
98.5	45.5	286.5	32.736298
99.5	45.5	286.5	34.75053
0.5	45.5	287.5	32.439999
1.5	45.5	287.5	30.209999
2.5	45.5	287.5	32.681412
3.5	45.5	287.5	26.155746
4.5	45.5	287.5	29.831726
5.5	45.5	287.5	24.459999
6.5	45.5	287.5	28.91
7.5	45.5	287.5	30.326674
8.5	45.5	287.5	31.980206
9.5	45.5	287.5	32.860001
10.5	45.5	287.5	30.485971
11.5	45.5	287.5	30.621796
12.5	45.5	287.5	28.256792
13.5	45.5	287.5	29.940001
14.5	45.5	287.5	32.888142
15.5	45.5	287.5	28.256458
16.5	45.5	287.5	30.84
17.5	45.5	287.5	26.76
18.5	45.5	287.5	26.370001
19.5	45.5	287.5	26.148542
20.5	45.5	287.5	25.91
21.5	45.5	287.5	21.78792
22.5	45.5	287.5	27.545872
23.5	45.5	287.5	30.439713
24.5	45.5	287.5	29.468199
25.5	45.5	287.5	25.482628
26.5	45.5	287.5	25.386171
27.5	45.5	287.5	23.615034
28.5	45.5	287.5	21.8018
29.5	45.5	287.5	22.409435
30.5	45.5	287.5	22.202414
31.5	45.5	287.5	19.250917
32.5	45.5	287.5	22.719999
33.5	45.5	287.5	24.379574
34.5	45.5	287.5	23.780636
35.5	45.5	287.5	25.309999
36.5	45.5	287.5	21.896627
37.5	45.5	287.5	20.88409
38.5	45.5	287.5	25.15
39.5	45.5	287.5	23.120001
40.5	45.5	287.5	25.394209
41.5	45.5	287.5	22.42985
42.5	45.5	287.5	20.570539
43.5	45.5	287.5	24.32
44.5	45.5	287.5	22.3925
45.5	45.5	287.5	23.45392
46.5	45.5	287.5	26.393578
47.5	45.5	287.5	25.126122
48.5	45.5	287.5	25.230654
49.5	45.5	287.5	25.32
50.5	45.5	287.5	17.940001
51.5	45.5	287.5	21.360001
52.5	45.5	287.5	24.159794
53.5	45.5	287.5	19.198399
54.5	45.5	287.5	27.512733
55.5	45.5	287.5	24.09
56.5	45.5	287.5	17.57
57.5	45.5	287.5	20.845842
58.5	45.5	287.5	7.1022429
59.5	45.5	287.5	8.0327034
60.5	45.5	287.5	8.3898287
61.5	45.5	287.5	9.1876869
62.5	45.5	287.5	4.1706123
63.5	45.5	287.5	6.8356671
64.5	45.5	287.5	9.9426775
65.5	45.5	287.5	17.586496
66.5	45.5	287.5	19.585371
67.5	45.5	287.5	16.360863
68.5	45.5	287.5	21.57
69.5	45.5	287.5	18.132153
70.5	45.5	287.5	22.3085
71.5	45.5	287.5	22.679848
72.5	45.5	287.5	20.469313
73.5	45.5	287.5	13.518652
74.5	45.5	287.5	21.797461
75.5	45.5	287.5	15.649685
76.5	45.5	287.5	20.95244
77.5	45.5	287.5	19.786667
78.5	45.5	287.5	22.377905
79.5	45.5	287.5	20.520227
80.5	45.5	287.5	18.704252
81.5	45.5	287.5	5.4694562
82.5	45.5	287.5	6.2670183
83.5	45.5	287.5	6.73
84.5	45.5	287.5	22.730268
85.5	45.5	287.5	22.139999
86.5	45.5	287.5	18.72901
87.5	45.5	287.5	25.911022
88.5	45.5	287.5	26.61554
89.5	45.5	287.5	28.85
90.5	45.5	287.5	26.120001
91.5	45.5	287.5	20.919941
92.5	45.5	287.5	28.51
93.5	45.5	287.5	27.370001
94.5	45.5	287.5	31.248856
95.5	45.5	287.5	31.882654
96.5	45.5	287.5	30.629305
97.5	45.5	287.5	35.006889
98.5	45.5	287.5	32.367588
99.5	45.5	287.5	31.410583
0.5	45.5	288.5	33.189266
1.5	45.5	288.5	33.049999
2.5	45.5	288.5	30.363482
3.5	45.5	288.5	32.540852
4.5	45.5	288.5	30.730797
5.5	45.5	288.5	30.719999
6.5	45.5	288.5	32.104221
7.5	45.5	288.5	33.529999
8.5	45.5	288.5	32.781754
9.5	45.5	288.5	30.299999
10.5	45.5	288.5	29.85
11.5	45.5	288.5	32.400002
12.5	45.5	288.5	32.580002
13.5	45.5	288.5	32.279999
14.5	45.5	288.5	31.014767
15.5	45.5	288.5	21.854013
16.5	45.5	288.5	29.916119
17.5	45.5	288.5	30.543901
18.5	45.5	288.5	28.574856
19.5	45.5	288.5	25.665194
20.5	45.5	288.5	26.390802
21.5	45.5	288.5	29.219763
22.5	45.5	288.5	21.723316
23.5	45.5	288.5	27.03059
24.5	45.5	288.5	22.495228
25.5	45.5	288.5	27.40847
26.5	45.5	288.5	18.879999
27.5	45.5	288.5	26.870001
28.5	45.5	288.5	17.385632
29.5	45.5	288.5	18.09288
30.5	45.5	288.5	18.9
31.5	45.5	288.5	19.165583
32.5	45.5	288.5	21.110001
33.5	45.5	288.5	23.729048
34.5	45.5	288.5	23.252266
35.5	45.5	288.5	25.129999
36.5	45.5	288.5	18.675467
37.5	45.5	288.5	23.615187
38.5	45.5	288.5	26.01
39.5	45.5	288.5	19.245819
40.5	45.5	288.5	22.233101
41.5	45.5	288.5	24.51
42.5	45.5	288.5	23.940001
43.5	45.5	288.5	29.05172
44.5	45.5	288.5	6.5636296
45.5	45.5	288.5	16.569176
46.5	45.5	288.5	21.928728
47.5	45.5	288.5	25.192352
48.5	45.5	288.5	23.790001
49.5	45.5	288.5	14.782141
50.5	45.5	288.5	20.077749
51.5	45.5	288.5	20.584034
52.5	45.5	288.5	23.1
53.5	45.5	288.5	25.575695
54.5	45.5	288.5	7.2155027
55.5	45.5	288.5	16.208521
56.5	45.5	288.5	4.3462453
57.5	45.5	288.5	4.1855521
58.5	45.5	288.5	15.071412
59.5	45.5	288.5	14.489222
60.5	45.5	288.5	18.136417
61.5	45.5	288.5	26.309999
62.5	45.5	288.5	21.57
63.5	45.5	288.5	4.4303317
64.5	45.5	288.5	8.0348682
65.5	45.5	288.5	22.062658
66.5	45.5	288.5	18.147465
67.5	45.5	288.5	17.575155
68.5	45.5	288.5	15.180041
69.5	45.5	288.5	15.087593
70.5	45.5	288.5	20.560255
71.5	45.5	288.5	24.968222
72.5	45.5	288.5	22.549999
73.5	45.5	288.5	20.070591
74.5	45.5	288.5	21.279121
75.5	45.5	288.5	13.286869
76.5	45.5	288.5	21.690058
77.5	45.5	288.5	19.462101
78.5	45.5	288.5	21.108183
79.5	45.5	288.5	22.195511
80.5	45.5	288.5	22.177389
81.5	45.5	288.5	29.609413
82.5	45.5	288.5	23.589947
83.5	45.5	288.5	27.198936
84.5	45.5	288.5	22.153477
85.5	45.5	288.5	27.860001
86.5	45.5	288.5	26.905437
87.5	45.5	288.5	25.586321
88.5	45.5	288.5	27.92411
89.5	45.5	288.5	25.024137
90.5	45.5	288.5	26.589499
91.5	45.5	288.5	28.594496
92.5	45.5	288.5	31.597553
93.5	45.5	288.5	27.48629
94.5	45.5	288.5	28.450001
95.5	45.5	288.5	29.751459
96.5	45.5	288.5	28.287252
97.5	45.5	288.5	33.453144
98.5	45.5	288.5	27.0928
99.5	45.5	288.5	33.150002
0.5	45.5	289.5	24.848616
1.5	45.5	289.5	25.07802
2.5	45.5	289.5	20.80044
3.5	45.5	289.5	22.296709
4.5	45.5	289.5	14.649667
5.5	45.5	289.5	19.802637
6.5	45.5	289.5	20.023548
7.5	45.5	289.5	21.110546
8.5	45.5	289.5	20.254896
9.5	45.5	289.5	26.040001
10.5	45.5	289.5	29.881737
11.5	45.5	289.5	29.304026
12.5	45.5	289.5	26.870001
13.5	45.5	289.5	27.621431
14.5	45.5	289.5	23.640312
15.5	45.5	289.5	27.191223
16.5	45.5	289.5	26.02
17.5	45.5	289.5	26.954449
18.5	45.5	289.5	26.120001
19.5	45.5	289.5	29.545982
20.5	45.5	289.5	25.901968
21.5	45.5	289.5	20.823883
22.5	45.5	289.5	27.320185
23.5	45.5	289.5	18.9
24.5	45.5	289.5	8.6479435
25.5	45.5	289.5	15.713821
26.5	45.5	289.5	22.167253
27.5	45.5	289.5	14.412231
28.5	45.5	289.5	4.2880964
29.5	45.5	289.5	26.530613
30.5	45.5	289.5	16.709028
31.5	45.5	289.5	22.77264
32.5	45.5	289.5	29.235834
33.5	45.5	289.5	17.272499
34.5	45.5	289.5	17.343849
35.5	45.5	289.5	20.206936
36.5	45.5	289.5	14.17218
37.5	45.5	289.5	22.918369
38.5	45.5	289.5	17.716057
39.5	45.5	289.5	18.02791
40.5	45.5	289.5	21.688175
41.5	45.5	289.5	18.159506
42.5	45.5	289.5	24.059999
43.5	45.5	289.5	22.911451
44.5	45.5	289.5	20.56237
45.5	45.5	289.5	23.131157
46.5	45.5	289.5	20.07267
47.5	45.5	289.5	23.051981
48.5	45.5	289.5	10.853108
49.5	45.5	289.5	24.661327
50.5	45.5	289.5	21.538513
51.5	45.5	289.5	19.868528
52.5	45.5	289.5	25.51
53.5	45.5	289.5	21.79159
54.5	45.5	289.5	13.416139
55.5	45.5	289.5	22.419767
56.5	45.5	289.5	20.575056
57.5	45.5	289.5	24.698374
58.5	45.5	289.5	20.941069
59.5	45.5	289.5	15.203305
60.5	45.5	289.5	23.57
61.5	45.5	289.5	21.788332
62.5	45.5	289.5	18.388779
63.5	45.5	289.5	23.263536
64.5	45.5	289.5	22.174934
65.5	45.5	289.5	23.911102
66.5	45.5	289.5	23.470259
67.5	45.5	289.5	22.241123
68.5	45.5	289.5	22.189676
69.5	45.5	289.5	20.849514
70.5	45.5	289.5	25.51
71.5	45.5	289.5	18.344358
72.5	45.5	289.5	20.73
73.5	45.5	289.5	22.867048
74.5	45.5	289.5	14.422256
75.5	45.5	289.5	22.58
76.5	45.5	289.5	16.31769
77.5	45.5	289.5	26.532888
78.5	45.5	289.5	31.529249
79.5	45.5	289.5	22.51
80.5	45.5	289.5	24.059999
81.5	45.5	289.5	27.207983
82.5	45.5	289.5	25.826027
83.5	45.5	289.5	20.190979
84.5	45.5	289.5	19.81354
85.5	45.5	289.5	27.162928
86.5	45.5	289.5	22.094542
87.5	45.5	289.5	26.049999
88.5	45.5	289.5	26.040001
89.5	45.5	289.5	27.013189
90.5	45.5	289.5	30.724663
91.5	45.5	289.5	28.33
92.5	45.5	289.5	28.82
93.5	45.5	289.5	30.687193
94.5	45.5	289.5	25.34
95.5	45.5	289.5	27.57
96.5	45.5	289.5	31.379999
97.5	45.5	289.5	29.645775
98.5	45.5	289.5	27.700001
99.5	45.5	289.5	28.573895
