Histogram summary file
11
realization
number of data
number of data trimmed
mean
standard deviation
coefficient of variation
maximum
upper quartile
median
lower quartile
minimum
   1     2000        0    1995.8918        2065.6809        1.0349663        11674.185        2664.5466        1277.5759        491.91852        16.466450    
   2     2000        0    2031.4272        2216.2529        1.0909833        11054.154        2640.5266        1202.6382        446.82663        16.394129    
   3     2000        0    2059.4651        2169.9177        1.0536317        11167.080        2714.6045        1275.5239        461.65662        92.339180    
   4     2000        0    1865.1589        1981.7325        1.0625006        11285.076        2372.2053        1181.9750        487.78220        100.52000    
   5     2000        0    2113.8467        2141.4329        1.0130503        11377.623        2839.8894        1396.6339        552.75641        56.505619    
   6     2000        0    1766.9578        2046.0330        1.1579411        11393.003        2173.9561        986.56183        395.98392        35.526413    
   7     2000        0    1902.6687        1953.6632        1.0268016        10716.004        2491.0188        1197.4100        504.37927        100.52000    
   8     2000        0    1711.4169        1900.1770        1.1102947        11003.662        2290.1404        1013.2324        410.28250        1.9908299    
   9     2000        0    1872.2970        2001.9847        1.0692667        11062.341        2417.2817        1183.4077        473.23398        100.52000    
  10     2000        0    1956.2133        2183.3450        1.1161078        11512.636        2494.5527        1114.0437        421.78775        100.52000    
  11     2000        0    2098.2095        2227.1958        1.0614744        11818.108        2763.9338        1307.8813        506.08304        42.645992    
  12     2000        0    1796.3174        1898.6202        1.0569514        11644.668        2293.8198        1123.7589        466.37219        72.750954    
  13     2000        0    1938.3267        2052.7395        1.0590266        11262.072        2569.7185        1182.4197        478.24814        100.52000    
  14     2000        0    1908.9025        2033.3948        1.0652167        11798.843        2410.4653        1128.0612        463.93936        100.52000    
  15     2000        0    1926.0117        1987.8314        1.0320973        11361.027        2511.4768        1229.8831        496.74524        100.52000    
  16     2000        0    1958.2328        2128.4119        1.0869044        11994.396        2596.6052        1167.3738        446.60361        100.52000    
  17     2000        0    1966.8761        2059.7048        1.0471960        11936.662        2549.4519        1240.3296        508.81049        74.395508    
  18     2000        0    2014.7109        2063.1443        1.0240399        11505.532        2715.6772        1322.4844        478.45837        19.535957    
  19     2000        0    2326.9333        2488.5508        1.0694551        11994.963        3202.9268        1369.2734        531.20422        43.027138    
  20     2000        0    2063.9678        2164.9204        1.0489119        11215.921        2876.4905        1205.9956        454.80960        2.3618615    
  21     2000        0    1691.8390        1866.0863        1.1029929        11665.154        2181.1233        1003.0209        399.97836        29.626347    
  22     2000        0    1714.8208        1941.4153        1.1321388        11310.559        2123.2583        980.43604        409.30377        77.771599    
  23     2000        0    1655.3441        1809.5009        1.0931267        11127.573        2137.7864        1004.9332        422.16846        96.160141    
  24     2000        0    1826.8265        2017.7585        1.1045157        11359.966        2277.8801        1114.7546        445.81540        9.1414480    
  25     2000        0    2180.6458        2287.9041        1.0491866        11957.880        2846.4043        1347.2517        557.46735        100.52000    
  26     2000        0    1856.7690        1999.9703        1.0771239        11000.813        2340.8789        1144.1322        461.52246        100.52000    
  27     2000        0    1891.1094        2009.1658        1.0624270        10578.087        2374.3435        1155.8795        472.75940        52.628654    
  28     2000        0    2112.9446        2160.9041        1.0226979        11904.301        2889.2937        1322.5676        556.95691        44.756542    
  29     2000        0    1807.0652        1933.2185        1.0698111        10621.801        2383.1880        1119.6621        432.86646        18.721903    
  30     2000        0    1934.1381        1968.1273        1.0175734        10786.983        2680.2319        1239.0790        492.34424        31.056973    
  31     2000        0    2081.3240        2071.7188       0.99538505        9864.7998        2765.9348        1341.6886        566.64508        100.52000    
  32     2000        0    1717.7427        1801.4906        1.0487546        10578.651        2279.9487        1074.3776        444.97159        54.086346    
  33     2000        0    1602.8127        1747.9935        1.0905788        10817.814        2016.9252        1023.6469        421.89566        100.52000    
  34     2000        0    1867.5829        1957.6017        1.0482007        11139.623        2399.2356        1186.5814        446.86240        1.1916436    
  35     2000        0    2007.7375        2176.8906        1.0842506        11796.891        2607.9336        1201.7775        466.93600        100.52000    
  36     2000        0    1884.1638        2015.0094        1.0694449        11596.045        2332.5637        1147.4288        498.82666        100.52000    
  37     2000        0    1835.8157        1944.9432        1.0594436        11901.971        2347.0342        1158.9117        472.85202        100.52000    
  38     2000        0    2013.2389        2147.9634        1.0669192        11712.209        2568.8789        1244.1238        482.18668        51.473557    
  39     2000        0    1685.1559        1908.8901        1.1327677        11193.766        2158.0710        1006.3412        408.66302        57.740318    
  40     2000        0    2200.4878        2386.6677        1.0846086        11895.675        3036.1265        1282.9177        445.63803        49.729458    
  41     2000        0    1822.3934        2189.6248        1.2015104        11939.495        2289.0281        956.93878        385.27164        26.091190    
  42     2000        0    1992.4097        1997.6721        1.0026413        9919.1738        2572.6772        1321.9890        552.29083        100.52000    
  43     2000        0    1768.7556        1881.8717        1.0639523        11090.564        2282.2383        1097.7242        456.13068        81.401711    
  44     2000        0    1940.7509        2163.1746        1.1146071        11425.561        2491.1750        1142.4585        408.09845        3.9430366    
  45     2000        0    1907.1127        2039.7498        1.0695486        10561.379        2622.3464        1160.4048        424.45917        100.52000    
  46     2000        0    1841.6792        1929.1952        1.0475197        11032.221        2336.4409        1148.9554        476.36319        77.051338    
  47     2000        0    1873.7152        1953.3940        1.0425245        11714.854        2453.8625        1155.4620        490.81387        6.1199431    
  48     2000        0    1957.1794        1956.2427       0.99952137        11044.819        2540.8452        1256.3268        573.40936        100.52000    
  49     2000        0    1873.7920        1993.7751        1.0640323        11195.287        2491.7451        1155.2665        462.46222        100.52000    
  50     2000        0    1844.7321        2037.4695        1.1044799        11273.138        2316.4536        1115.0577        450.88110        100.52000    
  51     2000        0    1946.8806        2032.6152        1.0440369        11149.321        2539.2207        1182.3641        488.35043        100.52000    
  52     2000        0    1903.9821        2002.7850        1.0518929        10933.501        2503.6787        1146.8329        470.19742        100.52000    
  53     2000        0    1938.5063        2125.5161        1.0964711        11427.793        2475.1812        1131.4277        447.72275        2.4862339    
  54     2000        0    2009.1279        2069.5022        1.0300500        11646.801        2657.6387        1247.2150        540.58636        30.449495    
  55     2000        0    2160.3833        2305.8208        1.0673202        11921.740        3036.4644        1275.9341        461.10782        56.825207    
  56     2000        0    2192.3547        2129.4409       0.97130311        11724.676        2970.2114        1494.9908        649.51898        32.030296    
  57     2000        0    2016.9994        2210.2559        1.0958138        11918.593        2643.4309        1160.4065        462.85898        60.565025    
  58     2000        0    2124.4238        2188.9363        1.0303671        11975.445        2830.1987        1367.4724        553.04889        60.960281    
  59     2000        0    1853.0288        1993.6326        1.0758778        11807.216        2346.0540        1129.7301        452.09015        100.52000    
  60     2000        0    2084.9204        2082.6721       0.99892169        11652.097        2740.8547        1423.8635        570.93933        100.52000    
  61     2000        0    2003.2386        2057.7874        1.0272303        11949.632        2664.1670        1279.8494        486.70892        97.810287    
  62     2000        0    1797.0203        1916.6146        1.0665514        10761.309        2318.7634        1099.7518        450.84451        18.165657    
  63     2000        0    1862.8514        2121.8315        1.1390235        11975.257        2453.1777        1070.1528        399.02533        33.195431    
  64     2000        0    1931.9456        2011.5791        1.0412194        10583.250        2557.5745        1183.8556        454.98593        100.52000    
  65     2000        0    1958.1136        2054.9998        1.0494792        11000.066        2601.4670        1196.7668        469.20230        17.794994    
  66     2000        0    2059.7351        2278.0869        1.1060097        11553.658        2704.7935        1155.9579        451.48654        2.1568396    
  67     2000        0    2003.1617        2141.3086        1.0689644        10974.396        2576.3525        1206.0601        473.86710        48.981827    
  68     2000        0    1833.0786        2081.3655        1.1354480        11840.773        2371.0747        1056.8096        397.65875        100.52000    
  69     2000        0    1782.6749        1981.6931        1.1116402        11689.229        2311.4004        1051.6830        422.54236        93.668388    
  70     2000        0    2119.3743        2195.9651        1.0361384        10947.882        2716.0947        1332.1327        546.86346        100.52000    
  71     2000        0    1893.5430        1920.0891        1.0140193        11119.235        2472.8186        1228.8070        529.90442        59.558567    
  72     2000        0    1882.7466        2036.3505        1.0815849        11962.602        2413.9280        1125.1017        450.94727        8.9443083    
  73     2000        0    1913.9500        1999.7404        1.0448238        11396.519        2378.5247        1195.1052        533.70447        100.52000    
  74     2000        0    1982.5090        2065.3311        1.0417764        10944.135        2687.9150        1197.3938        486.40851        100.52000    
  75     2000        0    1832.7058        1989.4581        1.0855305        11528.361        2316.0945        1119.0977        451.41235        28.054295    
  76     2000        0    1821.5122        1921.9863        1.0551597        11857.836        2327.4099        1144.9329        486.87555        100.52000    
  77     2000        0    2217.8320        2338.1509        1.0542506        11477.362        2928.2842        1341.0287        531.03436        100.52000    
  78     2000        0    1836.1923        1961.0072        1.0679749        11305.349        2420.4011        1111.8053        450.98502        100.52000    
  79     2000        0    1901.4700        1947.8221        1.0243770        10529.523        2543.2361        1165.3270        513.13226        45.003895    
  80     2000        0    2185.7568        2221.5466        1.0163741        11618.440        3023.6677        1457.9619        547.73120        100.52000    
  81     2000        0    1932.3911        2180.6555        1.1284752        11831.645        2491.9126        1102.5548        444.10425        59.714970    
  82     2000        0    1892.2605        2028.0735        1.0717728        11464.332        2397.0906        1126.8868        459.36996        100.52000    
  83     2000        0    1871.2035        1898.2598        1.0144593        11532.487        2410.5552        1203.2748        527.76654        47.064827    
  84     2000        0    2195.8965        2363.6575        1.0763975        11920.544        3010.5010        1279.9785        478.41415        100.52000    
  85     2000        0    2032.6879        2142.2458        1.0538981        11104.105        2644.0854        1230.1937        472.99908        100.52000    
  86     2000        0    2129.6174        2261.1602        1.0617682        11939.369        2808.2517        1307.6685        516.93689        24.654051    
  87     2000        0    2000.4556        2162.8999        1.0812036        11273.969        2544.5386        1240.4723        482.67770        7.4667702    
  88     2000        0    2231.0254        2153.3491       0.96518362        10969.558        3064.7734        1550.2738        616.31287        46.279152    
  89     2000        0    2061.6228        2030.1740       0.98474556        11169.640        2707.7478        1339.4088        583.49664        100.52000    
  90     2000        0    1769.5315        1875.9376        1.0601324        10572.718        2302.2776        1092.8174        461.24454        25.239325    
  91     2000        0    2051.1040        2092.9319        1.0203929        11874.269        2739.9617        1341.5616        515.39923        7.4247293    
  92     2000        0    2114.4910        2213.7188        1.0469276        11498.060        2801.8367        1295.9293        524.08105        59.708775    
  93     2000        0    1837.9803        1994.3011        1.0850503        11004.871        2321.5027        1112.2620        444.79031        24.224991    
  94     2000        0    2076.5078        2175.2324        1.0475436        10988.054        2765.9480        1285.9661        487.98303        100.52000    
  95     2000        0    1809.8640        1976.1676        1.0918874        11663.255        2316.6018        1075.8137        444.36041        10.020082    
  96     2000        0    1842.8441        1991.7430        1.0807984        11172.908        2314.1318        1126.0956        463.59689        56.168381    
  97     2000        0    1862.0846        1963.1903        1.0542971        11097.974        2346.3171        1131.6310        485.79608        100.52000    
  98     2000        0    1898.1545        1944.9204        1.0246376        11788.328        2496.6943        1232.8354        482.78482        100.52000    
  99     2000        0    1875.0050        2018.3845        1.0764688        11873.639        2336.3508        1155.1218        455.88605        41.886024    
 100     1334      256    1824.4207        1990.8252        1.0912095        11682.240        2333.1797        1104.6476        445.09592        100.52000    
