ADDCOORD Output
 4  100    1   20 0.50000000      45.500000      270.50000      1.00000      1.00000      1.00000       1
X
Y
Z
value               
   0.50000   45.50000   270.5000  3325.4729
   1.50000   45.50000   270.5000  1817.6787
   2.50000   45.50000   270.5000  2456.6580
   3.50000   45.50000   270.5000  3090.7708
   4.50000   45.50000   270.5000  2181.7527
   5.50000   45.50000   270.5000  3229.9651
   6.50000   45.50000   270.5000  3209.6958
   7.50000   45.50000   270.5000  2524.9014
   8.50000   45.50000   270.5000  2804.7224
   9.50000   45.50000   270.5000  2719.5000
  10.50000   45.50000   270.5000  3490.1433
  11.50000   45.50000   270.5000  2993.3135
  12.50000   45.50000   270.5000  3745.4153
  13.50000   45.50000   270.5000  2768.9263
  14.50000   45.50000   270.5000  3736.3535
  15.50000   45.50000   270.5000  2693.2371
  16.50000   45.50000   270.5000  3489.4343
  17.50000   45.50000   270.5000  3512.5652
  18.50000   45.50000   270.5000  3551.9255
  19.50000   45.50000   270.5000  3353.3245
  20.50000   45.50000   270.5000  3176.8391
  21.50000   45.50000   270.5000  2267.3645
  22.50000   45.50000   270.5000  3437.0713
  23.50000   45.50000   270.5000  1925.0797
  24.50000   45.50000   270.5000  1142.6156
  25.50000   45.50000   270.5000  1555.6537
  26.50000   45.50000   270.5000  1104.1194
  27.50000   45.50000   270.5000  1339.7946
  28.50000   45.50000   270.5000  2101.4846
  29.50000   45.50000   270.5000  1779.2096
  30.50000   45.50000   270.5000  2493.2866
  31.50000   45.50000   270.5000  3041.3828
  32.50000   45.50000   270.5000  2551.5010
  33.50000   45.50000   270.5000  3025.1257
  34.50000   45.50000   270.5000  3499.7795
  35.50000   45.50000   270.5000  4039.6001
  36.50000   45.50000   270.5000  2922.8582
  37.50000   45.50000   270.5000  4946.8608
  38.50000   45.50000   270.5000  3211.4775
  39.50000   45.50000   270.5000  3867.6936
  40.50000   45.50000   270.5000  4507.7397
  41.50000   45.50000   270.5000  4333.8760
  42.50000   45.50000   270.5000  4254.4141
  43.50000   45.50000   270.5000  5374.6401
  44.50000   45.50000   270.5000  3279.2556
  45.50000   45.50000   270.5000  4295.3491
  46.50000   45.50000   270.5000  3835.0015
  47.50000   45.50000   270.5000  3529.0183
  48.50000   45.50000   270.5000  2870.1533
  49.50000   45.50000   270.5000  2418.5300
  50.50000   45.50000   270.5000  3698.3999
  51.50000   45.50000   270.5000  2975.1001
  52.50000   45.50000   270.5000  2719.2622
  53.50000   45.50000   270.5000  3937.4702
  54.50000   45.50000   270.5000  3825.7969
  55.50000   45.50000   270.5000  3820.0601
  56.50000   45.50000   270.5000  5265.0400
  57.50000   45.50000   270.5000  4609.2666
  58.50000   45.50000   270.5000  5761.6763
  59.50000   45.50000   270.5000  5017.0732
  60.50000   45.50000   270.5000  8027.2915
  61.50000   45.50000   270.5000  8858.2812
  62.50000   45.50000   270.5000  5149.6787
  63.50000   45.50000   270.5000  5781.5952
  64.50000   45.50000   270.5000  10436.262
  65.50000   45.50000   270.5000  9466.9854
  66.50000   45.50000   270.5000  6919.0190
  67.50000   45.50000   270.5000  5522.3936
  68.50000   45.50000   270.5000  10546.287
  69.50000   45.50000   270.5000  6226.1284
  70.50000   45.50000   270.5000  7800.7114
  71.50000   45.50000   270.5000  3815.8533
  72.50000   45.50000   270.5000  6344.6216
  73.50000   45.50000   270.5000  6196.8486
  74.50000   45.50000   270.5000  10506.435
  75.50000   45.50000   270.5000  8138.8130
  76.50000   45.50000   270.5000  8687.9688
  77.50000   45.50000   270.5000  8552.5781
  78.50000   45.50000   270.5000  10644.562
  79.50000   45.50000   270.5000  8540.7725
  80.50000   45.50000   270.5000  10842.889
  81.50000   45.50000   270.5000  8693.3408
  82.50000   45.50000   270.5000  3958.8562
  83.50000   45.50000   270.5000  6095.2202
  84.50000   45.50000   270.5000  8370.3574
  85.50000   45.50000   270.5000  8582.7920
  86.50000   45.50000   270.5000  9215.4814
  87.50000   45.50000   270.5000  8399.8760
  88.50000   45.50000   270.5000  8546.1436
  89.50000   45.50000   270.5000  8301.9570
  90.50000   45.50000   270.5000  6532.4790
  91.50000   45.50000   270.5000  8152.9932
  92.50000   45.50000   270.5000  6441.8677
  93.50000   45.50000   270.5000  5152.0029
  94.50000   45.50000   270.5000  6086.4976
  95.50000   45.50000   270.5000  8285.1553
  96.50000   45.50000   270.5000  7626.1030
  97.50000   45.50000   270.5000  6359.0952
  98.50000   45.50000   270.5000  8659.6777
  99.50000   45.50000   270.5000  8603.9854
   0.50000   45.50000   271.5000  3220.5276
   1.50000   45.50000   271.5000  2936.1243
   2.50000   45.50000   271.5000  3240.7263
   3.50000   45.50000   271.5000  3133.8044
   4.50000   45.50000   271.5000  3446.8132
   5.50000   45.50000   271.5000  2420.4182
   6.50000   45.50000   271.5000  3940.9507
   7.50000   45.50000   271.5000  2035.4722
   8.50000   45.50000   271.5000  1743.2959
   9.50000   45.50000   271.5000  1637.3000
  10.50000   45.50000   271.5000  2316.6731
  11.50000   45.50000   271.5000  1958.1146
  12.50000   45.50000   271.5000  2209.9558
  13.50000   45.50000   271.5000  2235.6333
  14.50000   45.50000   271.5000  1366.5399
  15.50000   45.50000   271.5000  920.83881
  16.50000   45.50000   271.5000  436.43814
  17.50000   45.50000   271.5000  410.71054
  18.50000   45.50000   271.5000  474.41611
  19.50000   45.50000   271.5000  810.47443
  20.50000   45.50000   271.5000  493.16440
  21.50000   45.50000   271.5000  1097.8749
  22.50000   45.50000   271.5000  1385.0889
  23.50000   45.50000   271.5000  1548.3578
  24.50000   45.50000   271.5000  1919.1404
  25.50000   45.50000   271.5000  1638.9529
  26.50000   45.50000   271.5000  893.61389
  27.50000   45.50000   271.5000  1456.8356
  28.50000   45.50000   271.5000  2739.8784
  29.50000   45.50000   271.5000  1902.8315
  30.50000   45.50000   271.5000  2956.0356
  31.50000   45.50000   271.5000  2179.7766
  32.50000   45.50000   271.5000  2989.0400
  33.50000   45.50000   271.5000  2922.4773
  34.50000   45.50000   271.5000  4461.8281
  35.50000   45.50000   271.5000  3437.1699
  36.50000   45.50000   271.5000  2714.3625
  37.50000   45.50000   271.5000  5691.0063
  38.50000   45.50000   271.5000  5537.1094
  39.50000   45.50000   271.5000  2258.2219
  40.50000   45.50000   271.5000  5141.5981
  41.50000   45.50000   271.5000  4543.9658
  42.50000   45.50000   271.5000  5516.9883
  43.50000   45.50000   271.5000  7358.8569
  44.50000   45.50000   271.5000  4815.7051
  45.50000   45.50000   271.5000  8143.4526
  46.50000   45.50000   271.5000  5423.2021
  47.50000   45.50000   271.5000  8019.0596
  48.50000   45.50000   271.5000  7462.2471
  49.50000   45.50000   271.5000  4143.3101
  50.50000   45.50000   271.5000  3723.3601
  51.50000   45.50000   271.5000  5858.6899
  52.50000   45.50000   271.5000  5661.9429
  53.50000   45.50000   271.5000  4506.2637
  54.50000   45.50000   271.5000  5217.7842
  55.50000   45.50000   271.5000  10280.010
  56.50000   45.50000   271.5000  7464.8398
  57.50000   45.50000   271.5000  8295.7725
  58.50000   45.50000   271.5000  5946.8862
  59.50000   45.50000   271.5000  10322.537
  60.50000   45.50000   271.5000  5177.4658
  61.50000   45.50000   271.5000  10774.607
  62.50000   45.50000   271.5000  7278.6323
  63.50000   45.50000   271.5000  5915.5957
  64.50000   45.50000   271.5000  6232.8633
  65.50000   45.50000   271.5000  10945.931
  66.50000   45.50000   271.5000  10516.511
  67.50000   45.50000   271.5000  10525.938
  68.50000   45.50000   271.5000  9783.0488
  69.50000   45.50000   271.5000  9298.2695
  70.50000   45.50000   271.5000  8728.4570
  71.50000   45.50000   271.5000  5557.2192
  72.50000   45.50000   271.5000  10878.817
  73.50000   45.50000   271.5000  9468.5137
  74.50000   45.50000   271.5000  10442.285
  75.50000   45.50000   271.5000  7368.3613
  76.50000   45.50000   271.5000  8616.4043
  77.50000   45.50000   271.5000  11839.678
  78.50000   45.50000   271.5000  10689.961
  79.50000   45.50000   271.5000  13415.423
  80.50000   45.50000   271.5000  10174.321
  81.50000   45.50000   271.5000  13043.884
  82.50000   45.50000   271.5000  6597.7969
  83.50000   45.50000   271.5000  10636.270
  84.50000   45.50000   271.5000  6438.1284
  85.50000   45.50000   271.5000  7871.0884
  86.50000   45.50000   271.5000  10614.938
  87.50000   45.50000   271.5000  10009.828
  88.50000   45.50000   271.5000  10876.473
  89.50000   45.50000   271.5000  11262.548
  90.50000   45.50000   271.5000  4575.7280
  91.50000   45.50000   271.5000  5214.7871
  92.50000   45.50000   271.5000  9476.0605
  93.50000   45.50000   271.5000  8289.1045
  94.50000   45.50000   271.5000  6656.6504
  95.50000   45.50000   271.5000  4498.2710
  96.50000   45.50000   271.5000  4082.7859
  97.50000   45.50000   271.5000  3178.8701
  98.50000   45.50000   271.5000  3742.4414
  99.50000   45.50000   271.5000  3522.7671
   0.50000   45.50000   272.5000  706.31793
   1.50000   45.50000   272.5000  609.26849
   2.50000   45.50000   272.5000  666.47449
   3.50000   45.50000   272.5000  860.17413
   4.50000   45.50000   272.5000  0.0000000
   5.50000   45.50000   272.5000  396.70499
   6.50000   45.50000   272.5000  255.83463
   7.50000   45.50000   272.5000  251.12987
   8.50000   45.50000   272.5000  0.0000000
   9.50000   45.50000   272.5000  437.01001
  10.50000   45.50000   272.5000  0.0000000
  11.50000   45.50000   272.5000  865.78900
  12.50000   45.50000   272.5000  0.0000000
  13.50000   45.50000   272.5000  0.0000000
  14.50000   45.50000   272.5000  24.295156
  15.50000   45.50000   272.5000  3.6843891
  16.50000   45.50000   272.5000  322.65506
  17.50000   45.50000   272.5000  379.52716
  18.50000   45.50000   272.5000  1720.5023
  19.50000   45.50000   272.5000  1271.6956
  20.50000   45.50000   272.5000  757.87653
  21.50000   45.50000   272.5000  716.54816
  22.50000   45.50000   272.5000  865.79248
  23.50000   45.50000   272.5000  973.07013
  24.50000   45.50000   272.5000  210.10245
  25.50000   45.50000   272.5000  447.15173
  26.50000   45.50000   272.5000  270.33646
  27.50000   45.50000   272.5000  277.56638
  28.50000   45.50000   272.5000  0.0000000
  29.50000   45.50000   272.5000  2282.4182
  30.50000   45.50000   272.5000  707.97815
  31.50000   45.50000   272.5000  1789.0779
  32.50000   45.50000   272.5000  2101.8884
  33.50000   45.50000   272.5000  3327.6492
  34.50000   45.50000   272.5000  2817.8877
  35.50000   45.50000   272.5000  2770.8799
  36.50000   45.50000   272.5000  3007.5483
  37.50000   45.50000   272.5000  2765.3774
  38.50000   45.50000   272.5000  2997.3921
  39.50000   45.50000   272.5000  2115.0029
  40.50000   45.50000   272.5000  3219.4070
  41.50000   45.50000   272.5000  3070.2051
  42.50000   45.50000   272.5000  4334.8052
  43.50000   45.50000   272.5000  4352.8569
  44.50000   45.50000   272.5000  4080.6077
  45.50000   45.50000   272.5000  5272.5024
  46.50000   45.50000   272.5000  4820.7759
  47.50000   45.50000   272.5000  3786.1707
  48.50000   45.50000   272.5000  4727.6372
  49.50000   45.50000   272.5000  5260.5200
  50.50000   45.50000   272.5000  3066.6699
  51.50000   45.50000   272.5000  5955.8501
  52.50000   45.50000   272.5000  3861.1655
  53.50000   45.50000   272.5000  5177.1636
  54.50000   45.50000   272.5000  3926.0840
  55.50000   45.50000   272.5000  6351.1899
  56.50000   45.50000   272.5000  2738.6001
  57.50000   45.50000   272.5000  4257.9585
  58.50000   45.50000   272.5000  4800.0786
  59.50000   45.50000   272.5000  4287.5654
  60.50000   45.50000   272.5000  4326.6953
  61.50000   45.50000   272.5000  5034.8555
  62.50000   45.50000   272.5000  7064.0498
  63.50000   45.50000   272.5000  9852.7100
  64.50000   45.50000   272.5000  6433.6318
  65.50000   45.50000   272.5000  9848.2793
  66.50000   45.50000   272.5000  9019.4482
  67.50000   45.50000   272.5000  8296.7725
  68.50000   45.50000   272.5000  8752.2148
  69.50000   45.50000   272.5000  7779.1470
  70.50000   45.50000   272.5000  13381.156
  71.50000   45.50000   272.5000  7102.4956
  72.50000   45.50000   272.5000  7871.9009
  73.50000   45.50000   272.5000  9952.1191
  74.50000   45.50000   272.5000  9955.7041
  75.50000   45.50000   272.5000  8654.3242
  76.50000   45.50000   272.5000  7354.3911
  77.50000   45.50000   272.5000  8011.0977
  78.50000   45.50000   272.5000  7817.9053
  79.50000   45.50000   272.5000  10151.523
  80.50000   45.50000   272.5000  11715.570
  81.50000   45.50000   272.5000  11147.097
  82.50000   45.50000   272.5000  13073.953
  83.50000   45.50000   272.5000  10212.650
  84.50000   45.50000   272.5000  9700.6738
  85.50000   45.50000   272.5000  11308.921
  86.50000   45.50000   272.5000  10923.514
  87.50000   45.50000   272.5000  12237.704
  88.50000   45.50000   272.5000  5475.8599
  89.50000   45.50000   272.5000  6443.4668
  90.50000   45.50000   272.5000  9900.1299
  91.50000   45.50000   272.5000  5463.6543
  92.50000   45.50000   272.5000  6228.3789
  93.50000   45.50000   272.5000  6914.3115
  94.50000   45.50000   272.5000  7780.1899
  95.50000   45.50000   272.5000  3959.0806
  96.50000   45.50000   272.5000  6910.9248
  97.50000   45.50000   272.5000  4578.8350
  98.50000   45.50000   272.5000  4542.7388
  99.50000   45.50000   272.5000  3737.3035
   0.50000   45.50000   273.5000  1344.7855
   1.50000   45.50000   273.5000  472.57629
   2.50000   45.50000   273.5000  659.29846
   3.50000   45.50000   273.5000  1173.6339
   4.50000   45.50000   273.5000  995.38611
   5.50000   45.50000   273.5000  1366.6600
   6.50000   45.50000   273.5000  706.66876
   7.50000   45.50000   273.5000  283.87616
   8.50000   45.50000   273.5000  1580.9901
   9.50000   45.50000   273.5000  1704.5300
  10.50000   45.50000   273.5000  1477.0148
  11.50000   45.50000   273.5000  1878.5660
  12.50000   45.50000   273.5000  396.57208
  13.50000   45.50000   273.5000  855.41162
  14.50000   45.50000   273.5000  416.42886
  15.50000   45.50000   273.5000  310.40198
  16.50000   45.50000   273.5000  1369.0989
  17.50000   45.50000   273.5000  2727.5051
  18.50000   45.50000   273.5000  577.82202
  19.50000   45.50000   273.5000  369.32233
  20.50000   45.50000   273.5000  2282.1228
  21.50000   45.50000   273.5000  2968.5493
  22.50000   45.50000   273.5000  1425.5331
  23.50000   45.50000   273.5000  276.02780
  24.50000   45.50000   273.5000  2062.3223
  25.50000   45.50000   273.5000  432.93256
  26.50000   45.50000   273.5000  1824.2504
  27.50000   45.50000   273.5000  398.64209
  28.50000   45.50000   273.5000  743.48651
  29.50000   45.50000   273.5000  1547.1621
  30.50000   45.50000   273.5000  5.8714204
  31.50000   45.50000   273.5000  1058.4913
  32.50000   45.50000   273.5000  1775.4600
  33.50000   45.50000   273.5000  1961.9220
  34.50000   45.50000   273.5000  857.21381
  35.50000   45.50000   273.5000  394.00000
  36.50000   45.50000   273.5000  930.45599
  37.50000   45.50000   273.5000  856.56793
  38.50000   45.50000   273.5000  1035.1097
  39.50000   45.50000   273.5000  2216.9253
  40.50000   45.50000   273.5000  1283.8914
  41.50000   45.50000   273.5000  2180.4448
  42.50000   45.50000   273.5000  1780.8921
  43.50000   45.50000   273.5000  2281.3557
  44.50000   45.50000   273.5000  1202.0864
  45.50000   45.50000   273.5000  3270.1536
  46.50000   45.50000   273.5000  3626.4199
  47.50000   45.50000   273.5000  4605.6411
  48.50000   45.50000   273.5000  2968.6162
  49.50000   45.50000   273.5000  2825.5601
  50.50000   45.50000   273.5000  2300.2700
  51.50000   45.50000   273.5000  11544.120
  52.50000   45.50000   273.5000  3815.3115
  53.50000   45.50000   273.5000  5842.3457
  54.50000   45.50000   273.5000  5033.5132
  55.50000   45.50000   273.5000  6942.5200
  56.50000   45.50000   273.5000  4501.3301
  57.50000   45.50000   273.5000  3710.4790
  58.50000   45.50000   273.5000  6332.7886
  59.50000   45.50000   273.5000  5276.6724
  60.50000   45.50000   273.5000  3728.5212
  61.50000   45.50000   273.5000  2064.1731
  62.50000   45.50000   273.5000  3389.5303
  63.50000   45.50000   273.5000  2890.6497
  64.50000   45.50000   273.5000  2703.1025
  65.50000   45.50000   273.5000  4984.4404
  66.50000   45.50000   273.5000  4317.6299
  67.50000   45.50000   273.5000  3272.9363
  68.50000   45.50000   273.5000  3064.2073
  69.50000   45.50000   273.5000  3330.1250
  70.50000   45.50000   273.5000  2371.3689
  71.50000   45.50000   273.5000  4108.8901
  72.50000   45.50000   273.5000  3210.0540
  73.50000   45.50000   273.5000  3643.9575
  74.50000   45.50000   273.5000  2307.9282
  75.50000   45.50000   273.5000  4012.7346
  76.50000   45.50000   273.5000  3803.8923
  77.50000   45.50000   273.5000  4677.1641
  78.50000   45.50000   273.5000  3849.1990
  79.50000   45.50000   273.5000  5394.5903
  80.50000   45.50000   273.5000  3744.4382
  81.50000   45.50000   273.5000  4814.4087
  82.50000   45.50000   273.5000  4481.3164
  83.50000   45.50000   273.5000  3800.0901
  84.50000   45.50000   273.5000  4317.8467
  85.50000   45.50000   273.5000  4100.1104
  86.50000   45.50000   273.5000  4225.8271
  87.50000   45.50000   273.5000  4560.8188
  88.50000   45.50000   273.5000  5859.4917
  89.50000   45.50000   273.5000  6014.7485
  90.50000   45.50000   273.5000  6328.9395
  91.50000   45.50000   273.5000  3236.9893
  92.50000   45.50000   273.5000  3849.4282
  93.50000   45.50000   273.5000  3441.7844
  94.50000   45.50000   273.5000  6983.1699
  95.50000   45.50000   273.5000  3072.6440
  96.50000   45.50000   273.5000  1920.6593
  97.50000   45.50000   273.5000  5098.2495
  98.50000   45.50000   273.5000  4991.6895
  99.50000   45.50000   273.5000  4154.9512
   0.50000   45.50000   274.5000  1338.7750
   1.50000   45.50000   274.5000  1612.4254
   2.50000   45.50000   274.5000  1506.6112
   3.50000   45.50000   274.5000  1650.6462
   4.50000   45.50000   274.5000  449.45804
   5.50000   45.50000   274.5000  1152.2500
   6.50000   45.50000   274.5000  427.20380
   7.50000   45.50000   274.5000  1815.6694
   8.50000   45.50000   274.5000  269.41763
   9.50000   45.50000   274.5000  472.01001
  10.50000   45.50000   274.5000  442.87497
  11.50000   45.50000   274.5000  1766.6584
  12.50000   45.50000   274.5000  1879.1792
  13.50000   45.50000   274.5000  282.65561
  14.50000   45.50000   274.5000  445.80289
  15.50000   45.50000   274.5000  2437.3870
  16.50000   45.50000   274.5000  548.08289
  17.50000   45.50000   274.5000  1060.3918
  18.50000   45.50000   274.5000  514.06097
  19.50000   45.50000   274.5000  1448.3538
  20.50000   45.50000   274.5000  1946.1693
  21.50000   45.50000   274.5000  2670.5691
  22.50000   45.50000   274.5000  899.57227
  23.50000   45.50000   274.5000  1618.7939
  24.50000   45.50000   274.5000  411.93460
  25.50000   45.50000   274.5000  1366.5737
  26.50000   45.50000   274.5000  1775.9462
  27.50000   45.50000   274.5000  1407.0396
  28.50000   45.50000   274.5000  2263.7944
  29.50000   45.50000   274.5000  1906.3977
  30.50000   45.50000   274.5000  2292.4109
  31.50000   45.50000   274.5000  2993.1917
  32.50000   45.50000   274.5000  2729.4299
  33.50000   45.50000   274.5000  1753.3677
  34.50000   45.50000   274.5000  2743.0879
  35.50000   45.50000   274.5000  1343.2500
  36.50000   45.50000   274.5000  1050.5144
  37.50000   45.50000   274.5000  2991.9402
  38.50000   45.50000   274.5000  3077.8982
  39.50000   45.50000   274.5000  1514.6599
  40.50000   45.50000   274.5000  2750.6724
  41.50000   45.50000   274.5000  2259.8674
  42.50000   45.50000   274.5000  757.42560
  43.50000   45.50000   274.5000  2179.3149
  44.50000   45.50000   274.5000  1821.2350
  45.50000   45.50000   274.5000  2201.3313
  46.50000   45.50000   274.5000  893.35272
  47.50000   45.50000   274.5000  483.78613
  48.50000   45.50000   274.5000  464.84058
  49.50000   45.50000   274.5000  1339.7700
  50.50000   45.50000   274.5000  252.00000
  51.50000   45.50000   274.5000  2361.6399
  52.50000   45.50000   274.5000  2813.0286
  53.50000   45.50000   274.5000  3624.4690
  54.50000   45.50000   274.5000  2601.2483
  55.50000   45.50000   274.5000  2999.1001
  56.50000   45.50000   274.5000  5393.4102
  57.50000   45.50000   274.5000  3602.1150
  58.50000   45.50000   274.5000  5389.8467
  59.50000   45.50000   274.5000  3672.4231
  60.50000   45.50000   274.5000  4271.7832
  61.50000   45.50000   274.5000  6566.5410
  62.50000   45.50000   274.5000  6910.3960
  63.50000   45.50000   274.5000  4596.3599
  64.50000   45.50000   274.5000  4043.5525
  65.50000   45.50000   274.5000  8067.9673
  66.50000   45.50000   274.5000  3375.7878
  67.50000   45.50000   274.5000  4680.8081
  68.50000   45.50000   274.5000  3407.2002
  69.50000   45.50000   274.5000  6229.2373
  70.50000   45.50000   274.5000  3806.0305
  71.50000   45.50000   274.5000  2923.7185
  72.50000   45.50000   274.5000  2240.5708
  73.50000   45.50000   274.5000  3370.0588
  74.50000   45.50000   274.5000  2936.0940
  75.50000   45.50000   274.5000  2134.7034
  76.50000   45.50000   274.5000  2048.4263
  77.50000   45.50000   274.5000  2557.8579
  78.50000   45.50000   274.5000  3133.5764
  79.50000   45.50000   274.5000  2189.7212
  80.50000   45.50000   274.5000  3465.3369
  81.50000   45.50000   274.5000  5530.7773
  82.50000   45.50000   274.5000  2823.5837
  83.50000   45.50000   274.5000  4861.2598
  84.50000   45.50000   274.5000  4018.8369
  85.50000   45.50000   274.5000  5247.3633
  86.50000   45.50000   274.5000  3279.6367
  87.50000   45.50000   274.5000  3161.2068
  88.50000   45.50000   274.5000  5962.8730
  89.50000   45.50000   274.5000  2511.4109
  90.50000   45.50000   274.5000  1903.5492
  91.50000   45.50000   274.5000  1875.2886
  92.50000   45.50000   274.5000  1780.5540
  93.50000   45.50000   274.5000  2168.4673
  94.50000   45.50000   274.5000  1607.9878
  95.50000   45.50000   274.5000  2700.5381
  96.50000   45.50000   274.5000  2419.2820
  97.50000   45.50000   274.5000  2932.1379
  98.50000   45.50000   274.5000  4461.6748
  99.50000   45.50000   274.5000  4210.2271
   0.50000   45.50000   275.5000  8133.6226
   1.50000   45.50000   275.5000  5025.0933
   2.50000   45.50000   275.5000  10595.407
   3.50000   45.50000   275.5000  8197.6953
   4.50000   45.50000   275.5000  4244.6821
   5.50000   45.50000   275.5000  7838.6899
   6.50000   45.50000   275.5000  4013.0410
   7.50000   45.50000   275.5000  3976.1848
   8.50000   45.50000   275.5000  2764.9414
   9.50000   45.50000   275.5000  4572.7598
  10.50000   45.50000   275.5000  2823.4106
  11.50000   45.50000   275.5000  2738.5879
  12.50000   45.50000   275.5000  4941.3896
  13.50000   45.50000   275.5000  6108.3154
  14.50000   45.50000   275.5000  3872.5283
  15.50000   45.50000   275.5000  2936.6216
  16.50000   45.50000   275.5000  1979.0052
  17.50000   45.50000   275.5000  2597.2417
  18.50000   45.50000   275.5000  2410.2129
  19.50000   45.50000   275.5000  2371.0110
  20.50000   45.50000   275.5000  2891.3345
  21.50000   45.50000   275.5000  3293.2261
  22.50000   45.50000   275.5000  3374.9458
  23.50000   45.50000   275.5000  2663.1753
  24.50000   45.50000   275.5000  2586.3945
  25.50000   45.50000   275.5000  2652.3870
  26.50000   45.50000   275.5000  2489.4119
  27.50000   45.50000   275.5000  3901.7622
  28.50000   45.50000   275.5000  3799.2317
  29.50000   45.50000   275.5000  2580.4297
  30.50000   45.50000   275.5000  4152.8867
  31.50000   45.50000   275.5000  3650.6829
  32.50000   45.50000   275.5000  3379.4099
  33.50000   45.50000   275.5000  5546.8926
  34.50000   45.50000   275.5000  3429.3677
  35.50000   45.50000   275.5000  4772.2300
  36.50000   45.50000   275.5000  4104.0215
  37.50000   45.50000   275.5000  4401.3652
  38.50000   45.50000   275.5000  2891.8625
  39.50000   45.50000   275.5000  3022.2449
  40.50000   45.50000   275.5000  2461.8777
  41.50000   45.50000   275.5000  2696.1240
  42.50000   45.50000   275.5000  1979.8110
  43.50000   45.50000   275.5000  3557.2588
  44.50000   45.50000   275.5000  3622.6912
  45.50000   45.50000   275.5000  2761.0366
  46.50000   45.50000   275.5000  3439.9197
  47.50000   45.50000   275.5000  1867.1836
  48.50000   45.50000   275.5000  2889.6948
  49.50000   45.50000   275.5000  2859.7300
  50.50000   45.50000   275.5000  2683.2400
  51.50000   45.50000   275.5000  1792.8500
  52.50000   45.50000   275.5000  3331.0342
  53.50000   45.50000   275.5000  3730.5728
  54.50000   45.50000   275.5000  3345.1091
  55.50000   45.50000   275.5000  3426.9399
  56.50000   45.50000   275.5000  5175.6499
  57.50000   45.50000   275.5000  3366.6650
  58.50000   45.50000   275.5000  3104.8953
  59.50000   45.50000   275.5000  3605.8018
  60.50000   45.50000   275.5000  5034.5425
  61.50000   45.50000   275.5000  4952.0708
  62.50000   45.50000   275.5000  4020.6509
  63.50000   45.50000   275.5000  3822.8875
  64.50000   45.50000   275.5000  3477.5984
  65.50000   45.50000   275.5000  4124.9785
  66.50000   45.50000   275.5000  3703.6489
  67.50000   45.50000   275.5000  4813.8081
  68.50000   45.50000   275.5000  6407.8550
  69.50000   45.50000   275.5000  5088.2720
  70.50000   45.50000   275.5000  6097.4180
  71.50000   45.50000   275.5000  4581.8569
  72.50000   45.50000   275.5000  3328.7014
  73.50000   45.50000   275.5000  3667.5798
  74.50000   45.50000   275.5000  4107.7295
  75.50000   45.50000   275.5000  5300.6445
  76.50000   45.50000   275.5000  4836.6885
  77.50000   45.50000   275.5000  7787.9341
  78.50000   45.50000   275.5000  3807.6123
  79.50000   45.50000   275.5000  4328.6187
  80.50000   45.50000   275.5000  3620.3821
  81.50000   45.50000   275.5000  2782.1445
  82.50000   45.50000   275.5000  4778.8882
  83.50000   45.50000   275.5000  4228.3198
  84.50000   45.50000   275.5000  2597.2952
  85.50000   45.50000   275.5000  4017.9316
  86.50000   45.50000   275.5000  2410.1628
  87.50000   45.50000   275.5000  3663.0684
  88.50000   45.50000   275.5000  5606.0288
  89.50000   45.50000   275.5000  3862.9705
  90.50000   45.50000   275.5000  4769.0884
  91.50000   45.50000   275.5000  3944.0242
  92.50000   45.50000   275.5000  4581.6733
  93.50000   45.50000   275.5000  4251.2935
  94.50000   45.50000   275.5000  4581.9287
  95.50000   45.50000   275.5000  5553.4268
  96.50000   45.50000   275.5000  4226.4775
  97.50000   45.50000   275.5000  4552.8203
  98.50000   45.50000   275.5000  2940.8584
  99.50000   45.50000   275.5000  4880.2930
   0.50000   45.50000   276.5000  4255.7095
   1.50000   45.50000   276.5000  2620.0242
   2.50000   45.50000   276.5000  3427.4185
   3.50000   45.50000   276.5000  3054.2253
   4.50000   45.50000   276.5000  3213.3572
   5.50000   45.50000   276.5000  2541.7800
   6.50000   45.50000   276.5000  4041.8665
   7.50000   45.50000   276.5000  2910.5708
   8.50000   45.50000   276.5000  2651.9126
   9.50000   45.50000   276.5000  4774.0098
  10.50000   45.50000   276.5000  4267.7583
  11.50000   45.50000   276.5000  3560.0088
  12.50000   45.50000   276.5000  2269.3716
  13.50000   45.50000   276.5000  2728.1904
  14.50000   45.50000   276.5000  2102.5488
  15.50000   45.50000   276.5000  2217.1133
  16.50000   45.50000   276.5000  2048.7849
  17.50000   45.50000   276.5000  2356.7344
  18.50000   45.50000   276.5000  2955.8813
  19.50000   45.50000   276.5000  2559.3865
  20.50000   45.50000   276.5000  2704.9045
  21.50000   45.50000   276.5000  4248.1001
  22.50000   45.50000   276.5000  4394.3379
  23.50000   45.50000   276.5000  3205.7917
  24.50000   45.50000   276.5000  4436.6660
  25.50000   45.50000   276.5000  7284.9492
  26.50000   45.50000   276.5000  2990.5876
  27.50000   45.50000   276.5000  2895.3198
  28.50000   45.50000   276.5000  3503.0894
  29.50000   45.50000   276.5000  5618.8379
  30.50000   45.50000   276.5000  3981.6404
  31.50000   45.50000   276.5000  5475.5278
  32.50000   45.50000   276.5000  4287.8301
  33.50000   45.50000   276.5000  3692.6392
  34.50000   45.50000   276.5000  6294.3833
  35.50000   45.50000   276.5000  9188.2402
  36.50000   45.50000   276.5000  4306.5322
  37.50000   45.50000   276.5000  6468.5503
  38.50000   45.50000   276.5000  3771.2402
  39.50000   45.50000   276.5000  8029.3281
  40.50000   45.50000   276.5000  4288.2026
  41.50000   45.50000   276.5000  6294.6621
  42.50000   45.50000   276.5000  5584.8799
  43.50000   45.50000   276.5000  5333.8682
  44.50000   45.50000   276.5000  4484.0928
  45.50000   45.50000   276.5000  3704.7783
  46.50000   45.50000   276.5000  3582.0684
  47.50000   45.50000   276.5000  3866.9807
  48.50000   45.50000   276.5000  6346.3545
  49.50000   45.50000   276.5000  2851.7900
  50.50000   45.50000   276.5000  3041.6499
  51.50000   45.50000   276.5000  10474.420
  52.50000   45.50000   276.5000  4870.4604
  53.50000   45.50000   276.5000  5151.6826
  54.50000   45.50000   276.5000  5955.6343
  55.50000   45.50000   276.5000  8131.8301
  56.50000   45.50000   276.5000  4482.8101
  57.50000   45.50000   276.5000  4582.4053
  58.50000   45.50000   276.5000  5694.7930
  59.50000   45.50000   276.5000  5762.1313
  60.50000   45.50000   276.5000  4057.0132
  61.50000   45.50000   276.5000  8375.3027
  62.50000   45.50000   276.5000  5140.9810
  63.50000   45.50000   276.5000  4692.9141
  64.50000   45.50000   276.5000  4017.9116
  65.50000   45.50000   276.5000  5297.0977
  66.50000   45.50000   276.5000  7839.8813
  67.50000   45.50000   276.5000  5017.4243
  68.50000   45.50000   276.5000  4687.3726
  69.50000   45.50000   276.5000  3079.9263
  70.50000   45.50000   276.5000  4480.8618
  71.50000   45.50000   276.5000  3789.6462
  72.50000   45.50000   276.5000  4436.5669
  73.50000   45.50000   276.5000  2691.1057
  74.50000   45.50000   276.5000  3967.7493
  75.50000   45.50000   276.5000  3612.9084
  76.50000   45.50000   276.5000  3412.7375
  77.50000   45.50000   276.5000  2062.2649
  78.50000   45.50000   276.5000  2046.9772
  79.50000   45.50000   276.5000  2768.6907
  80.50000   45.50000   276.5000  2371.2349
  81.50000   45.50000   276.5000  2080.2778
  82.50000   45.50000   276.5000  2493.5752
  83.50000   45.50000   276.5000  266.00000
  84.50000   45.50000   276.5000  3177.5271
  85.50000   45.50000   276.5000  1437.0885
  86.50000   45.50000   276.5000  3644.4077
  87.50000   45.50000   276.5000  1903.6995
  88.50000   45.50000   276.5000  2535.3271
  89.50000   45.50000   276.5000  1919.7651
  90.50000   45.50000   276.5000  1092.1637
  91.50000   45.50000   276.5000  2319.5935
  92.50000   45.50000   276.5000  2241.9426
  93.50000   45.50000   276.5000  4506.3374
  94.50000   45.50000   276.5000  6984.7539
  95.50000   45.50000   276.5000  5935.8027
  96.50000   45.50000   276.5000  3598.6370
  97.50000   45.50000   276.5000  4507.6143
  98.50000   45.50000   276.5000  3540.4805
  99.50000   45.50000   276.5000  5400.0059
   0.50000   45.50000   277.5000  5688.7778
   1.50000   45.50000   277.5000  2250.8850
   2.50000   45.50000   277.5000  3894.4680
   3.50000   45.50000   277.5000  3203.5005
   4.50000   45.50000   277.5000  2805.8872
   5.50000   45.50000   277.5000  3837.5100
   6.50000   45.50000   277.5000  3807.5334
   7.50000   45.50000   277.5000  877.31165
   8.50000   45.50000   277.5000  2106.5703
   9.50000   45.50000   277.5000  866.65002
  10.50000   45.50000   277.5000  2605.2854
  11.50000   45.50000   277.5000  3134.1860
  12.50000   45.50000   277.5000  2879.7683
  13.50000   45.50000   277.5000  3332.6926
  14.50000   45.50000   277.5000  3123.6316
  15.50000   45.50000   277.5000  3828.0298
  16.50000   45.50000   277.5000  3054.2170
  17.50000   45.50000   277.5000  3570.0210
  18.50000   45.50000   277.5000  2360.7620
  19.50000   45.50000   277.5000  4462.7520
  20.50000   45.50000   277.5000  3267.7466
  21.50000   45.50000   277.5000  3381.7791
  22.50000   45.50000   277.5000  1460.7074
  23.50000   45.50000   277.5000  1737.6615
  24.50000   45.50000   277.5000  1448.4513
  25.50000   45.50000   277.5000  2567.0254
  26.50000   45.50000   277.5000  1784.7848
  27.50000   45.50000   277.5000  2781.2715
  28.50000   45.50000   277.5000  4599.1416
  29.50000   45.50000   277.5000  3485.0603
  30.50000   45.50000   277.5000  1447.5303
  31.50000   45.50000   277.5000  3323.8389
  32.50000   45.50000   277.5000  3828.6001
  33.50000   45.50000   277.5000  3835.4697
  34.50000   45.50000   277.5000  1520.3644
  35.50000   45.50000   277.5000  1901.4200
  36.50000   45.50000   277.5000  4470.9033
  37.50000   45.50000   277.5000  2649.3833
  38.50000   45.50000   277.5000  1784.1810
  39.50000   45.50000   277.5000  2764.8708
  40.50000   45.50000   277.5000  4315.4331
  41.50000   45.50000   277.5000  2566.9661
  42.50000   45.50000   277.5000  3865.1736
  43.50000   45.50000   277.5000  3584.0176
  44.50000   45.50000   277.5000  3366.5198
  45.50000   45.50000   277.5000  5336.6650
  46.50000   45.50000   277.5000  4480.5645
  47.50000   45.50000   277.5000  4957.4546
  48.50000   45.50000   277.5000  5276.8037
  49.50000   45.50000   277.5000  4072.7400
  50.50000   45.50000   277.5000  4062.0901
  51.50000   45.50000   277.5000  8739.7305
  52.50000   45.50000   277.5000  6623.0488
  53.50000   45.50000   277.5000  7738.5972
  54.50000   45.50000   277.5000  6984.8853
  55.50000   45.50000   277.5000  6696.8301
  56.50000   45.50000   277.5000  3840.3401
  57.50000   45.50000   277.5000  5091.1411
  58.50000   45.50000   277.5000  4447.3701
  59.50000   45.50000   277.5000  5552.8232
  60.50000   45.50000   277.5000  8159.5977
  61.50000   45.50000   277.5000  6672.6045
  62.50000   45.50000   277.5000  11591.071
  63.50000   45.50000   277.5000  5266.4204
  64.50000   45.50000   277.5000  5247.9854
  65.50000   45.50000   277.5000  4592.2676
  66.50000   45.50000   277.5000  4408.0195
  67.50000   45.50000   277.5000  8668.0566
  68.50000   45.50000   277.5000  5396.9487
  69.50000   45.50000   277.5000  3592.8257
  70.50000   45.50000   277.5000  4289.7061
  71.50000   45.50000   277.5000  3866.9780
  72.50000   45.50000   277.5000  4363.7920
  73.50000   45.50000   277.5000  5516.8413
  74.50000   45.50000   277.5000  9314.5625
  75.50000   45.50000   277.5000  8014.5347
  76.50000   45.50000   277.5000  4414.8701
  77.50000   45.50000   277.5000  8108.9585
  78.50000   45.50000   277.5000  11762.054
  79.50000   45.50000   277.5000  9348.6904
  80.50000   45.50000   277.5000  8133.4199
  81.50000   45.50000   277.5000  9693.8311
  82.50000   45.50000   277.5000  4539.4673
  83.50000   45.50000   277.5000  5251.6699
  84.50000   45.50000   277.5000  5473.3574
  85.50000   45.50000   277.5000  7335.5654
  86.50000   45.50000   277.5000  6743.5571
  87.50000   45.50000   277.5000  5202.8125
  88.50000   45.50000   277.5000  5254.5762
  89.50000   45.50000   277.5000  8545.9121
  90.50000   45.50000   277.5000  5259.6089
  91.50000   45.50000   277.5000  4152.6831
  92.50000   45.50000   277.5000  8258.9893
  93.50000   45.50000   277.5000  8885.3428
  94.50000   45.50000   277.5000  10615.386
  95.50000   45.50000   277.5000  9024.5830
  96.50000   45.50000   277.5000  4531.9014
  97.50000   45.50000   277.5000  5878.0015
  98.50000   45.50000   277.5000  10007.769
  99.50000   45.50000   277.5000  10474.385
   0.50000   45.50000   278.5000  3989.2915
   1.50000   45.50000   278.5000  2179.6794
   2.50000   45.50000   278.5000  3735.0249
   3.50000   45.50000   278.5000  1550.1851
   4.50000   45.50000   278.5000  2986.7405
   5.50000   45.50000   278.5000  3067.1101
   6.50000   45.50000   278.5000  4387.7583
   7.50000   45.50000   278.5000  2291.4648
   8.50000   45.50000   278.5000  3211.5750
   9.50000   45.50000   278.5000  3060.1399
  10.50000   45.50000   278.5000  2806.2346
  11.50000   45.50000   278.5000  3080.6255
  12.50000   45.50000   278.5000  3502.6001
  13.50000   45.50000   278.5000  3015.2104
  14.50000   45.50000   278.5000  4040.4773
  15.50000   45.50000   278.5000  2320.5518
  16.50000   45.50000   278.5000  2871.3779
  17.50000   45.50000   278.5000  1616.9303
  18.50000   45.50000   278.5000  1950.4515
  19.50000   45.50000   278.5000  2249.1917
  20.50000   45.50000   278.5000  2669.3071
  21.50000   45.50000   278.5000  3118.4905
  22.50000   45.50000   278.5000  4764.8105
  23.50000   45.50000   278.5000  3514.7915
  24.50000   45.50000   278.5000  5334.8003
  25.50000   45.50000   278.5000  3755.8796
  26.50000   45.50000   278.5000  8983.1172
  27.50000   45.50000   278.5000  5261.6152
  28.50000   45.50000   278.5000  3440.5454
  29.50000   45.50000   278.5000  4436.6182
  30.50000   45.50000   278.5000  5150.0566
  31.50000   45.50000   278.5000  6448.3037
  32.50000   45.50000   278.5000  5519.2798
  33.50000   45.50000   278.5000  6226.6460
  34.50000   45.50000   278.5000  4925.6294
  35.50000   45.50000   278.5000  9218.1201
  36.50000   45.50000   278.5000  8300.4111
  37.50000   45.50000   278.5000  6565.5503
  38.50000   45.50000   278.5000  8315.4668
  39.50000   45.50000   278.5000  7049.8555
  40.50000   45.50000   278.5000  10269.213
  41.50000   45.50000   278.5000  9481.7549
  42.50000   45.50000   278.5000  9913.8164
  43.50000   45.50000   278.5000  8477.1152
  44.50000   45.50000   278.5000  8556.6025
  45.50000   45.50000   278.5000  5427.3730
  46.50000   45.50000   278.5000  6617.8179
  47.50000   45.50000   278.5000  4553.2944
  48.50000   45.50000   278.5000  8383.7480
  49.50000   45.50000   278.5000  4915.5498
  50.50000   45.50000   278.5000  3272.6101
  51.50000   45.50000   278.5000  6155.5698
  52.50000   45.50000   278.5000  4781.4814
  53.50000   45.50000   278.5000  5273.5532
  54.50000   45.50000   278.5000  3943.2012
  55.50000   45.50000   278.5000  5548.8301
  56.50000   45.50000   278.5000  4506.2202
  57.50000   45.50000   278.5000  6231.3398
  58.50000   45.50000   278.5000  3380.4431
  59.50000   45.50000   278.5000  8467.8887
  60.50000   45.50000   278.5000  6815.1787
  61.50000   45.50000   278.5000  5885.8364
  62.50000   45.50000   278.5000  10126.156
  63.50000   45.50000   278.5000  5245.6064
  64.50000   45.50000   278.5000  11430.822
  65.50000   45.50000   278.5000  7782.7144
  66.50000   45.50000   278.5000  10802.708
  67.50000   45.50000   278.5000  13067.988
  68.50000   45.50000   278.5000  11183.729
  69.50000   45.50000   278.5000  7038.5771
  70.50000   45.50000   278.5000  12721.292
  71.50000   45.50000   278.5000  13379.826
  72.50000   45.50000   278.5000  11309.389
  73.50000   45.50000   278.5000  10003.651
  74.50000   45.50000   278.5000  10728.611
  75.50000   45.50000   278.5000  10308.857
  76.50000   45.50000   278.5000  14288.089
  77.50000   45.50000   278.5000  14303.575
  78.50000   45.50000   278.5000  12689.513
  79.50000   45.50000   278.5000  14342.732
  80.50000   45.50000   278.5000  12051.620
  81.50000   45.50000   278.5000  14709.240
  82.50000   45.50000   278.5000  11666.779
  83.50000   45.50000   278.5000  11650.100
  84.50000   45.50000   278.5000  14359.944
  85.50000   45.50000   278.5000  11307.314
  86.50000   45.50000   278.5000  12441.557
  87.50000   45.50000   278.5000  10798.265
  88.50000   45.50000   278.5000  10761.106
  89.50000   45.50000   278.5000  8525.1934
  90.50000   45.50000   278.5000  10469.600
  91.50000   45.50000   278.5000  10142.836
  92.50000   45.50000   278.5000  6016.9297
  93.50000   45.50000   278.5000  12374.324
  94.50000   45.50000   278.5000  9838.7051
  95.50000   45.50000   278.5000  13609.452
  96.50000   45.50000   278.5000  10376.849
  97.50000   45.50000   278.5000  13293.651
  98.50000   45.50000   278.5000  10394.160
  99.50000   45.50000   278.5000  8014.2944
   0.50000   45.50000   279.5000  5095.8198
   1.50000   45.50000   279.5000  5176.3286
   2.50000   45.50000   279.5000  6471.1064
   3.50000   45.50000   279.5000  2205.1453
   4.50000   45.50000   279.5000  4107.5327
   5.50000   45.50000   279.5000  8056.5400
   6.50000   45.50000   279.5000  7074.1504
   7.50000   45.50000   279.5000  6774.1953
   8.50000   45.50000   279.5000  11580.395
   9.50000   45.50000   279.5000  9151.8896
  10.50000   45.50000   279.5000  8427.0527
  11.50000   45.50000   279.5000  11621.393
  12.50000   45.50000   279.5000  9511.4326
  13.50000   45.50000   279.5000  6344.1147
  14.50000   45.50000   279.5000  9055.9541
  15.50000   45.50000   279.5000  7775.6821
  16.50000   45.50000   279.5000  8144.7720
  17.50000   45.50000   279.5000  6288.7725
  18.50000   45.50000   279.5000  4946.3257
  19.50000   45.50000   279.5000  2973.0076
  20.50000   45.50000   279.5000  4772.7373
  21.50000   45.50000   279.5000  6153.0127
  22.50000   45.50000   279.5000  4176.6519
  23.50000   45.50000   279.5000  4061.9951
  24.50000   45.50000   279.5000  3595.9927
  25.50000   45.50000   279.5000  2691.5129
  26.50000   45.50000   279.5000  3559.7893
  27.50000   45.50000   279.5000  5177.1660
  28.50000   45.50000   279.5000  4003.3682
  29.50000   45.50000   279.5000  9465.4355
  30.50000   45.50000   279.5000  5547.1777
  31.50000   45.50000   279.5000  7339.6357
  32.50000   45.50000   279.5000  10795.120
  33.50000   45.50000   279.5000  5762.4219
  34.50000   45.50000   279.5000  7810.1343
  35.50000   45.50000   279.5000  11012.330
  36.50000   45.50000   279.5000  10005.981
  37.50000   45.50000   279.5000  11748.620
  38.50000   45.50000   279.5000  9162.0537
  39.50000   45.50000   279.5000  5844.1001
  40.50000   45.50000   279.5000  6011.5098
  41.50000   45.50000   279.5000  7783.2930
  42.50000   45.50000   279.5000  4599.3594
  43.50000   45.50000   279.5000  10490.491
  44.50000   45.50000   279.5000  3889.4937
  45.50000   45.50000   279.5000  5545.7432
  46.50000   45.50000   279.5000  4410.6406
  47.50000   45.50000   279.5000  3805.0457
  48.50000   45.50000   279.5000  3652.8354
  49.50000   45.50000   279.5000  3879.4399
  50.50000   45.50000   279.5000  4644.5801
  51.50000   45.50000   279.5000  7940.3101
  52.50000   45.50000   279.5000  7108.5322
  53.50000   45.50000   279.5000  9912.2822
  54.50000   45.50000   279.5000  10485.245
  55.50000   45.50000   279.5000  11424.530
  56.50000   45.50000   279.5000  5297.1401
  57.50000   45.50000   279.5000  5912.9321
  58.50000   45.50000   279.5000  5893.0737
  59.50000   45.50000   279.5000  8675.8066
  60.50000   45.50000   279.5000  5178.6475
  61.50000   45.50000   279.5000  7375.9668
  62.50000   45.50000   279.5000  4626.1665
  63.50000   45.50000   279.5000  3706.3281
  64.50000   45.50000   279.5000  5023.8481
  65.50000   45.50000   279.5000  6621.3130
  66.50000   45.50000   279.5000  9713.3848
  67.50000   45.50000   279.5000  7589.8506
  68.50000   45.50000   279.5000  3786.5891
  69.50000   45.50000   279.5000  4763.3374
  70.50000   45.50000   279.5000  6153.8750
  71.50000   45.50000   279.5000  8309.8750
  72.50000   45.50000   279.5000  10633.008
  73.50000   45.50000   279.5000  13060.028
  74.50000   45.50000   279.5000  10138.878
  75.50000   45.50000   279.5000  11733.554
  76.50000   45.50000   279.5000  9137.5762
  77.50000   45.50000   279.5000  7565.8687
  78.50000   45.50000   279.5000  7328.4995
  79.50000   45.50000   279.5000  10498.871
  80.50000   45.50000   279.5000  6132.8354
  81.50000   45.50000   279.5000  8300.9336
  82.50000   45.50000   279.5000  10330.397
  83.50000   45.50000   279.5000  13402.800
  84.50000   45.50000   279.5000  9913.1426
  85.50000   45.50000   279.5000  10217.535
  86.50000   45.50000   279.5000  9699.7041
  87.50000   45.50000   279.5000  11453.421
  88.50000   45.50000   279.5000  8314.4951
  89.50000   45.50000   279.5000  9313.9102
  90.50000   45.50000   279.5000  9987.5762
  91.50000   45.50000   279.5000  8386.2373
  92.50000   45.50000   279.5000  10016.299
  93.50000   45.50000   279.5000  10821.348
  94.50000   45.50000   279.5000  7553.1602
  95.50000   45.50000   279.5000  9010.9082
  96.50000   45.50000   279.5000  8132.3794
  97.50000   45.50000   279.5000  10294.610
  98.50000   45.50000   279.5000  9629.1465
  99.50000   45.50000   279.5000  14153.887
   0.50000   45.50000   280.5000  5391.0410
   1.50000   45.50000   280.5000  5219.1123
   2.50000   45.50000   280.5000  6620.8276
   3.50000   45.50000   280.5000  5864.9004
   4.50000   45.50000   280.5000  5129.6504
   5.50000   45.50000   280.5000  4565.8901
   6.50000   45.50000   280.5000  4525.5884
   7.50000   45.50000   280.5000  3218.5132
   8.50000   45.50000   280.5000  7434.2622
   9.50000   45.50000   280.5000  7009.7500
  10.50000   45.50000   280.5000  3100.5051
  11.50000   45.50000   280.5000  4081.2966
  12.50000   45.50000   280.5000  3695.3948
  13.50000   45.50000   280.5000  4356.4248
  14.50000   45.50000   280.5000  4580.2554
  15.50000   45.50000   280.5000  3726.1628
  16.50000   45.50000   280.5000  2761.0422
  17.50000   45.50000   280.5000  4300.6143
  18.50000   45.50000   280.5000  3248.9365
  19.50000   45.50000   280.5000  5255.0679
  20.50000   45.50000   280.5000  4124.3257
  21.50000   45.50000   280.5000  2456.9934
  22.50000   45.50000   280.5000  2319.9290
  23.50000   45.50000   280.5000  3375.3186
  24.50000   45.50000   280.5000  4187.3916
  25.50000   45.50000   280.5000  3508.1340
  26.50000   45.50000   280.5000  6498.8101
  27.50000   45.50000   280.5000  4580.3955
  28.50000   45.50000   280.5000  2851.8928
  29.50000   45.50000   280.5000  3218.4653
  30.50000   45.50000   280.5000  5381.2812
  31.50000   45.50000   280.5000  3866.7808
  32.50000   45.50000   280.5000  3676.1699
  33.50000   45.50000   280.5000  3756.9688
  34.50000   45.50000   280.5000  4745.1895
  35.50000   45.50000   280.5000  5883.7500
  36.50000   45.50000   280.5000  3549.3955
  37.50000   45.50000   280.5000  4259.6416
  38.50000   45.50000   280.5000  3771.5896
  39.50000   45.50000   280.5000  2101.2957
  40.50000   45.50000   280.5000  1170.2811
  41.50000   45.50000   280.5000  4121.2046
  42.50000   45.50000   280.5000  2859.3481
  43.50000   45.50000   280.5000  4609.9253
  44.50000   45.50000   280.5000  5016.7026
  45.50000   45.50000   280.5000  4491.1904
  46.50000   45.50000   280.5000  2934.3623
  47.50000   45.50000   280.5000  3736.9121
  48.50000   45.50000   280.5000  3304.3342
  49.50000   45.50000   280.5000  3399.9199
  50.50000   45.50000   280.5000  3728.7800
  51.50000   45.50000   280.5000  10509.590
  52.50000   45.50000   280.5000  3896.8389
  53.50000   45.50000   280.5000  3636.5549
  54.50000   45.50000   280.5000  5448.9790
  55.50000   45.50000   280.5000  5544.2002
  56.50000   45.50000   280.5000  6246.2002
  57.50000   45.50000   280.5000  4044.7378
  58.50000   45.50000   280.5000  6204.9458
  59.50000   45.50000   280.5000  6219.5957
  60.50000   45.50000   280.5000  6906.0942
  61.50000   45.50000   280.5000  5991.4312
  62.50000   45.50000   280.5000  6715.5903
  63.50000   45.50000   280.5000  4877.6626
  64.50000   45.50000   280.5000  3897.8242
  65.50000   45.50000   280.5000  5020.8286
  66.50000   45.50000   280.5000  3966.8772
  67.50000   45.50000   280.5000  3067.4121
  68.50000   45.50000   280.5000  4832.5288
  69.50000   45.50000   280.5000  10674.252
  70.50000   45.50000   280.5000  5220.5176
  71.50000   45.50000   280.5000  5089.5112
  72.50000   45.50000   280.5000  4661.2715
  73.50000   45.50000   280.5000  5541.8774
  74.50000   45.50000   280.5000  7331.9985
  75.50000   45.50000   280.5000  7129.8604
  76.50000   45.50000   280.5000  9840.0537
  77.50000   45.50000   280.5000  6294.7954
  78.50000   45.50000   280.5000  9027.3262
  79.50000   45.50000   280.5000  8555.3799
  80.50000   45.50000   280.5000  5383.8076
  81.50000   45.50000   280.5000  6194.9985
  82.50000   45.50000   280.5000  10414.615
  83.50000   45.50000   280.5000  11365.870
  84.50000   45.50000   280.5000  10279.196
  85.50000   45.50000   280.5000  7309.9648
  86.50000   45.50000   280.5000  11439.531
  87.50000   45.50000   280.5000  4948.9927
  88.50000   45.50000   280.5000  11761.951
  89.50000   45.50000   280.5000  10569.579
  90.50000   45.50000   280.5000  10838.110
  91.50000   45.50000   280.5000  10402.680
  92.50000   45.50000   280.5000  10427.673
  93.50000   45.50000   280.5000  10692.232
  94.50000   45.50000   280.5000  11330.788
  95.50000   45.50000   280.5000  13343.441
  96.50000   45.50000   280.5000  10675.294
  97.50000   45.50000   280.5000  14718.487
  98.50000   45.50000   280.5000  14347.937
  99.50000   45.50000   280.5000  11703.002
   0.50000   45.50000   281.5000  3194.2097
   1.50000   45.50000   281.5000  2502.5552
   2.50000   45.50000   281.5000  4457.1489
   3.50000   45.50000   281.5000  3766.0408
   4.50000   45.50000   281.5000  3723.0229
   5.50000   45.50000   281.5000  5245.1802
   6.50000   45.50000   281.5000  2668.5708
   7.50000   45.50000   281.5000  3084.9272
   8.50000   45.50000   281.5000  4819.1270
   9.50000   45.50000   281.5000  5675.0498
  10.50000   45.50000   281.5000  5840.1201
  11.50000   45.50000   281.5000  9601.9268
  12.50000   45.50000   281.5000  9469.7295
  13.50000   45.50000   281.5000  6432.7480
  14.50000   45.50000   281.5000  5151.4614
  15.50000   45.50000   281.5000  5552.4761
  16.50000   45.50000   281.5000  4570.6255
  17.50000   45.50000   281.5000  8544.9795
  18.50000   45.50000   281.5000  3834.9985
  19.50000   45.50000   281.5000  4680.8872
  20.50000   45.50000   281.5000  5857.3223
  21.50000   45.50000   281.5000  6835.8999
  22.50000   45.50000   281.5000  3519.5322
  23.50000   45.50000   281.5000  4291.5933
  24.50000   45.50000   281.5000  4569.0815
  25.50000   45.50000   281.5000  5047.8169
  26.50000   45.50000   281.5000  4646.4941
  27.50000   45.50000   281.5000  6828.8472
  28.50000   45.50000   281.5000  2492.4885
  29.50000   45.50000   281.5000  4864.6182
  30.50000   45.50000   281.5000  3060.0093
  31.50000   45.50000   281.5000  1999.2595
  32.50000   45.50000   281.5000  2934.6201
  33.50000   45.50000   281.5000  2622.7600
  34.50000   45.50000   281.5000  3744.3110
  35.50000   45.50000   281.5000  3605.6201
  36.50000   45.50000   281.5000  4153.0581
  37.50000   45.50000   281.5000  4198.0498
  38.50000   45.50000   281.5000  2453.0127
  39.50000   45.50000   281.5000  4568.8232
  40.50000   45.50000   281.5000  2995.6248
  41.50000   45.50000   281.5000  4141.2432
  42.50000   45.50000   281.5000  3345.1880
  43.50000   45.50000   281.5000  3349.7275
  44.50000   45.50000   281.5000  4118.9692
  45.50000   45.50000   281.5000  3804.9766
  46.50000   45.50000   281.5000  3196.8042
  47.50000   45.50000   281.5000  4552.4619
  48.50000   45.50000   281.5000  3876.3391
  49.50000   45.50000   281.5000  4209.5400
  50.50000   45.50000   281.5000  3076.0901
  51.50000   45.50000   281.5000  6556.4302
  52.50000   45.50000   281.5000  4881.6729
  53.50000   45.50000   281.5000  2872.0073
  54.50000   45.50000   281.5000  3904.5107
  55.50000   45.50000   281.5000  11920.920
  56.50000   45.50000   281.5000  3895.6899
  57.50000   45.50000   281.5000  4081.2991
  58.50000   45.50000   281.5000  4393.8965
  59.50000   45.50000   281.5000  6108.4023
  60.50000   45.50000   281.5000  3193.7412
  61.50000   45.50000   281.5000  2376.2078
  62.50000   45.50000   281.5000  4436.4766
  63.50000   45.50000   281.5000  3805.2786
  64.50000   45.50000   281.5000  4800.0210
  65.50000   45.50000   281.5000  5039.6069
  66.50000   45.50000   281.5000  7677.0146
  67.50000   45.50000   281.5000  5807.7588
  68.50000   45.50000   281.5000  4016.8328
  69.50000   45.50000   281.5000  6768.5864
  70.50000   45.50000   281.5000  4257.8340
  71.50000   45.50000   281.5000  8777.8486
  72.50000   45.50000   281.5000  5235.1382
  73.50000   45.50000   281.5000  5253.2734
  74.50000   45.50000   281.5000  5506.5581
  75.50000   45.50000   281.5000  6486.1211
  76.50000   45.50000   281.5000  4454.1909
  77.50000   45.50000   281.5000  2956.0020
  78.50000   45.50000   281.5000  3851.0005
  79.50000   45.50000   281.5000  3344.7610
  80.50000   45.50000   281.5000  4411.5439
  81.50000   45.50000   281.5000  4893.1460
  82.50000   45.50000   281.5000  5955.0586
  83.50000   45.50000   281.5000  4304.8398
  84.50000   45.50000   281.5000  7340.5366
  85.50000   45.50000   281.5000  4126.8398
  86.50000   45.50000   281.5000  8754.0020
  87.50000   45.50000   281.5000  9645.1641
  88.50000   45.50000   281.5000  6894.9429
  89.50000   45.50000   281.5000  5141.9487
  90.50000   45.50000   281.5000  8724.2861
  91.50000   45.50000   281.5000  8149.6040
  92.50000   45.50000   281.5000  7456.6157
  93.50000   45.50000   281.5000  8917.3818
  94.50000   45.50000   281.5000  10294.351
  95.50000   45.50000   281.5000  10369.776
  96.50000   45.50000   281.5000  11442.863
  97.50000   45.50000   281.5000  11407.772
  98.50000   45.50000   281.5000  10718.079
  99.50000   45.50000   281.5000  10352.707
   0.50000   45.50000   282.5000  2312.7639
   1.50000   45.50000   282.5000  3086.1997
   2.50000   45.50000   282.5000  3117.4775
   3.50000   45.50000   282.5000  2755.5767
   4.50000   45.50000   282.5000  3212.5864
   5.50000   45.50000   282.5000  2798.9900
   6.50000   45.50000   282.5000  3999.3345
   7.50000   45.50000   282.5000  4359.8906
   8.50000   45.50000   282.5000  6919.1699
   9.50000   45.50000   282.5000  9780.6602
  10.50000   45.50000   282.5000  9952.5879
  11.50000   45.50000   282.5000  7870.2695
  12.50000   45.50000   282.5000  9865.1016
  13.50000   45.50000   282.5000  10509.441
  14.50000   45.50000   282.5000  6598.8896
  15.50000   45.50000   282.5000  3781.2356
  16.50000   45.50000   282.5000  5396.2393
  17.50000   45.50000   282.5000  8607.9229
  18.50000   45.50000   282.5000  8606.9346
  19.50000   45.50000   282.5000  5603.5317
  20.50000   45.50000   282.5000  4271.8999
  21.50000   45.50000   282.5000  3577.7544
  22.50000   45.50000   282.5000  6994.5552
  23.50000   45.50000   282.5000  3672.2817
  24.50000   45.50000   282.5000  4197.9741
  25.50000   45.50000   282.5000  3097.7200
  26.50000   45.50000   282.5000  9836.8525
  27.50000   45.50000   282.5000  4770.0996
  28.50000   45.50000   282.5000  3595.9998
  29.50000   45.50000   282.5000  3275.6313
  30.50000   45.50000   282.5000  3819.0027
  31.50000   45.50000   282.5000  5252.4570
  32.50000   45.50000   282.5000  3507.9700
  33.50000   45.50000   282.5000  5936.1108
  34.50000   45.50000   282.5000  3213.8291
  35.50000   45.50000   282.5000  6345.1401
  36.50000   45.50000   282.5000  6082.5752
  37.50000   45.50000   282.5000  4687.3193
  38.50000   45.50000   282.5000  5520.2739
  39.50000   45.50000   282.5000  5423.5918
  40.50000   45.50000   282.5000  3685.2097
  41.50000   45.50000   282.5000  3231.2166
  42.50000   45.50000   282.5000  5034.6802
  43.50000   45.50000   282.5000  4480.7905
  44.50000   45.50000   282.5000  3474.5161
  45.50000   45.50000   282.5000  5140.5815
  46.50000   45.50000   282.5000  2620.2922
  47.50000   45.50000   282.5000  5692.4482
  48.50000   45.50000   282.5000  4002.9600
  49.50000   45.50000   282.5000  4188.2700
  50.50000   45.50000   282.5000  4547.5298
  51.50000   45.50000   282.5000  9315.6699
  52.50000   45.50000   282.5000  8410.6455
  53.50000   45.50000   282.5000  4812.9922
  54.50000   45.50000   282.5000  8581.3848
  55.50000   45.50000   282.5000  6713.5098
  56.50000   45.50000   282.5000  5142.3301
  57.50000   45.50000   282.5000  5683.6265
  58.50000   45.50000   282.5000  6239.2812
  59.50000   45.50000   282.5000  3679.3933
  60.50000   45.50000   282.5000  3543.9167
  61.50000   45.50000   282.5000  4127.9282
  62.50000   45.50000   282.5000  4469.4448
  63.50000   45.50000   282.5000  5449.4985
  64.50000   45.50000   282.5000  4038.2688
  65.50000   45.50000   282.5000  3595.9915
  66.50000   45.50000   282.5000  5684.8354
  67.50000   45.50000   282.5000  5159.4868
  68.50000   45.50000   282.5000  3547.5383
  69.50000   45.50000   282.5000  8660.4385
  70.50000   45.50000   282.5000  5688.0039
  71.50000   45.50000   282.5000  4187.9751
  72.50000   45.50000   282.5000  2409.8516
  73.50000   45.50000   282.5000  4292.2002
  74.50000   45.50000   282.5000  3014.9360
  75.50000   45.50000   282.5000  4116.1465
  76.50000   45.50000   282.5000  7565.7295
  77.50000   45.50000   282.5000  4778.6113
  78.50000   45.50000   282.5000  5237.6543
  79.50000   45.50000   282.5000  8750.3447
  80.50000   45.50000   282.5000  4699.7778
  81.50000   45.50000   282.5000  6715.2251
  82.50000   45.50000   282.5000  10131.393
  83.50000   45.50000   282.5000  10377.210
  84.50000   45.50000   282.5000  9378.6611
  85.50000   45.50000   282.5000  10513.783
  86.50000   45.50000   282.5000  10964.675
  87.50000   45.50000   282.5000  10509.564
  88.50000   45.50000   282.5000  5908.7197
  89.50000   45.50000   282.5000  10275.542
  90.50000   45.50000   282.5000  7039.5645
  91.50000   45.50000   282.5000  8673.6865
  92.50000   45.50000   282.5000  10212.164
  93.50000   45.50000   282.5000  7489.7529
  94.50000   45.50000   282.5000  8387.3555
  95.50000   45.50000   282.5000  7871.8911
  96.50000   45.50000   282.5000  10203.440
  97.50000   45.50000   282.5000  11990.784
  98.50000   45.50000   282.5000  4272.6631
  99.50000   45.50000   282.5000  3434.1240
   0.50000   45.50000   283.5000  5431.8652
   1.50000   45.50000   283.5000  3679.8062
   2.50000   45.50000   283.5000  3507.6116
   3.50000   45.50000   283.5000  3168.7454
   4.50000   45.50000   283.5000  6518.0308
   5.50000   45.50000   283.5000  4539.5000
   6.50000   45.50000   283.5000  4813.9751
   7.50000   45.50000   283.5000  4768.6299
   8.50000   45.50000   283.5000  5697.3657
   9.50000   45.50000   283.5000  5276.8501
  10.50000   45.50000   283.5000  7356.2886
  11.50000   45.50000   283.5000  4387.3667
  12.50000   45.50000   283.5000  4568.8853
  13.50000   45.50000   283.5000  5650.4321
  14.50000   45.50000   283.5000  5276.2944
  15.50000   45.50000   283.5000  4679.5918
  16.50000   45.50000   283.5000  4860.2974
  17.50000   45.50000   283.5000  4962.1235
  18.50000   45.50000   283.5000  4519.4248
  19.50000   45.50000   283.5000  5746.2417
  20.50000   45.50000   283.5000  5893.7339
  21.50000   45.50000   283.5000  4749.8984
  22.50000   45.50000   283.5000  5382.4863
  23.50000   45.50000   283.5000  7466.1567
  24.50000   45.50000   283.5000  5002.3110
  25.50000   45.50000   283.5000  11308.291
  26.50000   45.50000   283.5000  6997.5884
  27.50000   45.50000   283.5000  3451.5830
  28.50000   45.50000   283.5000  9242.5039
  29.50000   45.50000   283.5000  8918.8506
  30.50000   45.50000   283.5000  5017.6050
  31.50000   45.50000   283.5000  5724.7661
  32.50000   45.50000   283.5000  3048.7600
  33.50000   45.50000   283.5000  5261.1890
  34.50000   45.50000   283.5000  5265.4395
  35.50000   45.50000   283.5000  8554.6904
  36.50000   45.50000   283.5000  5567.6187
  37.50000   45.50000   283.5000  3243.7358
  38.50000   45.50000   283.5000  3398.1377
  39.50000   45.50000   283.5000  2940.0630
  40.50000   45.50000   283.5000  3065.6548
  41.50000   45.50000   283.5000  3481.1484
  42.50000   45.50000   283.5000  2787.0505
  43.50000   45.50000   283.5000  2765.1545
  44.50000   45.50000   283.5000  2701.6453
  45.50000   45.50000   283.5000  4205.6387
  46.50000   45.50000   283.5000  5541.9653
  47.50000   45.50000   283.5000  2294.3267
  48.50000   45.50000   283.5000  3178.5872
  49.50000   45.50000   283.5000  3048.4299
  50.50000   45.50000   283.5000  1022.3900
  51.50000   45.50000   283.5000  3057.1699
  52.50000   45.50000   283.5000  5150.4170
  53.50000   45.50000   283.5000  3431.2803
  54.50000   45.50000   283.5000  3736.7175
  55.50000   45.50000   283.5000  5539.5200
  56.50000   45.50000   283.5000  1544.8300
  57.50000   45.50000   283.5000  2418.6025
  58.50000   45.50000   283.5000  2149.4919
  59.50000   45.50000   283.5000  2702.8601
  60.50000   45.50000   283.5000  3193.9875
  61.50000   45.50000   283.5000  3194.7893
  62.50000   45.50000   283.5000  2711.0056
  63.50000   45.50000   283.5000  2874.3242
  64.50000   45.50000   283.5000  2611.8777
  65.50000   45.50000   283.5000  2094.6702
  66.50000   45.50000   283.5000  1996.7699
  67.50000   45.50000   283.5000  2239.6326
  68.50000   45.50000   283.5000  2085.0852
  69.50000   45.50000   283.5000  4604.4512
  70.50000   45.50000   283.5000  2430.4822
  71.50000   45.50000   283.5000  2471.1624
  72.50000   45.50000   283.5000  2470.2429
  73.50000   45.50000   283.5000  1318.7419
  74.50000   45.50000   283.5000  852.91724
  75.50000   45.50000   283.5000  3671.6665
  76.50000   45.50000   283.5000  1701.9869
  77.50000   45.50000   283.5000  3193.1243
  78.50000   45.50000   283.5000  3305.8496
  79.50000   45.50000   283.5000  1952.9288
  80.50000   45.50000   283.5000  3320.6479
  81.50000   45.50000   283.5000  843.63855
  82.50000   45.50000   283.5000  1820.5928
  83.50000   45.50000   283.5000  2370.8501
  84.50000   45.50000   283.5000  1754.1987
  85.50000   45.50000   283.5000  2917.0054
  86.50000   45.50000   283.5000  4064.4680
  87.50000   45.50000   283.5000  860.51819
  88.50000   45.50000   283.5000  397.40460
  89.50000   45.50000   283.5000  2319.7434
  90.50000   45.50000   283.5000  3177.6912
  91.50000   45.50000   283.5000  3408.5576
  92.50000   45.50000   283.5000  2046.7960
  93.50000   45.50000   283.5000  2466.2825
  94.50000   45.50000   283.5000  5189.3716
  95.50000   45.50000   283.5000  2035.4650
  96.50000   45.50000   283.5000  2484.2595
  97.50000   45.50000   283.5000  3559.9316
  98.50000   45.50000   283.5000  1978.9380
  99.50000   45.50000   283.5000  3367.1592
   0.50000   45.50000   284.5000  2797.0234
   1.50000   45.50000   284.5000  2271.7046
   2.50000   45.50000   284.5000  4157.3516
   3.50000   45.50000   284.5000  3369.0647
   4.50000   45.50000   284.5000  4832.8872
   5.50000   45.50000   284.5000  4035.6899
   6.50000   45.50000   284.5000  4259.0811
   7.50000   45.50000   284.5000  5348.1641
   8.50000   45.50000   284.5000  5475.3643
   9.50000   45.50000   284.5000  7870.2100
  10.50000   45.50000   284.5000  5775.6650
  11.50000   45.50000   284.5000  4936.2480
  12.50000   45.50000   284.5000  3724.2109
  13.50000   45.50000   284.5000  2886.9319
  14.50000   45.50000   284.5000  4441.0981
  15.50000   45.50000   284.5000  4036.5364
  16.50000   45.50000   284.5000  5695.1211
  17.50000   45.50000   284.5000  4833.2485
  18.50000   45.50000   284.5000  6571.8506
  19.50000   45.50000   284.5000  5150.0669
  20.50000   45.50000   284.5000  4720.0312
  21.50000   45.50000   284.5000  4947.2295
  22.50000   45.50000   284.5000  4598.1182
  23.50000   45.50000   284.5000  5030.8438
  24.50000   45.50000   284.5000  4564.3574
  25.50000   45.50000   284.5000  4877.0879
  26.50000   45.50000   284.5000  6344.6265
  27.50000   45.50000   284.5000  2921.3196
  28.50000   45.50000   284.5000  3344.6677
  29.50000   45.50000   284.5000  5683.8330
  30.50000   45.50000   284.5000  3679.1589
  31.50000   45.50000   284.5000  3160.8767
  32.50000   45.50000   284.5000  2624.8799
  33.50000   45.50000   284.5000  3835.6687
  34.50000   45.50000   284.5000  2927.5730
  35.50000   45.50000   284.5000  2589.1001
  36.50000   45.50000   284.5000  3642.6528
  37.50000   45.50000   284.5000  3399.9355
  38.50000   45.50000   284.5000  5842.8164
  39.50000   45.50000   284.5000  3542.0901
  40.50000   45.50000   284.5000  3334.1062
  41.50000   45.50000   284.5000  2029.0436
  42.50000   45.50000   284.5000  2237.6182
  43.50000   45.50000   284.5000  3909.5059
  44.50000   45.50000   284.5000  3287.1506
  45.50000   45.50000   284.5000  2889.3057
  46.50000   45.50000   284.5000  3473.2400
  47.50000   45.50000   284.5000  3492.1299
  48.50000   45.50000   284.5000  5763.3047
  49.50000   45.50000   284.5000  4162.4600
  50.50000   45.50000   284.5000  2449.9399
  51.50000   45.50000   284.5000  4153.0098
  52.50000   45.50000   284.5000  3679.2354
  53.50000   45.50000   284.5000  2693.0007
  54.50000   45.50000   284.5000  2952.7329
  55.50000   45.50000   284.5000  4610.2998
  56.50000   45.50000   284.5000  5373.9902
  57.50000   45.50000   284.5000  4244.2173
  58.50000   45.50000   284.5000  3542.8484
  59.50000   45.50000   284.5000  4861.2065
  60.50000   45.50000   284.5000  4345.7817
  61.50000   45.50000   284.5000  3926.6777
  62.50000   45.50000   284.5000  5150.9048
  63.50000   45.50000   284.5000  5189.9775
  64.50000   45.50000   284.5000  4699.7896
  65.50000   45.50000   284.5000  4849.8311
  66.50000   45.50000   284.5000  4740.5146
  67.50000   45.50000   284.5000  4188.2603
  68.50000   45.50000   284.5000  5772.9976
  69.50000   45.50000   284.5000  4203.1099
  70.50000   45.50000   284.5000  3303.2954
  71.50000   45.50000   284.5000  4233.5220
  72.50000   45.50000   284.5000  3895.7395
  73.50000   45.50000   284.5000  4105.3921
  74.50000   45.50000   284.5000  4437.5728
  75.50000   45.50000   284.5000  2525.7771
  76.50000   45.50000   284.5000  4108.1880
  77.50000   45.50000   284.5000  2314.0525
  78.50000   45.50000   284.5000  4102.3677
  79.50000   45.50000   284.5000  1520.6667
  80.50000   45.50000   284.5000  2598.0891
  81.50000   45.50000   284.5000  1580.5542
  82.50000   45.50000   284.5000  4211.2856
  83.50000   45.50000   284.5000  4306.6099
  84.50000   45.50000   284.5000  3677.9434
  85.50000   45.50000   284.5000  3925.5364
  86.50000   45.50000   284.5000  4267.3682
  87.50000   45.50000   284.5000  4683.9561
  88.50000   45.50000   284.5000  3677.9033
  89.50000   45.50000   284.5000  2283.3938
  90.50000   45.50000   284.5000  6598.9805
  91.50000   45.50000   284.5000  3466.6011
  92.50000   45.50000   284.5000  4086.0125
  93.50000   45.50000   284.5000  5033.5493
  94.50000   45.50000   284.5000  4737.0239
  95.50000   45.50000   284.5000  6389.0127
  96.50000   45.50000   284.5000  3079.9080
  97.50000   45.50000   284.5000  3051.4216
  98.50000   45.50000   284.5000  2614.2097
  99.50000   45.50000   284.5000  3902.3752
   0.50000   45.50000   285.5000  2410.3706
   1.50000   45.50000   285.5000  4186.4932
   2.50000   45.50000   285.5000  3145.6641
   3.50000   45.50000   285.5000  2456.3354
   4.50000   45.50000   285.5000  1713.5979
   5.50000   45.50000   285.5000  2101.9299
   6.50000   45.50000   285.5000  2602.6445
   7.50000   45.50000   285.5000  2154.1907
   8.50000   45.50000   285.5000  2813.5103
   9.50000   45.50000   285.5000  3752.0901
  10.50000   45.50000   285.5000  2469.8455
  11.50000   45.50000   285.5000  2867.4968
  12.50000   45.50000   285.5000  3246.2600
  13.50000   45.50000   285.5000  4185.7231
  14.50000   45.50000   285.5000  3042.2393
  15.50000   45.50000   285.5000  3345.1467
  16.50000   45.50000   285.5000  3724.7964
  17.50000   45.50000   285.5000  4325.0415
  18.50000   45.50000   285.5000  7836.3003
  19.50000   45.50000   285.5000  6068.7290
  20.50000   45.50000   285.5000  5954.7021
  21.50000   45.50000   285.5000  5953.9780
  22.50000   45.50000   285.5000  6501.0732
  23.50000   45.50000   285.5000  5164.8545
  24.50000   45.50000   285.5000  4552.2437
  25.50000   45.50000   285.5000  8029.6694
  26.50000   45.50000   285.5000  5250.6382
  27.50000   45.50000   285.5000  4605.7495
  28.50000   45.50000   285.5000  5823.0610
  29.50000   45.50000   285.5000  4212.9561
  30.50000   45.50000   285.5000  5274.9810
  31.50000   45.50000   285.5000  5824.8271
  32.50000   45.50000   285.5000  3926.3401
  33.50000   45.50000   285.5000  4255.1240
  34.50000   45.50000   285.5000  10665.993
  35.50000   45.50000   285.5000  10187.570
  36.50000   45.50000   285.5000  10573.021
  37.50000   45.50000   285.5000  14347.231
  38.50000   45.50000   285.5000  6888.4131
  39.50000   45.50000   285.5000  9277.9863
  40.50000   45.50000   285.5000  4912.5781
  41.50000   45.50000   285.5000  5912.4673
  42.50000   45.50000   285.5000  2823.2246
  43.50000   45.50000   285.5000  5259.6489
  44.50000   45.50000   285.5000  4548.2012
  45.50000   45.50000   285.5000  5729.6079
  46.50000   45.50000   285.5000  2818.9995
  47.50000   45.50000   285.5000  3450.1284
  48.50000   45.50000   285.5000  2489.6353
  49.50000   45.50000   285.5000  2819.2100
  50.50000   45.50000   285.5000  2274.1899
  51.50000   45.50000   285.5000  6193.4302
  52.50000   45.50000   285.5000  5778.2705
  53.50000   45.50000   285.5000  3683.9094
  54.50000   45.50000   285.5000  2758.2246
  55.50000   45.50000   285.5000  2692.9299
  56.50000   45.50000   285.5000  2924.5801
  57.50000   45.50000   285.5000  3682.1990
  58.50000   45.50000   285.5000  4412.2856
  59.50000   45.50000   285.5000  5382.0322
  60.50000   45.50000   285.5000  3734.4900
  61.50000   45.50000   285.5000  4161.1421
  62.50000   45.50000   285.5000  4091.1775
  63.50000   45.50000   285.5000  5150.2871
  64.50000   45.50000   285.5000  3621.0889
  65.50000   45.50000   285.5000  3448.8987
  66.50000   45.50000   285.5000  2821.2168
  67.50000   45.50000   285.5000  4719.5532
  68.50000   45.50000   285.5000  4195.7998
  69.50000   45.50000   285.5000  4074.4871
  70.50000   45.50000   285.5000  3459.8958
  71.50000   45.50000   285.5000  4000.3450
  72.50000   45.50000   285.5000  3394.7693
  73.50000   45.50000   285.5000  3047.5959
  74.50000   45.50000   285.5000  4068.0842
  75.50000   45.50000   285.5000  4603.9287
  76.50000   45.50000   285.5000  4186.6333
  77.50000   45.50000   285.5000  2735.2563
  78.50000   45.50000   285.5000  1982.8870
  79.50000   45.50000   285.5000  2047.0530
  80.50000   45.50000   285.5000  3107.1716
  81.50000   45.50000   285.5000  1560.7167
  82.50000   45.50000   285.5000  2136.2163
  83.50000   45.50000   285.5000  4013.6101
  84.50000   45.50000   285.5000  958.75629
  85.50000   45.50000   285.5000  1933.3435
  86.50000   45.50000   285.5000  1757.2906
  87.50000   45.50000   285.5000  3769.8799
  88.50000   45.50000   285.5000  4038.5181
  89.50000   45.50000   285.5000  3067.2798
  90.50000   45.50000   285.5000  3542.9080
  91.50000   45.50000   285.5000  3011.5205
  92.50000   45.50000   285.5000  4564.3193
  93.50000   45.50000   285.5000  4287.9189
  94.50000   45.50000   285.5000  4304.1226
  95.50000   45.50000   285.5000  5766.6514
  96.50000   45.50000   285.5000  3623.7725
  97.50000   45.50000   285.5000  6476.2212
  98.50000   45.50000   285.5000  8140.0259
  99.50000   45.50000   285.5000  7334.4341
   0.50000   45.50000   286.5000  7006.3950
   1.50000   45.50000   286.5000  4702.7373
   2.50000   45.50000   286.5000  4699.8130
   3.50000   45.50000   286.5000  6984.8608
   4.50000   45.50000   286.5000  4247.4775
   5.50000   45.50000   286.5000  3444.6001
   6.50000   45.50000   286.5000  4261.6968
   7.50000   45.50000   286.5000  2883.4019
   8.50000   45.50000   286.5000  4920.2139
   9.50000   45.50000   286.5000  4394.5601
  10.50000   45.50000   286.5000  4108.2446
  11.50000   45.50000   286.5000  7048.2012
  12.50000   45.50000   286.5000  4833.6167
  13.50000   45.50000   286.5000  5449.0347
  14.50000   45.50000   286.5000  4436.9111
  15.50000   45.50000   286.5000  5228.0674
  16.50000   45.50000   286.5000  3833.9412
  17.50000   45.50000   286.5000  3841.6436
  18.50000   45.50000   286.5000  2662.9373
  19.50000   45.50000   286.5000  2893.9990
  20.50000   45.50000   286.5000  4794.3081
  21.50000   45.50000   286.5000  3541.4766
  22.50000   45.50000   286.5000  3080.6038
  23.50000   45.50000   286.5000  3866.3760
  24.50000   45.50000   286.5000  5034.4927
  25.50000   45.50000   286.5000  2344.4753
  26.50000   45.50000   286.5000  2515.9026
  27.50000   45.50000   286.5000  4688.1758
  28.50000   45.50000   286.5000  3206.1423
  29.50000   45.50000   286.5000  5500.2236
  30.50000   45.50000   286.5000  3033.7317
  31.50000   45.50000   286.5000  3564.1912
  32.50000   45.50000   286.5000  2859.0400
  33.50000   45.50000   286.5000  1343.2891
  34.50000   45.50000   286.5000  3575.5852
  35.50000   45.50000   286.5000  3793.2000
  36.50000   45.50000   286.5000  2618.5825
  37.50000   45.50000   286.5000  3299.5076
  38.50000   45.50000   286.5000  4361.6011
  39.50000   45.50000   286.5000  2683.1531
  40.50000   45.50000   286.5000  2955.0742
  41.50000   45.50000   286.5000  2062.2856
  42.50000   45.50000   286.5000  3473.6929
  43.50000   45.50000   286.5000  3079.8826
  44.50000   45.50000   286.5000  2278.6985
  45.50000   45.50000   286.5000  1826.1448
  46.50000   45.50000   286.5000  1746.9900
  47.50000   45.50000   286.5000  2249.0535
  48.50000   45.50000   286.5000  2185.7334
  49.50000   45.50000   286.5000  2331.8799
  50.50000   45.50000   286.5000  2411.2000
  51.50000   45.50000   286.5000  2597.6899
  52.50000   45.50000   286.5000  2601.7285
  53.50000   45.50000   286.5000  3002.6987
  54.50000   45.50000   286.5000  4799.1138
  55.50000   45.50000   286.5000  3163.8999
  56.50000   45.50000   286.5000  4428.5298
  57.50000   45.50000   286.5000  5066.1035
  58.50000   45.50000   286.5000  4444.2739
  59.50000   45.50000   286.5000  4539.4512
  60.50000   45.50000   286.5000  3817.8416
  61.50000   45.50000   286.5000  3408.5068
  62.50000   45.50000   286.5000  2823.2957
  63.50000   45.50000   286.5000  2929.5647
  64.50000   45.50000   286.5000  4181.8110
  65.50000   45.50000   286.5000  4792.1411
  66.50000   45.50000   286.5000  3931.0747
  67.50000   45.50000   286.5000  7016.4106
  68.50000   45.50000   286.5000  4104.7046
  69.50000   45.50000   286.5000  5128.7764
  70.50000   45.50000   286.5000  3805.9807
  71.50000   45.50000   286.5000  7505.9741
  72.50000   45.50000   286.5000  6152.5117
  73.50000   45.50000   286.5000  4769.7358
  74.50000   45.50000   286.5000  6465.8774
  75.50000   45.50000   286.5000  3397.6045
  76.50000   45.50000   286.5000  2807.2297
  77.50000   45.50000   286.5000  4205.1597
  78.50000   45.50000   286.5000  4778.2466
  79.50000   45.50000   286.5000  5247.8228
  80.50000   45.50000   286.5000  6071.5854
  81.50000   45.50000   286.5000  5629.0098
  82.50000   45.50000   286.5000  3344.7231
  83.50000   45.50000   286.5000  3451.8899
  84.50000   45.50000   286.5000  4394.4883
  85.50000   45.50000   286.5000  3671.0049
  86.50000   45.50000   286.5000  4299.5039
  87.50000   45.50000   286.5000  4876.6592
  88.50000   45.50000   286.5000  3731.1113
  89.50000   45.50000   286.5000  4285.7866
  90.50000   45.50000   286.5000  4108.5972
  91.50000   45.50000   286.5000  6580.6626
  92.50000   45.50000   286.5000  9465.8281
  93.50000   45.50000   286.5000  6024.5044
  94.50000   45.50000   286.5000  8113.3281
  95.50000   45.50000   286.5000  5381.2363
  96.50000   45.50000   286.5000  6960.1064
  97.50000   45.50000   286.5000  6165.3389
  98.50000   45.50000   286.5000  6890.9077
  99.50000   45.50000   286.5000  9031.7764
   0.50000   45.50000   287.5000  5492.3560
   1.50000   45.50000   287.5000  4113.0156
   2.50000   45.50000   287.5000  5349.7754
   3.50000   45.50000   287.5000  2859.2996
   4.50000   45.50000   287.5000  4039.6013
   5.50000   45.50000   287.5000  2647.3201
   6.50000   45.50000   287.5000  3604.2659
   7.50000   45.50000   287.5000  3987.9116
   8.50000   45.50000   287.5000  4480.1465
   9.50000   45.50000   287.5000  4352.2500
  10.50000   45.50000   287.5000  3756.5596
  11.50000   45.50000   287.5000  3790.0544
  12.50000   45.50000   287.5000  3066.9292
  13.50000   45.50000   287.5000  3599.9358
  14.50000   45.50000   287.5000  4967.6284
  15.50000   45.50000   287.5000  3207.2788
  16.50000   45.50000   287.5000  4106.1841
  17.50000   45.50000   287.5000  2886.7419
  18.50000   45.50000   287.5000  2836.5881
  19.50000   45.50000   287.5000  2859.7578
  20.50000   45.50000   287.5000  2799.7146
  21.50000   45.50000   287.5000  2027.8922
  22.50000   45.50000   287.5000  3485.9504
  23.50000   45.50000   287.5000  4687.2432
  24.50000   45.50000   287.5000  4367.2207
  25.50000   45.50000   287.5000  3037.7217
  26.50000   45.50000   287.5000  2993.8071
  27.50000   45.50000   287.5000  2664.4353
  28.50000   45.50000   287.5000  2281.7708
  29.50000   45.50000   287.5000  2409.9626
  30.50000   45.50000   287.5000  2383.5601
  31.50000   45.50000   287.5000  1967.7800
  32.50000   45.50000   287.5000  2409.7000
  33.50000   45.50000   287.5000  2808.4397
  34.50000   45.50000   287.5000  2701.9102
  35.50000   45.50000   287.5000  3124.5100
  36.50000   45.50000   287.5000  2240.8005
  37.50000   45.50000   287.5000  2062.1855
  38.50000   45.50000   287.5000  2935.1577
  39.50000   45.50000   287.5000  2531.8848
  40.50000   45.50000   287.5000  3066.1399
  41.50000   45.50000   287.5000  2374.9404
  42.50000   45.50000   287.5000  2204.1440
  43.50000   45.50000   287.5000  2892.0217
  44.50000   45.50000   287.5000  2539.7534
  45.50000   45.50000   287.5000  2719.5715
  46.50000   45.50000   287.5000  3626.6687
  47.50000   45.50000   287.5000  3031.6848
  48.50000   45.50000   287.5000  3129.2041
  49.50000   45.50000   287.5000  2851.9500
  50.50000   45.50000   287.5000  1817.0300
  51.50000   45.50000   287.5000  2581.6599
  52.50000   45.50000   287.5000  2956.2871
  53.50000   45.50000   287.5000  2032.5573
  54.50000   45.50000   287.5000  4034.8777
  55.50000   45.50000   287.5000  2755.6899
  56.50000   45.50000   287.5000  1984.1300
  57.50000   45.50000   287.5000  2231.9221
  58.50000   45.50000   287.5000  670.63312
  59.50000   45.50000   287.5000  688.63922
  60.50000   45.50000   287.5000  686.90503
  61.50000   45.50000   287.5000  803.90570
  62.50000   45.50000   287.5000  206.16599
  63.50000   45.50000   287.5000  419.84369
  64.50000   45.50000   287.5000  704.93640
  65.50000   45.50000   287.5000  1478.5209
  66.50000   45.50000   287.5000  1641.6820
  67.50000   45.50000   287.5000  1229.4779
  68.50000   45.50000   287.5000  1954.5680
  69.50000   45.50000   287.5000  1342.9564
  70.50000   45.50000   287.5000  2149.9812
  71.50000   45.50000   287.5000  2160.2954
  72.50000   45.50000   287.5000  1613.1108
  73.50000   45.50000   287.5000  745.01660
  74.50000   45.50000   287.5000  2005.6571
  75.50000   45.50000   287.5000  959.85071
  76.50000   45.50000   287.5000  1815.9949
  77.50000   45.50000   287.5000  1568.6902
  78.50000   45.50000   287.5000  2071.4651
  79.50000   45.50000   287.5000  1714.4785
  80.50000   45.50000   287.5000  1500.7262
  81.50000   45.50000   287.5000  269.76688
  82.50000   45.50000   287.5000  407.42532
  83.50000   45.50000   287.5000  673.09003
  84.50000   45.50000   287.5000  2241.5083
  85.50000   45.50000   287.5000  2085.3413
  86.50000   45.50000   287.5000  1411.2954
  87.50000   45.50000   287.5000  2742.0581
  88.50000   45.50000   287.5000  2921.7004
  89.50000   45.50000   287.5000  3605.6416
  90.50000   45.50000   287.5000  2684.8721
  91.50000   45.50000   287.5000  1511.9624
  92.50000   45.50000   287.5000  3343.6392
  93.50000   45.50000   287.5000  2908.0322
  94.50000   45.50000   287.5000  4232.1240
  95.50000   45.50000   287.5000  4453.9775
  96.50000   45.50000   287.5000  3903.6868
  97.50000   45.50000   287.5000  7039.1050
  98.50000   45.50000   287.5000  4969.7344
  99.50000   45.50000   287.5000  4517.2754
   0.50000   45.50000   288.5000  6196.8315
   1.50000   45.50000   288.5000  5991.9849
   2.50000   45.50000   288.5000  4317.2124
   3.50000   45.50000   288.5000  5347.9985
   4.50000   45.50000   288.5000  4254.5571
   5.50000   45.50000   288.5000  3474.7200
   6.50000   45.50000   288.5000  4831.9585
   7.50000   45.50000   288.5000  5687.5830
   8.50000   45.50000   288.5000  5328.1333
   9.50000   45.50000   288.5000  4231.2402
  10.50000   45.50000   288.5000  3857.6514
  11.50000   45.50000   288.5000  5202.6992
  12.50000   45.50000   288.5000  5380.4805
  13.50000   45.50000   288.5000  5211.4189
  14.50000   45.50000   288.5000  4412.2446
  15.50000   45.50000   288.5000  1960.6309
  16.50000   45.50000   288.5000  4282.7637
  17.50000   45.50000   288.5000  4580.4585
  18.50000   45.50000   288.5000  3833.1379
  19.50000   45.50000   288.5000  2947.5850
  20.50000   45.50000   288.5000  3275.1140
  21.50000   45.50000   288.5000  4359.5522
  22.50000   45.50000   288.5000  2179.8792
  23.50000   45.50000   288.5000  3679.1543
  24.50000   45.50000   288.5000  2469.5742
  25.50000   45.50000   288.5000  3837.1311
  26.50000   45.50000   288.5000  1973.2650
  27.50000   45.50000   288.5000  3734.3430
  28.50000   45.50000   288.5000  1782.1443
  29.50000   45.50000   288.5000  1954.5862
  30.50000   45.50000   288.5000  1916.4998
  31.50000   45.50000   288.5000  2006.5288
  32.50000   45.50000   288.5000  2200.7100
  33.50000   45.50000   288.5000  2724.9524
  34.50000   45.50000   288.5000  2557.2888
  35.50000   45.50000   288.5000  3079.6201
  36.50000   45.50000   288.5000  1868.1858
  37.50000   45.50000   288.5000  2525.4929
  38.50000   45.50000   288.5000  3239.4775
  39.50000   45.50000   288.5000  1919.3849
  40.50000   45.50000   288.5000  2360.9722
  41.50000   45.50000   288.5000  2814.1213
  42.50000   45.50000   288.5000  2691.7366
  43.50000   45.50000   288.5000  4362.1611
  44.50000   45.50000   288.5000  412.42841
  45.50000   45.50000   288.5000  1446.6049
  46.50000   45.50000   288.5000  2202.4727
  47.50000   45.50000   288.5000  2889.4790
  48.50000   45.50000   288.5000  2625.0054
  49.50000   45.50000   288.5000  1368.6796
  50.50000   45.50000   288.5000  2061.5635
  51.50000   45.50000   288.5000  2296.4768
  52.50000   45.50000   288.5000  2656.4497
  53.50000   45.50000   288.5000  3236.6670
  54.50000   45.50000   288.5000  708.08569
  55.50000   45.50000   288.5000  1743.7987
  56.50000   45.50000   288.5000  404.53339
  57.50000   45.50000   288.5000  407.58493
  58.50000   45.50000   288.5000  1662.4452
  59.50000   45.50000   288.5000  1638.5104
  60.50000   45.50000   288.5000  1948.9706
  61.50000   45.50000   288.5000  3618.7053
  62.50000   45.50000   288.5000  2344.9231
  63.50000   45.50000   288.5000  444.18015
  64.50000   45.50000   288.5000  890.67877
  65.50000   45.50000   288.5000  2493.2939
  66.50000   45.50000   288.5000  2006.1256
  67.50000   45.50000   288.5000  1961.4174
  68.50000   45.50000   288.5000  1833.6383
  69.50000   45.50000   288.5000  1826.6935
  70.50000   45.50000   288.5000  2372.4316
  71.50000   45.50000   288.5000  3490.2234
  72.50000   45.50000   288.5000  2911.9363
  73.50000   45.50000   288.5000  2524.7854
  74.50000   45.50000   288.5000  2701.6191
  75.50000   45.50000   288.5000  1957.6766
  76.50000   45.50000   288.5000  2956.6436
  77.50000   45.50000   288.5000  2590.6204
  78.50000   45.50000   288.5000  2784.6489
  79.50000   45.50000   288.5000  3048.7129
  80.50000   45.50000   288.5000  3064.0061
  81.50000   45.50000   288.5000  6205.0327
  82.50000   45.50000   288.5000  3477.1162
  83.50000   45.50000   288.5000  4737.9263
  84.50000   45.50000   288.5000  2918.9177
  85.50000   45.50000   288.5000  4753.2358
  86.50000   45.50000   288.5000  4187.7871
  87.50000   45.50000   288.5000  3623.4102
  88.50000   45.50000   288.5000  4380.5439
  89.50000   45.50000   288.5000  3177.1035
  90.50000   45.50000   288.5000  3605.7554
  91.50000   45.50000   288.5000  4300.5869
  92.50000   45.50000   288.5000  5764.2432
  93.50000   45.50000   288.5000  3704.1592
  94.50000   45.50000   288.5000  3958.8232
  95.50000   45.50000   288.5000  4401.1523
  96.50000   45.50000   288.5000  3782.9465
  97.50000   45.50000   288.5000  6533.5454
  98.50000   45.50000   288.5000  3293.3367
  99.50000   45.50000   288.5000  6084.6040
   0.50000   45.50000   289.5000  2032.1149
   1.50000   45.50000   289.5000  2086.3000
   2.50000   45.50000   289.5000  1054.6757
   3.50000   45.50000   289.5000  1703.2866
   4.50000   45.50000   289.5000  438.00705
   5.50000   45.50000   289.5000  1011.5511
   6.50000   45.50000   289.5000  1014.7526
   7.50000   45.50000   289.5000  1225.3561
   8.50000   45.50000   289.5000  899.59161
   9.50000   45.50000   289.5000  2260.3657
  10.50000   45.50000   289.5000  3440.0913
  11.50000   45.50000   289.5000  3331.1526
  12.50000   45.50000   289.5000  2566.6887
  13.50000   45.50000   289.5000  2760.0200
  14.50000   45.50000   289.5000  1889.7616
  15.50000   45.50000   289.5000  2779.0215
  16.50000   45.50000   289.5000  2489.7026
  17.50000   45.50000   289.5000  2760.5156
  18.50000   45.50000   289.5000  2606.0068
  19.50000   45.50000   289.5000  3772.1902
  20.50000   45.50000   289.5000  2666.2327
  21.50000   45.50000   289.5000  1650.9548
  22.50000   45.50000   289.5000  3331.1448
  23.50000   45.50000   289.5000  1668.2852
  24.50000   45.50000   289.5000  515.13043
  25.50000   45.50000   289.5000  1314.5190
  26.50000   45.50000   289.5000  2226.0166
  27.50000   45.50000   289.5000  1086.5179
  28.50000   45.50000   289.5000  253.33127
  29.50000   45.50000   289.5000  3353.6094
  30.50000   45.50000   289.5000  1444.2736
  31.50000   45.50000   289.5000  2491.7634
  32.50000   45.50000   289.5000  4210.0786
  33.50000   45.50000   289.5000  1404.4294
  34.50000   45.50000   289.5000  1406.7891
  35.50000   45.50000   289.5000  1823.4033
  36.50000   45.50000   289.5000  1010.8407
  37.50000   45.50000   289.5000  2298.0422
  38.50000   45.50000   289.5000  1448.8275
  39.50000   45.50000   289.5000  1382.9318
  40.50000   45.50000   289.5000  2098.3303
  41.50000   45.50000   289.5000  1605.8629
  42.50000   45.50000   289.5000  2619.4746
  43.50000   45.50000   289.5000  2282.6235
  44.50000   45.50000   289.5000  1957.6503
  45.50000   45.50000   289.5000  2477.6379
  46.50000   45.50000   289.5000  1891.9037
  47.50000   45.50000   289.5000  2436.7874
  48.50000   45.50000   289.5000  864.29248
  49.50000   45.50000   289.5000  2851.8491
  50.50000   45.50000   289.5000  2217.1831
  51.50000   45.50000   289.5000  1960.5259
  52.50000   45.50000   289.5000  3151.0596
  53.50000   45.50000   289.5000  2375.7039
  54.50000   45.50000   289.5000  1392.8779
  55.50000   45.50000   289.5000  2458.1011
  56.50000   45.50000   289.5000  2203.1094
  57.50000   45.50000   289.5000  3107.1702
  58.50000   45.50000   289.5000  2286.9485
  59.50000   45.50000   289.5000  1569.3334
  60.50000   45.50000   289.5000  2783.9128
  61.50000   45.50000   289.5000  2380.7793
  62.50000   45.50000   289.5000  1936.3060
  63.50000   45.50000   289.5000  2679.7273
  64.50000   45.50000   289.5000  2492.3254
  65.50000   45.50000   289.5000  2799.7944
  66.50000   45.50000   289.5000  2803.2302
  67.50000   45.50000   289.5000  2511.7292
  68.50000   45.50000   289.5000  2611.2522
  69.50000   45.50000   289.5000  2345.4758
  70.50000   45.50000   289.5000  3441.5027
  71.50000   45.50000   289.5000  2034.3198
  72.50000   45.50000   289.5000  2377.3684
  73.50000   45.50000   289.5000  2801.0730
  74.50000   45.50000   289.5000  1754.3075
  75.50000   45.50000   289.5000  2784.8479
  76.50000   45.50000   289.5000  1954.4498
  77.50000   45.50000   289.5000  3978.6558
  78.50000   45.50000   289.5000  6912.6973
  79.50000   45.50000   289.5000  2891.8391
  80.50000   45.50000   289.5000  3235.7170
  81.50000   45.50000   289.5000  4318.0190
  82.50000   45.50000   289.5000  3743.2434
  83.50000   45.50000   289.5000  2511.1738
  84.50000   45.50000   289.5000  2384.6287
  85.50000   45.50000   289.5000  4306.5410
  86.50000   45.50000   289.5000  2694.7031
  87.50000   45.50000   289.5000  3796.3035
  88.50000   45.50000   289.5000  3684.7217
  89.50000   45.50000   289.5000  4011.0898
  90.50000   45.50000   289.5000  5675.5044
  91.50000   45.50000   289.5000  4411.6631
  92.50000   45.50000   289.5000  4519.5513
  93.50000   45.50000   289.5000  5334.0894
  94.50000   45.50000   289.5000  3175.2512
  95.50000   45.50000   289.5000  3907.4951
  96.50000   45.50000   289.5000  5579.9346
  97.50000   45.50000   289.5000  4653.5679
  98.50000   45.50000   289.5000  3860.5603
  99.50000   45.50000   289.5000  4137.4727
