Histogram summary file
11
realization
number of data
number of data trimmed
mean
standard deviation
coefficient of variation
maximum
upper quartile
median
lower quartile
minimum
   1     2000        0    4663.9487        2731.4653       0.58565509        14678.530        5837.4541        4016.3213        2774.6052        0.0000000    
   2     2000        0    4522.9497        2600.2200       0.57489473        14682.907        5519.5601        3932.7964        2749.1711        0.0000000    
   3     2000        0    4743.0449        2853.9905       0.60172117        15087.472        5916.0425        4066.1890        2765.6934        0.0000000    
   4     2000        0    4791.4307        2888.4365       0.60283381        15445.454        5938.9097        3989.9878        2804.7185        0.0000000    
   5     2000        0    4775.0942        2938.5674       0.61539465        19745.635        5946.1294        4108.2090        2761.8118        0.0000000    
   6     2000        0    4329.3872        2604.5786       0.60160446        14790.737        5332.2617        3755.1228        2639.5979        0.0000000    
   7     2000        0    4524.5117        2654.9854       0.58680040        14651.336        5552.6484        3904.3054        2682.4324        0.0000000    
   8     2000        0    4656.6548        2825.0410       0.60666746        19342.602        5743.8169        4008.5830        2800.8259        0.0000000    
   9     2000        0    4441.8267        2658.8635       0.59859687        14662.720        5545.1650        3790.7642        2649.3130        0.0000000    
  10     2000        0    4737.9775        2891.4456       0.61027002        15327.938        6133.6191        3989.8494        2687.5696        0.0000000    
  11     2000        0    4906.9648        2756.6492       0.56178296        14845.293        5983.0781        4298.4580        3039.5989        0.0000000    
  12     2000        0    4635.7295        2886.0046       0.62255675        18298.498        5689.7256        3967.1675        2709.6533        0.0000000    
  13     2000        0    4546.8452        2799.2595       0.61564875        19554.859        5708.0308        3849.7051        2665.2944        0.0000000    
  14     2000        0    4247.4956        2637.8428       0.62103486        15183.223        5402.0786        3768.1758        2489.3391        0.0000000    
  15     2000        0    4502.0386        2696.3613       0.59892011        14977.669        5589.2324        3960.1685        2719.5779        0.0000000    
  16     2000        0    4826.3994        3062.9692       0.63462824        17878.279        6196.1968        4048.6187        2679.0518        0.0000000    
  17     2000        0    4566.2930        2665.6885       0.58377522        19600.404        5519.1372        3948.8372        2799.5447        0.0000000    
  18     2000        0    4757.0264        2770.1902       0.58233649        15293.498        5874.9248        4066.6140        2851.9199        0.0000000    
  19     2000        0    4705.8540        2804.4939       0.59595853        14360.419        5952.4253        4061.1458        2761.0361        0.0000000    
  20     2000        0    4684.1851        2691.9587       0.57469100        14857.623        5826.5869        4081.3689        2869.2600        0.0000000    
  21     2000        0    4516.7397        2757.6033       0.61052960        15017.387        5540.4282        3879.1807        2719.5632        0.0000000    
  22     2000        0    4865.2109        2965.2998       0.60949051        19358.930        5929.8740        4039.3474        2931.0798        0.0000000    
  23     2000        0    4688.1265        2698.5288       0.57560921        14714.670        5885.8706        3997.2251        2804.6917        0.0000000    
  24     2000        0    4561.3823        2881.7878       0.63177949        18219.439        5545.6372        3849.2437        2672.1741        0.0000000    
  25     2000        0    5058.9414        3095.3425       0.61185575        19899.457        6268.6851        4227.8022        2919.8772        0.0000000    
  26     2000        0    4599.7090        2739.3181       0.59554160        14706.259        5713.2495        3877.1526        2728.6145        0.0000000    
  27     2000        0    4554.1768        2754.4351       0.60481519        18075.068        5675.4097        3895.4531        2666.3274        0.0000000    
  28     2000        0    4858.6748        2811.2493       0.57860410        14707.319        6210.9292        4102.9834        2783.6848        130.60425    
  29     2000        0    4656.9175        2862.0354       0.61457717        15464.387        5767.7900        3893.9314        2741.3560        46.718033    
  30     2000        0    4604.8945        2676.4395       0.58121628        14838.104        5885.4761        4003.7295        2707.1416        0.0000000    
  31     2000        0    4515.3413        2769.2805       0.61330479        19364.945        5536.3540        3860.7925        2693.1118        0.0000000    
  32     2000        0    4348.9854        2745.0725       0.63119841        15253.125        5474.7969        3728.6804        2514.0283        0.0000000    
  33     2000        0    4633.3291        2688.5918       0.58027214        15392.242        5689.2954        4066.3372        2766.0383        0.0000000    
  34     2000        0    4725.2715        2865.7207       0.60646689        16488.719        5925.9585        4058.9368        2762.1882        0.0000000    
  35     2000        0    4802.5210        2949.8723       0.61423409        15368.217        5982.4302        4060.5310        2735.2458        0.0000000    
  36     2000        0    4501.6265        2743.7842       0.60950947        14992.427        5685.5005        3897.1912        2612.8809        0.0000000    
  37     2000        0    4600.3706        3057.7373       0.66467196        19962.189        5526.4194        3783.6570        2624.5747        0.0000000    
  38     2000        0    4433.6084        2676.7546       0.60374182        15040.705        5544.9131        3837.7126        2647.8599        0.0000000    
  39     2000        0    4489.5874        2649.0503       0.59004313        14712.671        5519.1245        3772.1455        2742.8728        0.0000000    
  40     2000        0    4720.6255        2792.6028       0.59157473        16816.988        5921.4775        4063.7073        2852.3357        0.0000000    
  41     2000        0    4552.0586        2563.3862       0.56312680        15244.426        5552.8130        4035.6245        2802.0972        0.0000000    
  42     2000        0    4618.0850        2825.7935       0.61189723        15254.993        5680.3027        3936.3105        2729.6697        0.0000000    
  43     2000        0    4506.8555        2642.3948       0.58630562        16005.768        5474.0879        3860.5215        2770.6975        0.0000000    
  44     2000        0    4593.8418        2982.6621       0.64927399        16098.577        5860.5083        3978.7124        2508.5049        0.0000000    
  45     2000        0    4893.9185        2870.2307       0.58648926        15217.748        6212.4087        4211.2856        2863.2400        0.0000000    
  46     2000        0    4426.6421        2563.3286       0.57906836        15109.173        5443.8408        3855.2874        2693.3687        0.0000000    
  47     2000        0    4550.4165        2563.4304       0.56333971        15252.331        5529.0679        3981.6594        2819.6350        0.0000000    
  48     2000        0    4464.6211        2633.5903       0.58987993        14710.847        5518.8730        3828.5972        2687.4880        0.0000000    
  49     2000        0    4516.3398        2726.3474       0.60366303        14342.440        5678.8530        3811.8264        2625.1768        0.0000000    
  50     2000        0    4656.1680        2713.6565       0.58280897        17940.152        5585.5889        4042.1074        2851.8257        0.0000000    
  51     2000        0    4418.7998        2702.4387       0.61157757        14728.353        5421.5024        3768.0801        2624.5498        0.0000000    
  52     2000        0    4591.0913        2666.0840       0.58070809        14777.373        5685.3975        3898.3438        2759.3984        0.0000000    
  53     2000        0    4911.5249        2928.6309       0.59627730        16745.664        6250.2974        4115.6211        2859.7678        0.0000000    
  54     2000        0    4919.5781        2978.1367       0.60536426        18623.330        6163.3599        4144.8389        2855.3740        0.0000000    
  55     2000        0    4965.5972        2855.4949       0.57505566        14773.074        6262.5732        4199.8013        2953.2668        0.0000000    
  56     2000        0    4711.6494        2698.6621       0.57276374        14669.222        5717.0884        4009.7505        2901.2959        0.0000000    
  57     2000        0    4371.4634        2538.8994       0.58078933        14429.114        5519.9585        3894.0881        2625.9509        0.0000000    
  58     2000        0    4721.5791        2793.4548       0.59163570        14813.285        5851.1924        3982.8213        2784.8315        0.0000000    
  59     2000        0    4612.5557        2723.7415       0.59050590        15058.655        5675.4907        4008.3994        2812.8582        0.0000000    
  60     2000        0    5072.5620        2966.3586       0.58478504        18593.254        6619.8247        4364.5396        2952.2207        0.0000000    
  61     2000        0    4824.5317        2897.1074       0.60049504        18879.414        6034.1328        4106.5381        2830.4905        0.0000000    
  62     2000        0    4724.3887        2822.7832       0.59749174        14961.121        5752.2295        3984.9468        2768.4756        0.0000000    
  63     2000        0    4839.3740        3135.2292       0.64785844        19632.201        6099.9702        4118.7612        2734.9868        0.0000000    
  64     2000        0    4848.8296        2771.0420       0.57148677        14687.677        5986.5312        4148.4106        2959.6584        0.0000000    
  65     2000        0    4542.6836        2689.0513       0.59195215        17176.195        5558.1143        3878.9832        2738.0564        0.0000000    
  66     2000        0    4501.9810        2663.0366       0.59152550        19193.076        5575.7168        3978.8794        2664.0376        0.0000000    
  67     2000        0    4552.8560        2925.0010       0.64245409        15261.800        5661.0981        3770.5259        2589.4109        0.0000000    
  68     2000        0    4692.9976        2910.8047       0.62024426        16825.582        5919.1880        3942.9211        2664.3284        0.0000000    
  69     2000        0    4503.4771        3013.9536       0.66925037        19962.189        5532.8447        3796.0437        2486.9280        0.0000000    
  70     2000        0    4527.8125        2730.7268       0.60310072        14718.487        5550.6528        3902.0686        2707.9548        0.0000000    
  71     2000        0    4904.0728        3063.2659       0.62463713        15937.880        5865.9937        4109.5054        2891.3359        0.0000000    
  72     2000        0    4720.9131        3019.9636       0.63969910        19724.150        5818.4561        3872.1313        2726.7600        0.0000000    
  73     2000        0    4756.4370        2959.7991       0.62227231        15068.306        5688.1870        4008.1545        2795.0764        0.0000000    
  74     2000        0    4861.6577        2864.6899       0.58924139        14681.407        6193.8481        4212.4502        2864.8479        0.0000000    
  75     2000        0    4666.7290        2753.4758       0.59002262        15088.113        5688.4072        3985.6206        2770.0469        0.0000000    
  76     2000        0    4716.7725        2719.3613       0.57653010        15285.942        5853.4404        4200.3076        2905.7407        0.0000000    
  77     2000        0    5079.0918        3020.4744       0.59468788        16084.827        6231.1411        4243.5034        2968.6038        0.0000000    
  78     2000        0    4825.2500        3007.3748       0.62325782        17606.727        5883.1235        4117.2021        2839.9902        0.0000000    
  79     2000        0    4492.2476        2742.9136       0.61058825        16607.309        5536.1074        3813.8853        2619.8481        0.0000000    
  80     2000        0    4467.5327        2779.5615       0.62216926        17727.895        5433.0049        3831.6968        2644.8472        0.0000000    
  81     2000        0    4609.7632        2824.4634       0.61271334        15224.878        5618.5352        3863.0259        2748.5393        0.0000000    
  82     2000        0    4568.3765        2694.0310       0.58971298        14955.332        5700.6074        3897.2019        2755.6138        0.0000000    
  83     2000        0    4956.4927        2749.5864       0.55474436        15270.979        6196.8125        4229.7583        3107.0530        0.0000000    
  84     2000        0    4707.7554        2940.7622       0.62466335        18252.094        5858.8359        4007.5234        2742.0281        0.0000000    
  85     2000        0    4727.6943        2681.5786       0.56720644        15013.804        5956.5483        4210.8550        2816.8518        0.0000000    
  86     2000        0    4515.8076        2575.1606       0.57025468        18268.422        5548.1035        3860.5671        2770.4595        0.0000000    
  87     2000        0    4945.8018        2939.8411       0.59441143        16612.465        6154.4028        4168.5913        2805.2393        0.0000000    
  88     2000        0    4808.3569        2877.6309       0.59846449        19510.174        5884.4219        4126.6772        2860.3933        0.0000000    
  89     2000        0    4636.0249        2663.5732       0.57453817        14376.860        5697.9922        4022.7954        2802.3928        0.0000000    
  90     2000        0    4750.1050        2752.2600       0.57941031        14581.896        5830.1812        4125.2217        2859.6514        0.0000000    
  91     2000        0    4670.8408        2779.3677       0.59504652        18466.930        5858.8086        3980.6870        2760.8699        0.0000000    
  92     2000        0    4512.9883        2777.9553       0.61554676        16148.419        5387.4023        3835.4707        2716.8833        0.0000000    
  93     2000        0    4608.3975        2720.6272       0.59036297        16719.883        5667.8579        4034.4348        2770.6370        0.0000000    
  94     2000        0    4530.2983        2834.3955       0.62565315        15239.453        5592.7324        3849.5273        2606.0559        0.0000000    
  95     2000        0    4974.4243        3104.3018       0.62405246        19328.852        6165.3457        4126.9761        2851.7170        0.0000000    
  96     2000        0    4481.6025        2743.3875       0.61214429        17806.953        5481.2144        3806.4102        2687.8560        0.0000000    
  97     2000        0    4621.5190        2945.9561       0.63744324        18447.164        5682.5337        3934.7812        2663.7004        0.0000000    
  98     2000        0    4663.0063        2796.0510       0.59962416        18782.309        5675.9487        3963.3699        2768.4478        0.0000000    
  99     2000        0    4333.7007        2643.7295       0.61003965        19184.482        5256.9692        3689.7219        2653.0667        0.0000000    
 100     1590        0    4517.8892        2607.6794       0.57718974        15465.240        5544.2002        3890.8701        2742.3601        0.0000000    
